2014-07-28 17:59:33   内容：您好韩鑫林，您的1+2事业平台已经激活！	 
2014-07-28 18:04:55   内容：您好张晓霞，您的1+2事业平台已经激活！	 
2014-07-28 18:06:28   内容：您好左成吉，您的1+2事业平台已经激活！	 
2014-07-28 18:06:31   内容：您好吴林，您的1+2事业平台已经激活！	 
2014-07-28 18:07:07   内容：您好李波，您的1+2事业平台已经激活！	 
2014-07-28 18:07:09   内容：您好唐天川，您的1+2事业平台已经激活！	 
2014-07-28 18:07:12   内容：您好余方飞，您的1+2事业平台已经激活！	 
2014-07-28 18:07:15   内容：您好杨三红，您的1+2事业平台已经激活！	 
2014-07-28 18:07:17   内容：您好王杰，您的1+2事业平台已经激活！	 
2014-07-28 18:07:20   内容：您好梁龙超，您的1+2事业平台已经激活！	 
2014-07-28 18:07:23   内容：您好王焕胜，您的1+2事业平台已经激活！	 
2014-07-28 18:07:26   内容：您好马军军，您的1+2事业平台已经激活！	 
2014-07-28 18:07:29   内容：您好杨诗林，您的1+2事业平台已经激活！	 
2014-07-28 18:07:32   内容：您好顾建峰，您的1+2事业平台已经激活！	 
2014-07-28 18:07:34   内容：您好苗书合，您的1+2事业平台已经激活！	 
2014-07-28 18:07:37   内容：您好汪田侠，您的1+2事业平台已经激活！	 
2014-07-28 18:07:40   内容：您好王成文，您的1+2事业平台已经激活！	 
2014-07-28 18:07:43   内容：您好李方志，您的1+2事业平台已经激活！	 
2014-07-28 18:07:46   内容：您好陈双强，您的1+2事业平台已经激活！	 
2014-07-28 18:07:49   内容：您好许烺，您的1+2事业平台已经激活！	 
2014-07-28 18:07:52   内容：您好刘洋，您的1+2事业平台已经激活！	 
2014-07-28 18:07:56   内容：您好吕晓田，您的1+2事业平台已经激活！	 
2014-07-28 18:07:59   内容：您好周宗吉，您的1+2事业平台已经激活！	 
2014-07-28 18:08:03   内容：您好薛长路，您的1+2事业平台已经激活！	 
2014-07-28 18:08:06   内容：您好刘红坤，您的1+2事业平台已经激活！	 
2014-07-28 18:08:13   内容：您好李珍，您的1+2事业平台已经激活！	 
2014-07-28 18:08:16   内容：您好罗海妹，您的1+2事业平台已经激活！	 
2014-07-28 18:08:19   内容：您好周琴雨，您的1+2事业平台已经激活！	 
2014-07-28 18:08:23   内容：您好尹玲，您的1+2事业平台已经激活！	 
2014-07-28 18:08:33   内容：您好欧阳美琴，您的1+2事业平台已经激活！	 
2014-07-28 18:08:36   内容：您好李青松，您的1+2事业平台已经激活！	 
2014-07-28 18:08:39   内容：您好杨小宝，您的1+2事业平台已经激活！	 
2014-07-28 18:08:42   内容：您好方波，您的1+2事业平台已经激活！	 
2014-07-28 18:08:55   内容：您好翟翔，您的1+2事业平台已经激活！	 
2014-07-28 18:08:58   内容：您好肖驼驼，您的1+2事业平台已经激活！	 
2014-07-28 18:11:00   内容：您好任占立，您的1+2事业平台已经激活！	 
2014-07-28 18:11:05   内容：您好刘亚运，您的1+2事业平台已经激活！	 
2014-07-28 18:11:09   内容：您好杨书三，您的1+2事业平台已经激活！	 
2014-07-28 18:11:13   内容：您好胡西宾，您的1+2事业平台已经激活！	 
2014-07-28 18:11:17   内容：您好田阳，您的1+2事业平台已经激活！	 
2014-07-28 18:11:20   内容：您好阮晓明，您的1+2事业平台已经激活！	 
2014-07-28 18:11:20   内容：您好刑树伟，您的1+2事业平台已经激活！	 
2014-07-28 18:11:23   内容：您好李世伟，您的1+2事业平台已经激活！	 
2014-07-28 18:11:24   内容：您好崔国享，您的1+2事业平台已经激活！	 
2014-07-28 18:11:26   内容：您好齐立忠，您的1+2事业平台已经激活！	 
2014-07-28 18:11:29   内容：您好黄勇，您的1+2事业平台已经激活！	 
2014-07-28 18:11:30   内容：您好戴泽攀，您的1+2事业平台已经激活！	 
2014-07-28 18:11:33   内容：您好王文庆，您的1+2事业平台已经激活！	 
2014-07-28 18:11:34   内容：您好汪露兰，您的1+2事业平台已经激活！	 
2014-07-28 18:11:36   内容：您好唐涛，您的1+2事业平台已经激活！	 
2014-07-28 18:11:37   内容：您好于艳伟，您的1+2事业平台已经激活！	 
2014-07-28 18:11:40   内容：您好于硕，您的1+2事业平台已经激活！	 
2014-07-28 18:11:41   内容：您好夏敏瑞，您的1+2事业平台已经激活！	 
2014-07-28 18:11:43   内容：您好许斌，您的1+2事业平台已经激活！	 
2014-07-28 18:11:44   内容：您好崔家健，您的1+2事业平台已经激活！	 
2014-07-28 18:11:48   内容：您好崔玲瑶，您的1+2事业平台已经激活！	 
2014-07-28 18:11:51   内容：您好胡伟，您的1+2事业平台已经激活！	 
2014-07-28 18:11:53   内容：您好吴兰，您的1+2事业平台已经激活！	 
2014-07-28 18:11:56   内容：您好刘伟，您的1+2事业平台已经激活！	 
2014-07-28 18:11:58   内容：您好王传杰，您的1+2事业平台已经激活！	 
2014-07-28 18:12:01   内容：您好刘伟，您的1+2事业平台已经激活！	 
2014-07-28 18:12:03   内容：您好李鉴，您的1+2事业平台已经激活！	 
2014-07-28 18:12:06   内容：您好杨金科，您的1+2事业平台已经激活！	 
2014-07-28 18:12:08   内容：您好陶冬冬，您的1+2事业平台已经激活！	 
2014-07-28 18:12:12   内容：您好杨少华，您的1+2事业平台已经激活！	 
2014-07-28 18:12:14   内容：您好高永霞，您的1+2事业平台已经激活！	 
2014-07-28 18:12:17   内容：您好汪心胜，您的1+2事业平台已经激活！	 
2014-07-28 18:12:33   内容：您好程红，您的1+2事业平台已经激活！	 
2014-07-28 18:12:36   内容：您好许方安，您的1+2事业平台已经激活！	 
2014-07-28 18:12:40   内容：您好刘剑华，您的1+2事业平台已经激活！	 
2014-07-28 18:12:42   内容：您好程伟，您的1+2事业平台已经激活！	 
2014-07-28 18:12:45   内容：您好李杰，您的1+2事业平台已经激活！	 
2014-07-28 18:12:48   内容：您好袁盛厚，您的1+2事业平台已经激活！	 
2014-07-28 18:12:52   内容：您好张大荣，您的1+2事业平台已经激活！	 
2014-07-28 18:12:52   内容：您好徐伟，您的1+2事业平台已经激活！	 
2014-07-28 18:12:55   内容：您好杨倩，您的1+2事业平台已经激活！	 
2014-07-28 18:12:57   内容：您好张巧梅，您的1+2事业平台已经激活！	 
2014-07-28 18:12:58   内容：您好代诗亮，您的1+2事业平台已经激活！	 
2014-07-28 18:13:01   内容：您好王卢军，您的1+2事业平台已经激活！	 
2014-07-28 18:13:04   内容：您好桑士保，您的1+2事业平台已经激活！	 
2014-07-28 18:13:09   内容：您好吴红阳，您的1+2事业平台已经激活！	 
2014-07-28 18:13:13   内容：您好章维先，您的1+2事业平台已经激活！	 
2014-07-28 18:13:16   内容：您好戴隆涛，您的1+2事业平台已经激活！	 
2014-07-28 18:13:17   内容：您好张巧梅，您的1+2事业平台已经激活！	 
2014-07-28 18:13:19   内容：您好康磊，您的1+2事业平台已经激活！	 
2014-07-28 18:13:20   内容：您好施文，您的1+2事业平台已经激活！	 
2014-07-28 18:13:23   内容：您好吴春阳，您的1+2事业平台已经激活！	 
2014-07-28 18:13:23   内容：您好史学静，您的1+2事业平台已经激活！	 
2014-07-28 18:13:25   内容：您好于洋，您的1+2事业平台已经激活！	 
2014-07-28 18:13:26   内容：您好段元祥，您的1+2事业平台已经激活！	 
2014-07-28 18:13:28   内容：您好李函，您的1+2事业平台已经激活！	 
2014-07-28 18:13:29   内容：您好程志祥，您的1+2事业平台已经激活！	 
2014-07-28 18:13:31   内容：您好汪悦，您的1+2事业平台已经激活！	 
2014-07-28 18:13:32   内容：您好胡庆亮，您的1+2事业平台已经激活！	 
2014-07-28 18:13:33   内容：您好武荣芬，您的1+2事业平台已经激活！	 
2014-07-28 18:13:35   内容：您好潘艳，您的1+2事业平台已经激活！	 
2014-07-28 18:13:36   内容：您好陈和山，您的1+2事业平台已经激活！	 
2014-07-28 18:13:38   内容：您好张光明，您的1+2事业平台已经激活！	 
2014-07-28 18:13:38   内容：您好刘凯，您的1+2事业平台已经激活！	 
2014-07-28 18:13:41   内容：您好郭万胜，您的1+2事业平台已经激活！	 
2014-07-28 18:13:41   内容：您好杨俊杰，您的1+2事业平台已经激活！	 
2014-07-28 18:13:43   内容：您好杨雷，您的1+2事业平台已经激活！	 
2014-07-28 18:13:46   内容：您好汪芳燕，您的1+2事业平台已经激活！	 
2014-07-28 18:13:46   内容：您好陈春雷，您的1+2事业平台已经激活！	 
2014-07-28 18:13:48   内容：您好罗建召，您的1+2事业平台已经激活！	 
2014-07-28 18:13:50   内容：您好陈星，您的1+2事业平台已经激活！	 
2014-07-28 18:13:51   内容：您好蒋敏慧，您的1+2事业平台已经激活！	 
2014-07-28 18:13:54   内容：您好司时雨，您的1+2事业平台已经激活！	 
2014-07-28 18:13:58   内容：您好胡瑞祥，您的1+2事业平台已经激活！	 
2014-07-28 18:14:01   内容：您好莫玉鑫，您的1+2事业平台已经激活！	 
2014-07-28 18:14:02   内容：您好陈刘集，您的1+2事业平台已经激活！	 
2014-07-28 18:14:04   内容：您好易非，您的1+2事业平台已经激活！	 
2014-07-28 18:14:08   内容：您好黎勇，您的1+2事业平台已经激活！	 
2014-07-28 18:14:12   内容：您好王和勇，您的1+2事业平台已经激活！	 
2014-07-28 18:14:13   内容：您好吴保文，您的1+2事业平台已经激活！	 
2014-07-28 18:14:16   内容：您好潘燕，您的1+2事业平台已经激活！	 
2014-07-28 18:14:17   内容：您好曹婷婷，您的1+2事业平台已经激活！	 
2014-07-28 18:14:19   内容：您好汪昊，您的1+2事业平台已经激活！	 
2014-07-28 18:14:20   内容：您好许涛，您的1+2事业平台已经激活！	 
2014-07-28 18:14:23   内容：您好赵毛毛，您的1+2事业平台已经激活！	 
2014-07-28 18:14:24   内容：您好施波，您的1+2事业平台已经激活！	 
2014-07-28 18:14:28   内容：您好刘宁，您的1+2事业平台已经激活！	 
2014-07-28 18:14:29   内容：您好胡正超，您的1+2事业平台已经激活！	 
2014-07-28 18:14:31   内容：您好姚晓云，您的1+2事业平台已经激活！	 
2014-07-28 18:14:31   内容：您好朱建民，您的1+2事业平台已经激活！	 
2014-07-28 18:14:34   内容：您好崔荣荣，您的1+2事业平台已经激活！	 
2014-07-28 18:14:36   内容：您好王俊，您的1+2事业平台已经激活！	 
2014-07-28 18:14:38   内容：您好潘金林，您的1+2事业平台已经激活！	 
2014-07-28 18:14:42   内容：您好万程悦，您的1+2事业平台已经激活！	 
2014-07-28 18:14:44   内容：您好王显海，您的1+2事业平台已经激活！	 
2014-07-28 18:14:45   内容：您好程安，您的1+2事业平台已经激活！	 
2014-07-28 18:14:47   内容：您好谢前飞，您的1+2事业平台已经激活！	 
2014-07-28 18:14:49   内容：您好邵朋，您的1+2事业平台已经激活！	 
2014-07-28 18:14:51   内容：您好单习辉，您的1+2事业平台已经激活！	 
2014-07-28 18:14:51   内容：您好季信，您的1+2事业平台已经激活！	 
2014-07-28 18:14:54   内容：您好张钊，您的1+2事业平台已经激活！	 
2014-07-28 18:14:55   内容：您好王孝伟，您的1+2事业平台已经激活！	 
2014-07-28 18:14:57   内容：您好王丽华，您的1+2事业平台已经激活！	 
2014-07-28 18:14:58   内容：您好许强，您的1+2事业平台已经激活！	 
2014-07-28 18:15:01   内容：您好王九胜，您的1+2事业平台已经激活！	 
2014-07-28 18:15:01   内容：您好任静，您的1+2事业平台已经激活！	 
2014-07-28 18:15:04   内容：您好余亚兵，您的1+2事业平台已经激活！	 
2014-07-28 18:15:06   内容：您好王运运，您的1+2事业平台已经激活！	 
2014-07-28 18:15:07   内容：您好舒明，您的1+2事业平台已经激活！	 
2014-07-28 18:15:10   内容：您好侯浩天，您的1+2事业平台已经激活！	 
2014-07-28 18:15:10   内容：您好赵浩，您的1+2事业平台已经激活！	 
2014-07-28 18:15:13   内容：您好姚永友，您的1+2事业平台已经激活！	 
2014-07-28 18:15:13   内容：您好李伟，您的1+2事业平台已经激活！	 
2014-07-28 18:15:18   内容：您好李娜，您的1+2事业平台已经激活！	 
2014-07-28 18:15:19   内容：您好陈状，您的1+2事业平台已经激活！	 
2014-07-28 18:15:21   内容：您好张群，您的1+2事业平台已经激活！	 
2014-07-28 18:15:25   内容：您好陈静静，您的1+2事业平台已经激活！	 
2014-07-28 18:15:26   内容：您好李秀秀，您的1+2事业平台已经激活！	 
2014-07-28 18:15:28   内容：您好杨磊，您的1+2事业平台已经激活！	 
2014-07-28 18:15:30   内容：您好李秀秀，您的1+2事业平台已经激活！	 
2014-07-28 18:15:31   内容：您好田国文，您的1+2事业平台已经激活！	 
2014-07-28 18:15:32   内容：您好钱叶茂，您的1+2事业平台已经激活！	 
2014-07-28 18:15:33   内容：您好钱志鹏，您的1+2事业平台已经激活！	 
2014-07-28 18:15:35   内容：您好操星星，您的1+2事业平台已经激活！	 
2014-07-28 18:15:35   内容：您好左俊，您的1+2事业平台已经激活！	 
2014-07-28 18:15:37   内容：您好孙淼，您的1+2事业平台已经激活！	 
2014-07-28 18:15:38   内容：您好刘春，您的1+2事业平台已经激活！	 
2014-07-28 18:15:42   内容：您好王恒，您的1+2事业平台已经激活！	 
2014-07-28 18:15:44   内容：您好张傅，您的1+2事业平台已经激活！	 
2014-07-28 18:15:46   内容：您好武飞，您的1+2事业平台已经激活！	 
2014-07-28 18:15:49   内容：您好边雪雨，您的1+2事业平台已经激活！	 
2014-07-28 18:15:52   内容：您好詹新月，您的1+2事业平台已经激活！	 
2014-07-28 18:15:55   内容：您好苏俊鹏，您的1+2事业平台已经激活！	 
2014-07-28 18:15:58   内容：您好朱御意，您的1+2事业平台已经激活！	 
2014-07-28 18:16:00   内容：您好金瑞雪，您的1+2事业平台已经激活！	 
2014-07-28 18:16:01   内容：您好周亮，您的1+2事业平台已经激活！	 
2014-07-28 18:16:03   内容：您好朱胜，您的1+2事业平台已经激活！	 
2014-07-28 18:16:05   内容：您好陈浩，您的1+2事业平台已经激活！	 
2014-07-28 18:16:06   内容：您好裴牛牛，您的1+2事业平台已经激活！	 
2014-07-28 18:16:08   内容：您好孙志慧，您的1+2事业平台已经激活！	 
2014-07-28 18:16:10   内容：您好王龙，您的1+2事业平台已经激活！	 
2014-07-28 18:16:11   内容：您好闪郑，您的1+2事业平台已经激活！	 
2014-07-28 18:16:12   内容：您好朱强，您的1+2事业平台已经激活！	 
2014-07-28 18:16:13   内容：您好王亚楠，您的1+2事业平台已经激活！	 
2014-07-28 18:16:15   内容：您好徐青青，您的1+2事业平台已经激活！	 
2014-07-28 18:16:16   内容：您好储启副，您的1+2事业平台已经激活！	 
2014-07-28 18:16:18   内容：您好吴豪，您的1+2事业平台已经激活！	 
2014-07-28 18:16:19   内容：您好司武剑，您的1+2事业平台已经激活！	 
2014-07-28 18:16:21   内容：您好周春祥，您的1+2事业平台已经激活！	 
2014-07-28 18:16:21   内容：您好张应潇，您的1+2事业平台已经激活！	 
2014-07-28 18:16:23   内容：您好何永胜，您的1+2事业平台已经激活！	 
2014-07-28 18:16:23   内容：您好汪后裕，您的1+2事业平台已经激活！	 
2014-07-28 18:16:26   内容：您好米杰，您的1+2事业平台已经激活！	 
2014-07-28 18:16:26   内容：您好陈健，您的1+2事业平台已经激活！	 
2014-07-28 18:16:28   内容：您好胡灏，您的1+2事业平台已经激活！	 
2014-07-28 18:16:30   内容：您好吴秀杰，您的1+2事业平台已经激活！	 
2014-07-28 18:16:31   内容：您好蒋玉春，您的1+2事业平台已经激活！	 
2014-07-28 18:16:32   内容：您好赵畅，您的1+2事业平台已经激活！	 
2014-07-28 18:16:34   内容：您好彭少猛，您的1+2事业平台已经激活！	 
2014-07-28 18:16:36   内容：您好王中玉，您的1+2事业平台已经激活！	 
2014-07-28 18:16:41   内容：您好陈松松，您的1+2事业平台已经激活！	 
2014-07-28 18:16:44   内容：您好刘昆，您的1+2事业平台已经激活！	 
2014-07-28 18:16:47   内容：您好金春节，您的1+2事业平台已经激活！	 
2014-07-28 18:16:50   内容：您好金然，您的1+2事业平台已经激活！	 
2014-07-28 18:16:51   内容：您好梁丹丹，您的1+2事业平台已经激活！	 
2014-07-28 18:16:53   内容：您好陈威，您的1+2事业平台已经激活！	 
2014-07-28 18:16:53   内容：您好丁志豪，您的1+2事业平台已经激活！	 
2014-07-28 18:16:56   内容：您好赵曼，您的1+2事业平台已经激活！	 
2014-07-28 18:16:58   内容：您好桂广烈，您的1+2事业平台已经激活！	 
2014-07-28 18:16:59   内容：您好盛月月，您的1+2事业平台已经激活！	 
2014-07-28 18:17:01   内容：您好李菲，您的1+2事业平台已经激活！	 
2014-07-28 18:17:01   内容：您好汤博杰，您的1+2事业平台已经激活！	 
2014-07-28 18:17:04   内容：您好高立明，您的1+2事业平台已经激活！	 
2014-07-28 18:17:06   内容：您好靳矿，您的1+2事业平台已经激活！	 
2014-07-28 18:17:08   内容：您好杨博，您的1+2事业平台已经激活！	 
2014-07-28 18:17:08   内容：您好车海知，您的1+2事业平台已经激活！	 
2014-07-28 18:17:11   内容：您好孙悦，您的1+2事业平台已经激活！	 
2014-07-28 18:17:13   内容：您好董保安，您的1+2事业平台已经激活！	 
2014-07-28 18:17:13   内容：您好石秀利，您的1+2事业平台已经激活！	 
2014-07-28 18:17:15   内容：您好余刚，您的1+2事业平台已经激活！	 
2014-07-28 18:17:16   内容：您好王韩，您的1+2事业平台已经激活！	 
2014-07-28 18:17:18   内容：您好吕游，您的1+2事业平台已经激活！	 
2014-07-28 18:17:19   内容：您好尔古木且，您的1+2事业平台已经激活！	 
2014-07-28 18:17:21   内容：您好汝勇，您的1+2事业平台已经激活！	 
2014-07-28 18:17:22   内容：您好王亚茹，您的1+2事业平台已经激活！	 
2014-07-28 18:17:24   内容：您好储灿，您的1+2事业平台已经激活！	 
2014-07-28 18:17:25   内容：您好丁美容，您的1+2事业平台已经激活！	 
2014-07-28 18:17:26   内容：您好陈连奎，您的1+2事业平台已经激活！	 
2014-07-28 18:17:28   内容：您好米娇，您的1+2事业平台已经激活！	 
2014-07-28 18:17:30   内容：您好李杰，您的1+2事业平台已经激活！	 
2014-07-28 18:17:32   内容：您好李元胜，您的1+2事业平台已经激活！	 
2014-07-28 18:17:35   内容：您好张海生，您的1+2事业平台已经激活！	 
2014-07-28 18:17:39   内容：您好王聪，您的1+2事业平台已经激活！	 
2014-07-28 18:17:42   内容：您好葛青青，您的1+2事业平台已经激活！	 
2014-07-28 18:17:42   内容：您好李亮亮，您的1+2事业平台已经激活！	 
2014-07-28 18:17:45   内容：您好徐苗苗，您的1+2事业平台已经激活！	 
2014-07-28 18:17:45   内容：您好完世东，您的1+2事业平台已经激活！	 
2014-07-28 18:17:47   内容：您好范良鹏，您的1+2事业平台已经激活！	 
2014-07-28 18:17:48   内容：您好潘金伟，您的1+2事业平台已经激活！	 
2014-07-28 18:17:50   内容：您好张媛媛，您的1+2事业平台已经激活！	 
2014-07-28 18:17:51   内容：您好陈朝正，您的1+2事业平台已经激活！	 
2014-07-28 18:17:53   内容：您好谢云，您的1+2事业平台已经激活！	 
2014-07-28 18:17:53   内容：您好吴洪印，您的1+2事业平台已经激活！	 
2014-07-28 18:17:56   内容：您好李欣，您的1+2事业平台已经激活！	 
2014-07-28 18:17:56   内容：您好谢天明，您的1+2事业平台已经激活！	 
2014-07-28 18:17:58   内容：您好汤海波，您的1+2事业平台已经激活！	 
2014-07-28 18:17:59   内容：您好徐世旭，您的1+2事业平台已经激活！	 
2014-07-28 18:18:01   内容：您好谢晨晨，您的1+2事业平台已经激活！	 
2014-07-28 18:18:01   内容：您好王璐，您的1+2事业平台已经激活！	 
2014-07-28 18:18:04   内容：您好盛世军，您的1+2事业平台已经激活！	 
2014-07-28 18:18:06   内容：您好李紫君，您的1+2事业平台已经激活！	 
2014-07-28 18:18:06   内容：您好陈进，您的1+2事业平台已经激活！	 
2014-07-28 18:18:09   内容：您好刘亚慧，您的1+2事业平台已经激活！	 
2014-07-28 18:18:09   内容：您好陈文强，您的1+2事业平台已经激活！	 
2014-07-28 18:18:11   内容：您好夏鹏飞，您的1+2事业平台已经激活！	 
2014-07-28 18:18:12   内容：您好张松柏，您的1+2事业平台已经激活！	 
2014-07-28 18:18:14   内容：您好樊高倩，您的1+2事业平台已经激活！	 
2014-07-28 18:18:14   内容：您好程世伟，您的1+2事业平台已经激活！	 
2014-07-28 18:18:17   内容：您好何鹏飞，您的1+2事业平台已经激活！	 
2014-07-28 18:18:18   内容：您好王平，您的1+2事业平台已经激活！	 
2014-07-28 18:18:20   内容：您好许文祥，您的1+2事业平台已经激活！	 
2014-07-28 18:18:22   内容：您好张志伟，您的1+2事业平台已经激活！	 
2014-07-28 18:18:22   内容：您好韦一鸣，您的1+2事业平台已经激活！	 
2014-07-28 18:18:25   内容：您好段斌斌，您的1+2事业平台已经激活！	 
2014-07-28 18:18:25   内容：您好陈波，您的1+2事业平台已经激活！	 
2014-07-28 18:18:28   内容：您好仇保敏，您的1+2事业平台已经激活！	 
2014-07-28 18:18:29   内容：您好周宁，您的1+2事业平台已经激活！	 
2014-07-28 18:18:31   内容：您好杨海生，您的1+2事业平台已经激活！	 
2014-07-28 18:18:31   内容：您好宋亮，您的1+2事业平台已经激活！	 
2014-07-28 18:18:33   内容：您好潘国春，您的1+2事业平台已经激活！	 
2014-07-28 18:18:37   内容：您好韩文安，您的1+2事业平台已经激活！	 
2014-07-28 18:18:42   内容：您好叶静文，您的1+2事业平台已经激活！	 
2014-07-28 18:18:47   内容：您好吴超，您的1+2事业平台已经激活！	 
2014-07-28 18:18:49   内容：您好倪俊，您的1+2事业平台已经激活！	 
2014-07-28 18:18:53   内容：您好王威，您的1+2事业平台已经激活！	 
2014-07-28 18:18:55   内容：您好肖博，您的1+2事业平台已经激活！	 
2014-07-28 18:18:58   内容：您好尹可乐，您的1+2事业平台已经激活！	 
2014-07-28 18:19:00   内容：您好沈勇，您的1+2事业平台已经激活！	 
2014-07-28 18:19:03   内容：您好丁云南，您的1+2事业平台已经激活！	 
2014-07-28 18:19:04   内容：您好童文超，您的1+2事业平台已经激活！	 
2014-07-28 18:19:05   内容：您好魏迎冬，您的1+2事业平台已经激活！	 
2014-07-28 18:19:07   内容：您好陈冉冉，您的1+2事业平台已经激活！	 
2014-07-28 18:19:08   内容：您好李慧敏，您的1+2事业平台已经激活！	 
2014-07-28 18:19:10   内容：您好刘敏，您的1+2事业平台已经激活！	 
2014-07-28 18:19:11   内容：您好李倩倩，您的1+2事业平台已经激活！	 
2014-07-28 18:19:13   内容：您好吴家慧，您的1+2事业平台已经激活！	 
2014-07-28 18:19:14   内容：您好黄丹，您的1+2事业平台已经激活！	 
2014-07-28 18:19:17   内容：您好刘晶，您的1+2事业平台已经激活！	 
2014-07-28 18:19:20   内容：您好徐鹏伟，您的1+2事业平台已经激活！	 
2014-07-28 18:19:23   内容：您好陈洁，您的1+2事业平台已经激活！	 
2014-07-28 18:19:25   内容：您好周斌，您的1+2事业平台已经激活！	 
2014-07-28 18:19:26   内容：您好柏茹茹，您的1+2事业平台已经激活！	 
2014-07-28 18:19:28   内容：您好茆诚，您的1+2事业平台已经激活！	 
2014-07-28 18:19:29   内容：您好查鹏飞，您的1+2事业平台已经激活！	 
2014-07-28 18:19:30   内容：您好胡森茂，您的1+2事业平台已经激活！	 
2014-07-28 18:19:33   内容：您好董杰，您的1+2事业平台已经激活！	 
2014-07-28 18:19:33   内容：您好夏光庆，您的1+2事业平台已经激活！	 
2014-07-28 18:19:35   内容：您好陶大强，您的1+2事业平台已经激活！	 
2014-07-28 18:19:37   内容：您好丁姗，您的1+2事业平台已经激活！	 
2014-07-28 18:19:44   内容：您好杨德林，您的1+2事业平台已经激活！	 
2014-07-28 18:19:47   内容：您好梁九菊，您的1+2事业平台已经激活！	 
2014-07-28 18:19:50   内容：您好吴海翔，您的1+2事业平台已经激活！	 
2014-07-28 18:19:52   内容：您好赵俊，您的1+2事业平台已经激活！	 
2014-07-28 18:19:53   内容：您好汪小锋，您的1+2事业平台已经激活！	 
2014-07-28 18:19:55   内容：您好吴延狼，您的1+2事业平台已经激活！	 
2014-07-28 18:19:55   内容：您好郑婷婷，您的1+2事业平台已经激活！	 
2014-07-28 18:19:59   内容：您好何瑞，您的1+2事业平台已经激活！	 
2014-07-28 18:19:59   内容：您好翟伦文，您的1+2事业平台已经激活！	 
2014-07-28 18:20:02   内容：您好谷飞，您的1+2事业平台已经激活！	 
2014-07-28 18:20:03   内容：您好何瑞，您的1+2事业平台已经激活！	 
2014-07-28 18:20:04   内容：您好钟海波，您的1+2事业平台已经激活！	 
2014-07-28 18:20:06   内容：您好殷朗，您的1+2事业平台已经激活！	 
2014-07-28 18:20:07   内容：您好朱红云，您的1+2事业平台已经激活！	 
2014-07-28 18:20:10   内容：您好李华伟，您的1+2事业平台已经激活！	 
2014-07-28 18:20:10   内容：您好夏美丽，您的1+2事业平台已经激活！	 
2014-07-28 18:20:12   内容：您好王琰，您的1+2事业平台已经激活！	 
2014-07-28 18:20:13   内容：您好何伟，您的1+2事业平台已经激活！	 
2014-07-28 18:20:15   内容：您好秦学杰，您的1+2事业平台已经激活！	 
2014-07-28 18:20:16   内容：您好陈苗苗，您的1+2事业平台已经激活！	 
2014-07-28 18:20:18   内容：您好向英飞，您的1+2事业平台已经激活！	 
2014-07-28 18:20:19   内容：您好戴欢欢，您的1+2事业平台已经激活！	 
2014-07-28 18:20:21   内容：您好崔苏芳，您的1+2事业平台已经激活！	 
2014-07-28 18:20:22   内容：您好方伟，您的1+2事业平台已经激活！	 
2014-07-28 18:20:23   内容：您好王立伟，您的1+2事业平台已经激活！	 
2014-07-28 18:20:25   内容：您好孙海峰，您的1+2事业平台已经激活！	 
2014-07-28 18:20:30   内容：您好汪思明，您的1+2事业平台已经激活！	 
2014-07-28 18:20:30   内容：您好余静，您的1+2事业平台已经激活！	 
2014-07-28 18:20:33   内容：您好潘书琴，您的1+2事业平台已经激活！	 
2014-07-28 18:20:35   内容：您好鲍远焕，您的1+2事业平台已经激活！	 
2014-07-28 18:20:36   内容：您好韦丽丽，您的1+2事业平台已经激活！	 
2014-07-28 18:20:37   内容：您好尚直家，您的1+2事业平台已经激活！	 
2014-07-28 18:20:39   内容：您好谢荣祥，您的1+2事业平台已经激活！	 
2014-07-28 18:20:39   内容：您好陈诚，您的1+2事业平台已经激活！	 
2014-07-28 18:20:41   内容：您好沈宏涛，您的1+2事业平台已经激活！	 
2014-07-28 18:20:43   内容：您好李龙，您的1+2事业平台已经激活！	 
2014-07-28 18:20:44   内容：您好周超，您的1+2事业平台已经激活！	 
2014-07-28 18:20:46   内容：您好谢晓杨，您的1+2事业平台已经激活！	 
2014-07-28 18:20:47   内容：您好桂文慧，您的1+2事业平台已经激活！	 
2014-07-28 18:20:49   内容：您好李尧，您的1+2事业平台已经激活！	 
2014-07-28 18:20:50   内容：您好颜晓媛，您的1+2事业平台已经激活！	 
2014-07-28 18:20:52   内容：您好程小华，您的1+2事业平台已经激活！	 
2014-07-28 18:20:52   内容：您好付东方，您的1+2事业平台已经激活！	 
2014-07-28 18:20:55   内容：您好张光辉，您的1+2事业平台已经激活！	 
2014-07-28 18:20:55   内容：您好杨靖，您的1+2事业平台已经激活！	 
2014-07-28 18:20:57   内容：您好付仲军，您的1+2事业平台已经激活！	 
2014-07-28 18:20:57   内容：您好李聪，您的1+2事业平台已经激活！	 
2014-07-28 18:21:00   内容：您好锐垚，您的1+2事业平台已经激活！	 
2014-07-28 18:21:00   内容：您好王梦洁，您的1+2事业平台已经激活！	 
2014-07-28 18:21:02   内容：您好王衔，您的1+2事业平台已经激活！	 
2014-07-28 18:21:03   内容：您好朱珊珊，您的1+2事业平台已经激活！	 
2014-07-28 18:21:05   内容：您好卢国栋，您的1+2事业平台已经激活！	 
2014-07-28 18:21:05   内容：您好凌磊，您的1+2事业平台已经激活！	 
2014-07-28 18:21:07   内容：您好周义劲，您的1+2事业平台已经激活！	 
2014-07-28 18:21:08   内容：您好王亮，您的1+2事业平台已经激活！	 
2014-07-28 18:21:10   内容：您好王磊，您的1+2事业平台已经激活！	 
2014-07-28 18:21:13   内容：您好王鹏，您的1+2事业平台已经激活！	 
2014-07-28 18:21:15   内容：您好徐健，您的1+2事业平台已经激活！	 
2014-07-28 18:21:18   内容：您好王堤，您的1+2事业平台已经激活！	 
2014-07-28 18:21:20   内容：您好马欣，您的1+2事业平台已经激活！	 
2014-07-28 18:21:23   内容：您好王雨，您的1+2事业平台已经激活！	 
2014-07-28 18:21:26   内容：您好储诗煜，您的1+2事业平台已经激活！	 
2014-07-28 18:21:32   内容：您好殷伟，您的1+2事业平台已经激活！	 
2014-07-28 18:21:35   内容：您好姚如意，您的1+2事业平台已经激活！	 
2014-07-28 18:21:37   内容：您好许俊杰，您的1+2事业平台已经激活！	 
2014-07-28 18:21:41   内容：您好董徳川，您的1+2事业平台已经激活！	 
2014-07-28 18:21:44   内容：您好郑超阳，您的1+2事业平台已经激活！	 
2014-07-28 18:21:48   内容：您好黄勇，您的1+2事业平台已经激活！	 
2014-07-28 18:21:50   内容：您好李梦园，您的1+2事业平台已经激活！	 
2014-07-28 18:21:52   内容：您好沈孟飞，您的1+2事业平台已经激活！	 
2014-07-28 18:21:55   内容：您好储金海，您的1+2事业平台已经激活！	 
2014-07-28 18:21:58   内容：您好何心雨，您的1+2事业平台已经激活！	 
2014-07-28 18:22:01   内容：您好李超，您的1+2事业平台已经激活！	 
2014-07-28 18:22:03   内容：您好邵二东，您的1+2事业平台已经激活！	 
2014-07-28 18:22:06   内容：您好陶静，您的1+2事业平台已经激活！	 
2014-07-28 18:22:09   内容：您好范续刚，您的1+2事业平台已经激活！	 
2014-07-28 18:22:11   内容：您好袁帅，您的1+2事业平台已经激活！	 
2014-07-28 18:22:14   内容：您好汤向东，您的1+2事业平台已经激活！	 
2014-07-28 18:22:16   内容：您好孙俊华，您的1+2事业平台已经激活！	 
2014-07-28 18:22:20   内容：您好张学涛，您的1+2事业平台已经激活！	 
2014-07-28 18:22:23   内容：您好李文彪，您的1+2事业平台已经激活！	 
2014-07-28 18:22:26   内容：您好梁攀登，您的1+2事业平台已经激活！	 
2014-07-28 18:22:29   内容：您好陈思玉，您的1+2事业平台已经激活！	 
2014-07-28 18:22:32   内容：您好张小伟，您的1+2事业平台已经激活！	 
2014-07-28 18:22:33   内容：您好王鹏，您的1+2事业平台已经激活！	 
2014-07-28 18:22:35   内容：您好方谨，您的1+2事业平台已经激活！	 
2014-07-28 18:22:38   内容：您好方谨，您的1+2事业平台已经激活！	 
2014-07-28 18:22:41   内容：您好刘兵，您的1+2事业平台已经激活！	 
2014-07-28 18:22:43   内容：您好成雅俊，您的1+2事业平台已经激活！	 
2014-07-28 18:22:43   内容：您好侯鹏，您的1+2事业平台已经激活！	 
2014-07-28 18:22:46   内容：您好王辉，您的1+2事业平台已经激活！	 
2014-07-28 18:22:48   内容：您好刘兵，您的1+2事业平台已经激活！	 
2014-07-28 18:22:49   内容：您好陈晶晶，您的1+2事业平台已经激活！	 
2014-07-28 18:22:53   内容：您好张陈，您的1+2事业平台已经激活！	 
2014-07-28 18:22:55   内容：您好黄兵兵，您的1+2事业平台已经激活！	 
2014-07-28 18:22:56   内容：您好李娟，您的1+2事业平台已经激活！	 
2014-07-28 18:22:59   内容：您好杨庆剑，您的1+2事业平台已经激活！	 
2014-07-28 18:22:59   内容：您好陈会玲，您的1+2事业平台已经激活！	 
2014-07-28 18:23:02   内容：您好黄兵兵，您的1+2事业平台已经激活！	 
2014-07-28 18:23:03   内容：您好王军，您的1+2事业平台已经激活！	 
2014-07-28 18:23:04   内容：您好石浩，您的1+2事业平台已经激活！	 
2014-07-28 18:23:05   内容：您好石浩，您的1+2事业平台已经激活！	 
2014-07-28 18:23:07   内容：您好王鹏飞，您的1+2事业平台已经激活！	 
2014-07-28 18:23:09   内容：您好王鹏飞，您的1+2事业平台已经激活！	 
2014-07-28 18:23:10   内容：您好郭林，您的1+2事业平台已经激活！	 
2014-07-28 18:23:10   内容：您好宫传金，您的1+2事业平台已经激活！	 
2014-07-28 18:23:12   内容：您好胡俊，您的1+2事业平台已经激活！	 
2014-07-28 18:23:13   内容：您好程贤舜，您的1+2事业平台已经激活！	 
2014-07-28 18:23:15   内容：您好许童，您的1+2事业平台已经激活！	 
2014-07-28 18:23:17   内容：您好王思元，您的1+2事业平台已经激活！	 
2014-07-28 18:23:17   内容：您好王昆昆，您的1+2事业平台已经激活！	 
2014-07-28 18:23:19   内容：您好薛建朋，您的1+2事业平台已经激活！	 
2014-07-28 18:23:21   内容：您好赵冬冬，您的1+2事业平台已经激活！	 
2014-07-28 18:23:21   内容：您好薛建朋，您的1+2事业平台已经激活！	 
2014-07-28 18:23:22   内容：您好覃绍瑶，您的1+2事业平台已经激活！	 
2014-07-28 18:23:25   内容：您好郭东东，您的1+2事业平台已经激活！	 
2014-07-28 18:23:25   内容：您好张杰，您的1+2事业平台已经激活！	 
2014-07-28 18:23:27   内容：您好郭东东，您的1+2事业平台已经激活！	 
2014-07-28 18:23:28   内容：您好姚海丰，您的1+2事业平台已经激活！	 
2014-07-28 18:23:28   内容：您好肖锦，您的1+2事业平台已经激活！	 
2014-07-28 18:23:30   内容：您好胡鑫，您的1+2事业平台已经激活！	 
2014-07-28 18:23:31   内容：您好胡鑫，您的1+2事业平台已经激活！	 
2014-07-28 18:23:32   内容：您好晋光茂，您的1+2事业平台已经激活！	 
2014-07-28 18:23:33   内容：您好杨少鹏，您的1+2事业平台已经激活！	 
2014-07-28 18:23:34   内容：您好杨少鹏，您的1+2事业平台已经激活！	 
2014-07-28 18:23:35   内容：您好程玉黄，您的1+2事业平台已经激活！	 
2014-07-28 18:23:39   内容：您好张珊珊，您的1+2事业平台已经激活！	 
2014-07-28 18:23:41   内容：您好张珊珊，您的1+2事业平台已经激活！	 
2014-07-28 18:23:42   内容：您好廖德和，您的1+2事业平台已经激活！	 
2014-07-28 18:23:46   内容：您好汤少鹏，您的1+2事业平台已经激活！	 
2014-07-28 18:23:49   内容：您好刘海霞，您的1+2事业平台已经激活！	 
2014-07-28 18:23:49   内容：您好王鼎，您的1+2事业平台已经激活！	 
2014-07-28 18:23:51   内容：您好解修敏，您的1+2事业平台已经激活！	 
2014-07-28 18:23:52   内容：您好赵培林，您的1+2事业平台已经激活！	 
2014-07-28 18:23:54   内容：您好刘晓晓，您的1+2事业平台已经激活！	 
2014-07-28 18:23:55   内容：您好刘晓晓，您的1+2事业平台已经激活！	 
2014-07-28 18:23:56   内容：您好林汗青，您的1+2事业平台已经激活！	 
2014-07-28 18:23:57   内容：您好郑立海，您的1+2事业平台已经激活！	 
2014-07-28 18:23:58   内容：您好郑立海，您的1+2事业平台已经激活！	 
2014-07-28 18:23:59   内容：您好张雅婷，您的1+2事业平台已经激活！	 
2014-07-28 18:23:59   内容：您好范礼智，您的1+2事业平台已经激活！	 
2014-07-28 18:24:02   内容：您好朱云丽，您的1+2事业平台已经激活！	 
2014-07-28 18:24:02   内容：您好许露茜，您的1+2事业平台已经激活！	 
2014-07-28 18:24:04   内容：您好张桃，您的1+2事业平台已经激活！	 
2014-07-28 18:24:04   内容：您好袁伟健，您的1+2事业平台已经激活！	 
2014-07-28 18:24:06   内容：您好权良涛，您的1+2事业平台已经激活！	 
2014-07-28 18:24:07   内容：您好张乔丽，您的1+2事业平台已经激活！	 
2014-07-28 18:24:09   内容：您好刘虎，您的1+2事业平台已经激活！	 
2014-07-28 18:24:16   内容：您好陈卓，您的1+2事业平台已经激活！	 
2014-07-28 18:24:21   内容：您好丁曼曼，您的1+2事业平台已经激活！	 
2014-07-28 18:24:22   内容：您好徐涛，您的1+2事业平台已经激活！	 
2014-07-28 18:24:24   内容：您好戴玉川，您的1+2事业平台已经激活！	 
2014-07-28 18:24:26   内容：您好杨亭亭，您的1+2事业平台已经激活！	 
2014-07-28 18:24:26   内容：您好岳方正，您的1+2事业平台已经激活！	 
2014-07-28 18:24:28   内容：您好张佳佳，您的1+2事业平台已经激活！	 
2014-07-28 18:24:29   内容：您好刘保才，您的1+2事业平台已经激活！	 
2014-07-28 18:24:31   内容：您好李志强，您的1+2事业平台已经激活！	 
2014-07-28 18:24:32   内容：您好黄辉，您的1+2事业平台已经激活！	 
2014-07-28 18:24:34   内容：您好周艳红，您的1+2事业平台已经激活！	 
2014-07-28 18:24:34   内容：您好刘栋兵，您的1+2事业平台已经激活！	 
2014-07-28 18:24:36   内容：您好王静，您的1+2事业平台已经激活！	 
2014-07-28 18:24:37   内容：您好郑远，您的1+2事业平台已经激活！	 
2014-07-28 18:24:39   内容：您好倪文刚，您的1+2事业平台已经激活！	 
2014-07-28 18:24:40   内容：您好王辰飞，您的1+2事业平台已经激活！	 
2014-07-28 18:24:42   内容：您好蒋迟，您的1+2事业平台已经激活！	 
2014-07-28 18:24:43   内容：您好程茂松，您的1+2事业平台已经激活！	 
2014-07-28 18:24:45   内容：您好蒋奇，您的1+2事业平台已经激活！	 
2014-07-28 18:24:45   内容：您好韦郭军，您的1+2事业平台已经激活！	 
2014-07-28 18:24:50   内容：您好耿丹丹，您的1+2事业平台已经激活！	 
2014-07-28 18:24:51   内容：您好高学玲，您的1+2事业平台已经激活！	 
2014-07-28 18:24:53   内容：您好徐杰，您的1+2事业平台已经激活！	 
2014-07-28 18:24:54   内容：您好洪勇，您的1+2事业平台已经激活！	 
2014-07-28 18:24:56   内容：您好陈柳香，您的1+2事业平台已经激活！	 
2014-07-28 18:24:57   内容：您好陈鹤，您的1+2事业平台已经激活！	 
2014-07-28 18:24:59   内容：您好陈柳香，您的1+2事业平台已经激活！	 
2014-07-28 18:25:00   内容：您好吴立阳，您的1+2事业平台已经激活！	 
2014-07-28 18:25:02   内容：您好李忠金，您的1+2事业平台已经激活！	 
2014-07-28 18:25:03   内容：您好周辉，您的1+2事业平台已经激活！	 
2014-07-28 18:25:06   内容：您好雷婷，您的1+2事业平台已经激活！	 
2014-07-28 18:25:08   内容：您好李经峰，您的1+2事业平台已经激活！	 
2014-07-28 18:25:09   内容：您好李浩，您的1+2事业平台已经激活！	 
2014-07-28 18:25:13   内容：您好吴建社，您的1+2事业平台已经激活！	 
2014-07-28 18:25:15   内容：您好张翔，您的1+2事业平台已经激活！	 
2014-07-28 18:25:19   内容：您好武恒，您的1+2事业平台已经激活！	 
2014-07-28 18:25:35   内容：您好李伟，您的1+2事业平台已经激活！	 
2014-07-28 18:25:39   内容：您好孙星星，您的1+2事业平台已经激活！	 
2014-07-28 18:25:42   内容：您好接兵，您的1+2事业平台已经激活！	 
2014-07-28 18:25:45   内容：您好徐德宝，您的1+2事业平台已经激活！	 
2014-07-28 18:25:48   内容：您好王波，您的1+2事业平台已经激活！	 
2014-07-28 18:25:51   内容：您好方晓明，您的1+2事业平台已经激活！	 
2014-07-28 18:26:01   内容：您好江德俊，您的1+2事业平台已经激活！	 
2014-07-28 18:26:08   内容：您好徐左明，您的1+2事业平台已经激活！	 
2014-07-28 18:26:20   内容：您好何雪兵，您的1+2事业平台已经激活！	 
2014-07-28 18:26:25   内容：您好黄贤明，您的1+2事业平台已经激活！	 
2014-07-28 18:26:51   内容：您好朱世银，您的1+2事业平台已经激活！	 
2014-07-28 18:26:53   内容：您好朱连瑶，您的1+2事业平台已经激活！	 
2014-07-28 18:26:54   内容：您好祖先兵，您的1+2事业平台已经激活！	 
2014-07-28 18:26:56   内容：您好曹胜，您的1+2事业平台已经激活！	 
2014-07-28 18:26:59   内容：您好曹胜，您的1+2事业平台已经激活！	 
2014-07-28 18:27:00   内容：您好徐龙，您的1+2事业平台已经激活！	 
2014-07-28 18:27:01   内容：您好王杰，您的1+2事业平台已经激活！	 
2014-07-28 18:27:03   内容：您好杨晓龙，您的1+2事业平台已经激活！	 
2014-07-28 18:27:05   内容：您好李诚，您的1+2事业平台已经激活！	 
2014-07-28 18:27:07   内容：您好储俊翠，您的1+2事业平台已经激活！	 
2014-07-28 18:27:08   内容：您好李洪磊，您的1+2事业平台已经激活！	 
2014-07-28 18:27:11   内容：您好陈凤锦，您的1+2事业平台已经激活！	 
2014-07-28 18:27:11   内容：您好丁健，您的1+2事业平台已经激活！	 
2014-07-28 18:27:13   内容：您好李扬，您的1+2事业平台已经激活！	 
2014-07-28 18:27:14   内容：您好朱韩伟，您的1+2事业平台已经激活！	 
2014-07-28 18:27:16   内容：您好程桂芳，您的1+2事业平台已经激活！	 
2014-07-28 18:27:17   内容：您好陈少祥，您的1+2事业平台已经激活！	 
2014-07-28 18:27:20   内容：您好毛磊，您的1+2事业平台已经激活！	 
2014-07-28 18:27:21   内容：您好许长城，您的1+2事业平台已经激活！	 
2014-07-28 18:27:23   内容：您好刘滔滔，您的1+2事业平台已经激活！	 
2014-07-28 18:27:26   内容：您好陆玉峰，您的1+2事业平台已经激活！	 
2014-07-28 18:27:30   内容：您好刘兵，您的1+2事业平台已经激活！	 
2014-07-28 18:27:32   内容：您好汪林，您的1+2事业平台已经激活！	 
2014-07-28 18:27:33   内容：您好宋翠玲，您的1+2事业平台已经激活！	 
2014-07-28 18:27:35   内容：您好陆俊，您的1+2事业平台已经激活！	 
2014-07-28 18:27:36   内容：您好张青青，您的1+2事业平台已经激活！	 
2014-07-28 18:27:39   内容：您好王亭，您的1+2事业平台已经激活！	 
2014-07-28 18:27:39   内容：您好沈其刚，您的1+2事业平台已经激活！	 
2014-07-28 18:27:42   内容：您好陈延峰，您的1+2事业平台已经激活！	 
2014-07-28 18:27:42   内容：您好权辉，您的1+2事业平台已经激活！	 
2014-07-28 18:27:44   内容：您好史伟，您的1+2事业平台已经激活！	 
2014-07-28 18:27:44   内容：您好张磊，您的1+2事业平台已经激活！	 
2014-07-28 18:27:47   内容：您好胡仇萍，您的1+2事业平台已经激活！	 
2014-07-28 18:27:47   内容：您好汪跃锋，您的1+2事业平台已经激活！	 
2014-07-28 18:27:50   内容：您好沈二伟，您的1+2事业平台已经激活！	 
2014-07-28 18:27:50   内容：您好褚诗桐，您的1+2事业平台已经激活！	 
2014-07-28 18:27:52   内容：您好曹克叶，您的1+2事业平台已经激活！	 
2014-07-28 18:27:53   内容：您好于雪，您的1+2事业平台已经激活！	 
2014-07-28 18:27:55   内容：您好程婷婷，您的1+2事业平台已经激活！	 
2014-07-28 18:27:56   内容：您好张秀娟，您的1+2事业平台已经激活！	 
2014-07-28 18:27:59   内容：您好张道维，您的1+2事业平台已经激活！	 
2014-07-28 18:27:59   内容：您好李胜，您的1+2事业平台已经激活！	 
2014-07-28 18:28:01   内容：您好郑菊，您的1+2事业平台已经激活！	 
2014-07-28 18:28:02   内容：您好吕文德，您的1+2事业平台已经激活！	 
2014-07-28 18:28:04   内容：您好谢燕华，您的1+2事业平台已经激活！	 
2014-07-28 18:28:04   内容：您好胡亮春，您的1+2事业平台已经激活！	 
2014-07-28 18:28:07   内容：您好李丽丽，您的1+2事业平台已经激活！	 
2014-07-28 18:28:07   内容：您好栗秀红，您的1+2事业平台已经激活！	 
2014-07-28 18:28:09   内容：您好李伟红，您的1+2事业平台已经激活！	 
2014-07-28 18:28:11   内容：您好丁晓敬，您的1+2事业平台已经激活！	 
2014-07-28 18:28:12   内容：您好黄徽，您的1+2事业平台已经激活！	 
2014-07-28 18:28:13   内容：您好桂莉莉，您的1+2事业平台已经激活！	 
2014-07-28 18:28:15   内容：您好夏世进，您的1+2事业平台已经激活！	 
2014-07-28 18:28:16   内容：您好陈梦雅，您的1+2事业平台已经激活！	 
2014-07-28 18:28:20   内容：您好高娟，您的1+2事业平台已经激活！	 
2014-07-28 18:28:20   内容：您好胡晓雨，您的1+2事业平台已经激活！	 
2014-07-28 18:28:22   内容：您好谢长丽，您的1+2事业平台已经激活！	 
2014-07-28 18:28:23   内容：您好杨春霞，您的1+2事业平台已经激活！	 
2014-07-28 18:28:24   内容：您好周可可，您的1+2事业平台已经激活！	 
2014-07-28 18:28:26   内容：您好邓道红，您的1+2事业平台已经激活！	 
2014-07-28 18:28:27   内容：您好陈丹华，您的1+2事业平台已经激活！	 
2014-07-28 18:28:29   内容：您好刘翠，您的1+2事业平台已经激活！	 
2014-07-28 18:28:30   内容：您好周群，您的1+2事业平台已经激活！	 
2014-07-28 18:28:31   内容：您好胡茜茜，您的1+2事业平台已经激活！	 
2014-07-28 18:28:34   内容：您好唐姗，您的1+2事业平台已经激活！	 
2014-07-28 18:28:37   内容：您好朱丹丹，您的1+2事业平台已经激活！	 
2014-07-28 18:28:37   内容：您好汪力静，您的1+2事业平台已经激活！	 
2014-07-28 18:28:41   内容：您好宋鹏，您的1+2事业平台已经激活！	 
2014-07-28 18:28:42   内容：您好李艳霞，您的1+2事业平台已经激活！	 
2014-07-28 18:28:45   内容：您好赵希波，您的1+2事业平台已经激活！	 
2014-07-28 18:28:49   内容：您好周娟，您的1+2事业平台已经激活！	 
2014-07-28 18:28:53   内容：您好夏建伟，您的1+2事业平台已经激活！	 
2014-07-28 18:28:55   内容：您好周娟，您的1+2事业平台已经激活！	 
2014-07-28 18:28:56   内容：您好孙雪静，您的1+2事业平台已经激活！	 
2014-07-28 18:29:02   内容：您好杨锐，您的1+2事业平台已经激活！	 
2014-07-28 18:29:04   内容：您好许倩，您的1+2事业平台已经激活！	 
2014-07-28 18:29:05   内容：您好潘创新，您的1+2事业平台已经激活！	 
2014-07-28 18:29:07   内容：您好吴慧，您的1+2事业平台已经激活！	 
2014-07-28 18:29:07   内容：您好付玉，您的1+2事业平台已经激活！	 
2014-07-28 18:29:10   内容：您好朱艳辉，您的1+2事业平台已经激活！	 
2014-07-28 18:29:13   内容：您好孙常梅，您的1+2事业平台已经激活！	 
2014-07-28 18:29:13   内容：您好乔静，您的1+2事业平台已经激活！	 
2014-07-28 18:29:15   内容：您好张成云，您的1+2事业平台已经激活！	 
2014-07-28 18:29:17   内容：您好贾慧灵，您的1+2事业平台已经激活！	 
2014-07-28 18:29:18   内容：您好宋剑利，您的1+2事业平台已经激活！	 
2014-07-28 18:29:20   内容：您好蒋庆云，您的1+2事业平台已经激活！	 
2014-07-28 18:29:21   内容：您好蒋强强，您的1+2事业平台已经激活！	 
2014-07-28 18:29:22   内容：您好董玉红，您的1+2事业平台已经激活！	 
2014-07-28 18:29:23   内容：您好马文山，您的1+2事业平台已经激活！	 
2014-07-28 18:29:25   内容：您好黄义婷，您的1+2事业平台已经激活！	 
2014-07-28 18:29:27   内容：您好李参，您的1+2事业平台已经激活！	 
2014-07-28 18:29:27   内容：您好严娜娜，您的1+2事业平台已经激活！	 
2014-07-28 18:29:29   内容：您好周文琴，您的1+2事业平台已经激活！	 
2014-07-28 18:29:30   内容：您好王家会，您的1+2事业平台已经激活！	 
2014-07-28 18:29:32   内容：您好霍紫薇，您的1+2事业平台已经激活！	 
2014-07-28 18:29:32   内容：您好张梦溪，您的1+2事业平台已经激活！	 
2014-07-28 18:29:35   内容：您好黄才霞，您的1+2事业平台已经激活！	 
2014-07-28 18:29:35   内容：您好马灵灵，您的1+2事业平台已经激活！	 
2014-07-28 18:29:37   内容：您好徐珍宝，您的1+2事业平台已经激活！	 
2014-07-28 18:29:40   内容：您好黄灵煜，您的1+2事业平台已经激活！	 
2014-07-28 18:29:42   内容：您好万海燕，您的1+2事业平台已经激活！	 
2014-07-28 18:29:48   内容：您好李乐，您的1+2事业平台已经激活！	 
2014-07-28 18:29:49   内容：您好丁娟，您的1+2事业平台已经激活！	 
2014-07-28 18:29:51   内容：您好罗懂懂，您的1+2事业平台已经激活！	 
2014-07-28 18:29:52   内容：您好范霞，您的1+2事业平台已经激活！	 
2014-07-28 18:29:53   内容：您好孙庆子，您的1+2事业平台已经激活！	 
2014-07-28 18:29:55   内容：您好张芳芳，您的1+2事业平台已经激活！	 
2014-07-28 18:29:56   内容：您好程园，您的1+2事业平台已经激活！	 
2014-07-28 18:29:57   内容：您好刘瑞瑞，您的1+2事业平台已经激活！	 
2014-07-28 18:29:59   内容：您好孟文欣，您的1+2事业平台已经激活！	 
2014-07-28 18:30:00   内容：您好夏知黛，您的1+2事业平台已经激活！	 
2014-07-28 18:30:02   内容：您好刘彩琴，您的1+2事业平台已经激活！	 
2014-07-28 18:30:02   内容：您好岳玲，您的1+2事业平台已经激活！	 
2014-07-28 18:30:06   内容：您好张倩，您的1+2事业平台已经激活！	 
2014-07-28 18:30:06   内容：您好张立云，您的1+2事业平台已经激活！	 
2014-07-28 18:30:09   内容：您好夏丹丹，您的1+2事业平台已经激活！	 
2014-07-28 18:30:10   内容：您好李登梅，您的1+2事业平台已经激活！	 
2014-07-28 18:30:11   内容：您好陈永强，您的1+2事业平台已经激活！	 
2014-07-28 18:30:12   内容：您好聂亚沉，您的1+2事业平台已经激活！	 
2014-07-28 18:30:14   内容：您好魏旭章，您的1+2事业平台已经激活！	 
2014-07-28 18:30:15   内容：您好荀璐，您的1+2事业平台已经激活！	 
2014-07-28 18:30:16   内容：您好孟利民，您的1+2事业平台已经激活！	 
2014-07-28 18:30:17   内容：您好李惠，您的1+2事业平台已经激活！	 
2014-07-28 18:30:18   内容：您好陈毅亿，您的1+2事业平台已经激活！	 
2014-07-28 18:30:19   内容：您好王红艳，您的1+2事业平台已经激活！	 
2014-07-28 18:30:21   内容：您好陈燕霞，您的1+2事业平台已经激活！	 
2014-07-28 18:30:22   内容：您好严丹丹，您的1+2事业平台已经激活！	 
2014-07-28 18:30:24   内容：您好贾佩，您的1+2事业平台已经激活！	 
2014-07-28 18:30:25   内容：您好汪精，您的1+2事业平台已经激活！	 
2014-07-28 18:30:27   内容：您好史玉芬，您的1+2事业平台已经激活！	 
2014-07-28 18:30:28   内容：您好魏西西，您的1+2事业平台已经激活！	 
2014-07-28 18:30:31   内容：您好朱涛，您的1+2事业平台已经激活！	 
2014-07-28 18:30:31   内容：您好吴志丹，您的1+2事业平台已经激活！	 
2014-07-28 18:30:33   内容：您好谢中强，您的1+2事业平台已经激活！	 
2014-07-28 18:30:33   内容：您好史习锐，您的1+2事业平台已经激活！	 
2014-07-28 18:30:35   内容：您好贾顺国，您的1+2事业平台已经激活！	 
2014-07-28 18:30:36   内容：您好沈晓杰，您的1+2事业平台已经激活！	 
2014-07-28 18:30:38   内容：您好张浩，您的1+2事业平台已经激活！	 
2014-07-28 18:30:40   内容：您好薛丁丁，您的1+2事业平台已经激活！	 
2014-07-28 18:30:43   内容：您好张孝琪，您的1+2事业平台已经激活！	 
2014-07-28 18:30:45   内容：您好尹晓芳，您的1+2事业平台已经激活！	 
2014-07-28 18:30:47   内容：您好李琼，您的1+2事业平台已经激活！	 
2014-07-28 18:30:50   内容：您好王方丽，您的1+2事业平台已经激活！	 
2014-07-28 18:30:52   内容：您好瞿佳丽，您的1+2事业平台已经激活！	 
2014-07-28 18:30:55   内容：您好马铁，您的1+2事业平台已经激活！	 
2014-07-28 18:30:57   内容：您好司晓云，您的1+2事业平台已经激活！	 
2014-07-28 18:31:00   内容：您好王赏赏，您的1+2事业平台已经激活！	 
2014-07-28 18:31:02   内容：您好文继辉，您的1+2事业平台已经激活！	 
2014-07-28 18:31:04   内容：您好毋满意，您的1+2事业平台已经激活！	 
2014-07-28 18:31:07   内容：您好袁秋月，您的1+2事业平台已经激活！	 
2014-07-28 18:31:09   内容：您好吴文强，您的1+2事业平台已经激活！	 
2014-07-28 18:31:10   内容：您好文继辉，您的1+2事业平台已经激活！	 
2014-07-28 18:31:11   内容：您好王文超，您的1+2事业平台已经激活！	 
2014-07-28 18:31:13   内容：您好周记，您的1+2事业平台已经激活！	 
2014-07-28 18:31:14   内容：您好任小健，您的1+2事业平台已经激活！	 
2014-07-28 18:31:16   内容：您好章海，您的1+2事业平台已经激活！	 
2014-07-28 18:31:16   内容：您好王晶晶，您的1+2事业平台已经激活！	 
2014-07-28 18:31:18   内容：您好许海波，您的1+2事业平台已经激活！	 
2014-07-28 18:31:18   内容：您好蒋梦雨，您的1+2事业平台已经激活！	 
2014-07-28 18:31:20   内容：您好蔡亚东，您的1+2事业平台已经激活！	 
2014-07-28 18:31:21   内容：您好李光明，您的1+2事业平台已经激活！	 
2014-07-28 18:31:23   内容：您好张宝林，您的1+2事业平台已经激活！	 
2014-07-28 18:31:23   内容：您好吴先龙，您的1+2事业平台已经激活！	 
2014-07-28 18:31:25   内容：您好杨光，您的1+2事业平台已经激活！	 
2014-07-28 18:31:25   内容：您好高健，您的1+2事业平台已经激活！	 
2014-07-28 18:31:27   内容：您好蔡瑞成，您的1+2事业平台已经激活！	 
2014-07-28 18:31:28   内容：您好季昌宽，您的1+2事业平台已经激活！	 
2014-07-28 18:31:30   内容：您好杨旭，您的1+2事业平台已经激活！	 
2014-07-28 18:31:30   内容：您好邓飞，您的1+2事业平台已经激活！	 
2014-07-28 18:31:32   内容：您好郭冠雄，您的1+2事业平台已经激活！	 
2014-07-28 18:31:32   内容：您好卢宗应，您的1+2事业平台已经激活！	 
2014-07-28 18:31:35   内容：您好王刚，您的1+2事业平台已经激活！	 
2014-07-28 18:31:35   内容：您好王玉华，您的1+2事业平台已经激活！	 
2014-07-28 18:31:37   内容：您好潘是富，您的1+2事业平台已经激活！	 
2014-07-28 18:31:38   内容：您好夏爱丽，您的1+2事业平台已经激活！	 
2014-07-28 18:31:39   内容：您好何青山，您的1+2事业平台已经激活！	 
2014-07-28 18:31:41   内容：您好杨益军，您的1+2事业平台已经激活！	 
2014-07-28 18:31:42   内容：您好杨凡，您的1+2事业平台已经激活！	 
2014-07-28 18:31:44   内容：您好吴飞飞，您的1+2事业平台已经激活！	 
2014-07-28 18:31:44   内容：您好陈辉，您的1+2事业平台已经激活！	 
2014-07-28 18:31:46   内容：您好储修文，您的1+2事业平台已经激活！	 
2014-07-28 18:31:48   内容：您好杨欢，您的1+2事业平台已经激活！	 
2014-07-28 18:31:49   内容：您好唐富元，您的1+2事业平台已经激活！	 
2014-07-28 18:31:50   内容：您好任声利，您的1+2事业平台已经激活！	 
2014-07-28 18:31:51   内容：您好许爱东，您的1+2事业平台已经激活！	 
2014-07-28 18:31:52   内容：您好尚直山，您的1+2事业平台已经激活！	 
2014-07-28 18:31:53   内容：您好欧新建，您的1+2事业平台已经激活！	 
2014-07-28 18:31:55   内容：您好陈佳，您的1+2事业平台已经激活！	 
2014-07-28 18:31:55   内容：您好何沣，您的1+2事业平台已经激活！	 
2014-07-28 18:31:57   内容：您好刘安欣，您的1+2事业平台已经激活！	 
2014-07-28 18:31:58   内容：您好樊培雨，您的1+2事业平台已经激活！	 
2014-07-28 18:31:59   内容：您好颜克云，您的1+2事业平台已经激活！	 
2014-07-28 18:32:00   内容：您好王大鹏，您的1+2事业平台已经激活！	 
2014-07-28 18:32:02   内容：您好王涛，您的1+2事业平台已经激活！	 
2014-07-28 18:32:02   内容：您好孟洋洋，您的1+2事业平台已经激活！	 
2014-07-28 18:32:04   内容：您好李斌，您的1+2事业平台已经激活！	 
2014-07-28 18:32:05   内容：您好张乾，您的1+2事业平台已经激活！	 
2014-07-28 18:32:06   内容：您好周展，您的1+2事业平台已经激活！	 
2014-07-28 18:32:07   内容：您好张瑶三，您的1+2事业平台已经激活！	 
2014-07-28 18:32:09   内容：您好范巧云，您的1+2事业平台已经激活！	 
2014-07-28 18:32:10   内容：您好张讯，您的1+2事业平台已经激活！	 
2014-07-28 18:32:11   内容：您好王有民，您的1+2事业平台已经激活！	 
2014-07-28 18:32:12   内容：您好刘治正，您的1+2事业平台已经激活！	 
2014-07-28 18:32:13   内容：您好宋琴，您的1+2事业平台已经激活！	 
2014-07-28 18:32:15   内容：您好刘奇，您的1+2事业平台已经激活！	 
2014-07-28 18:32:15   内容：您好解亮，您的1+2事业平台已经激活！	 
2014-07-28 18:32:17   内容：您好吉布扯呷，您的1+2事业平台已经激活！	 
2014-07-28 18:32:18   内容：您好刘军旗，您的1+2事业平台已经激活！	 
2014-07-28 18:32:19   内容：您好罗波，您的1+2事业平台已经激活！	 
2014-07-28 18:32:21   内容：您好周永波，您的1+2事业平台已经激活！	 
2014-07-28 18:32:22   内容：您好宋红章，您的1+2事业平台已经激活！	 
2014-07-28 18:32:23   内容：您好朱加宽，您的1+2事业平台已经激活！	 
2014-07-28 18:32:24   内容：您好王豪，您的1+2事业平台已经激活！	 
2014-07-28 18:32:25   内容：您好彭燕飞，您的1+2事业平台已经激活！	 
2014-07-28 18:32:26   内容：您好张瑞，您的1+2事业平台已经激活！	 
2014-07-28 18:32:29   内容：您好叶开俊，您的1+2事业平台已经激活！	 
2014-07-28 18:32:29   内容：您好刘忠义，您的1+2事业平台已经激活！	 
2014-07-28 18:32:32   内容：您好葛行飞，您的1+2事业平台已经激活！	 
2014-07-28 18:32:32   内容：您好芦兴祥，您的1+2事业平台已经激活！	 
2014-07-28 18:32:34   内容：您好刘四勋，您的1+2事业平台已经激活！	 
2014-07-28 18:32:35   内容：您好宋利霞，您的1+2事业平台已经激活！	 
2014-07-28 18:32:37   内容：您好鲍珊珊，您的1+2事业平台已经激活！	 
2014-07-28 18:32:38   内容：您好李路阳，您的1+2事业平台已经激活！	 
2014-07-28 18:32:39   内容：您好许有东，您的1+2事业平台已经激活！	 
2014-07-28 18:32:40   内容：您好张跃星，您的1+2事业平台已经激活！	 
2014-07-28 18:32:42   内容：您好张巨桃，您的1+2事业平台已经激活！	 
2014-07-28 18:32:43   内容：您好姚容容，您的1+2事业平台已经激活！	 
2014-07-28 18:32:44   内容：您好王越，您的1+2事业平台已经激活！	 
2014-07-28 18:32:45   内容：您好李琴，您的1+2事业平台已经激活！	 
2014-07-28 18:32:47   内容：您好李闯，您的1+2事业平台已经激活！	 
2014-07-28 18:32:48   内容：您好姚丽国，您的1+2事业平台已经激活！	 
2014-07-28 18:32:50   内容：您好何功锐，您的1+2事业平台已经激活！	 
2014-07-28 18:32:50   内容：您好陈博远，您的1+2事业平台已经激活！	 
2014-07-28 18:32:52   内容：您好汤建军，您的1+2事业平台已经激活！	 
2014-07-28 18:32:52   内容：您好马盼芬，您的1+2事业平台已经激活！	 
2014-07-28 18:32:54   内容：您好杨浩，您的1+2事业平台已经激活！	 
2014-07-28 18:32:54   内容：您好陈欢，您的1+2事业平台已经激活！	 
2014-07-28 18:32:56   内容：您好张天，您的1+2事业平台已经激活！	 
2014-07-28 18:32:57   内容：您好龚雷，您的1+2事业平台已经激活！	 
2014-07-28 18:32:59   内容：您好谢文豪，您的1+2事业平台已经激活！	 
2014-07-28 18:32:59   内容：您好董大磊，您的1+2事业平台已经激活！	 
2014-07-28 18:33:01   内容：您好郑震龙，您的1+2事业平台已经激活！	 
2014-07-28 18:33:02   内容：您好郑博，您的1+2事业平台已经激活！	 
2014-07-28 18:33:03   内容：您好鲍倩梅，您的1+2事业平台已经激活！	 
2014-07-28 18:33:04   内容：您好龙晨阳，您的1+2事业平台已经激活！	 
2014-07-28 18:33:05   内容：您好张远宪，您的1+2事业平台已经激活！	 
2014-07-28 18:33:06   内容：您好赵小奎，您的1+2事业平台已经激活！	 
2014-07-28 18:33:07   内容：您好刘莉军，您的1+2事业平台已经激活！	 
2014-07-28 18:33:09   内容：您好高忠山，您的1+2事业平台已经激活！	 
2014-07-28 18:33:10   内容：您好马华雷，您的1+2事业平台已经激活！	 
2014-07-28 18:33:11   内容：您好苏广睿，您的1+2事业平台已经激活！	 
2014-07-28 18:33:12   内容：您好李大为，您的1+2事业平台已经激活！	 
2014-07-28 18:33:14   内容：您好郝壮壮，您的1+2事业平台已经激活！	 
2014-07-28 18:33:14   内容：您好黄冠峰，您的1+2事业平台已经激活！	 
2014-07-28 18:33:16   内容：您好蔡光杰，您的1+2事业平台已经激活！	 
2014-07-28 18:33:17   内容：您好刘国军，您的1+2事业平台已经激活！	 
2014-07-28 18:33:18   内容：您好殷韦为，您的1+2事业平台已经激活！	 
2014-07-28 18:33:19   内容：您好卓友，您的1+2事业平台已经激活！	 
2014-07-28 18:33:21   内容：您好张山，您的1+2事业平台已经激活！	 
2014-07-28 18:33:22   内容：您好汪星，您的1+2事业平台已经激活！	 
2014-07-28 18:33:23   内容：您好宋明明，您的1+2事业平台已经激活！	 
2014-07-28 18:33:25   内容：您好李靖徽，您的1+2事业平台已经激活！	 
2014-07-28 18:33:25   内容：您好党翠翠，您的1+2事业平台已经激活！	 
2014-07-28 18:33:28   内容：您好邓亚彬，您的1+2事业平台已经激活！	 
2014-07-28 18:33:28   内容：您好方祖跃，您的1+2事业平台已经激活！	 
2014-07-28 18:33:30   内容：您好张永新，您的1+2事业平台已经激活！	 
2014-07-28 18:33:31   内容：您好王启银，您的1+2事业平台已经激活！	 
2014-07-28 18:33:33   内容：您好刘静，您的1+2事业平台已经激活！	 
2014-07-28 18:33:33   内容：您好郜业原，您的1+2事业平台已经激活！	 
2014-07-28 18:33:35   内容：您好潘永波，您的1+2事业平台已经激活！	 
2014-07-28 18:33:36   内容：您好雷明，您的1+2事业平台已经激活！	 
2014-07-28 18:33:37   内容：您好汪科成，您的1+2事业平台已经激活！	 
2014-07-28 18:33:39   内容：您好黄成义，您的1+2事业平台已经激活！	 
2014-07-28 18:33:40   内容：您好谢建军，您的1+2事业平台已经激活！	 
2014-07-28 18:33:44   内容：您好宋诚，您的1+2事业平台已经激活！	 
2014-07-28 18:33:44   内容：您好张雪松，您的1+2事业平台已经激活！	 
2014-07-28 18:33:46   内容：您好陈艳，您的1+2事业平台已经激活！	 
2014-07-28 18:33:47   内容：您好田勇，您的1+2事业平台已经激活！	 
2014-07-28 18:33:48   内容：您好谢松齐，您的1+2事业平台已经激活！	 
2014-07-28 18:33:49   内容：您好何广滨，您的1+2事业平台已经激活！	 
2014-07-28 18:33:53   内容：您好何媛媛，您的1+2事业平台已经激活！	 
2014-07-28 18:33:53   内容：您好袁中东，您的1+2事业平台已经激活！	 
2014-07-28 18:33:55   内容：您好潘超菊，您的1+2事业平台已经激活！	 
2014-07-28 18:33:56   内容：您好龚敏，您的1+2事业平台已经激活！	 
2014-07-28 18:34:00   内容：您好田庆军，您的1+2事业平台已经激活！	 
2014-07-28 18:34:01   内容：您好王元帅，您的1+2事业平台已经激活！	 
2014-07-28 18:34:03   内容：您好李亚益，您的1+2事业平台已经激活！	 
2014-07-28 18:34:03   内容：您好李秋红，您的1+2事业平台已经激活！	 
2014-07-28 18:34:05   内容：您好郑泽丹，您的1+2事业平台已经激活！	 
2014-07-28 18:34:06   内容：您好武国英，您的1+2事业平台已经激活！	 
2014-07-28 18:34:07   内容：您好何相诚，您的1+2事业平台已经激活！	 
2014-07-28 18:34:09   内容：您好陈乐意，您的1+2事业平台已经激活！	 
2014-07-28 18:34:10   内容：您好闫文贤，您的1+2事业平台已经激活！	 
2014-07-28 18:34:11   内容：您好张云帆，您的1+2事业平台已经激活！	 
2014-07-28 18:34:13   内容：您好高宣，您的1+2事业平台已经激活！	 
2014-07-28 18:34:15   内容：您好贺川，您的1+2事业平台已经激活！	 
2014-07-28 18:34:18   内容：您好刘小洪，您的1+2事业平台已经激活！	 
2014-07-28 18:34:20   内容：您好周金银，您的1+2事业平台已经激活！	 
2014-07-28 18:34:21   内容：您好杨娟，您的1+2事业平台已经激活！	 
2014-07-28 18:34:22   内容：您好郭眺琳，您的1+2事业平台已经激活！	 
2014-07-28 18:34:24   内容：您好安超，您的1+2事业平台已经激活！	 
2014-07-28 18:34:25   内容：您好卢红利，您的1+2事业平台已经激活！	 
2014-07-28 18:34:27   内容：您好程凌云，您的1+2事业平台已经激活！	 
2014-07-28 18:34:28   内容：您好赵康，您的1+2事业平台已经激活！	 
2014-07-28 18:34:29   内容：您好徐华，您的1+2事业平台已经激活！	 
2014-07-28 18:34:30   内容：您好孙东坡，您的1+2事业平台已经激活！	 
2014-07-28 18:34:32   内容：您好龙先海，您的1+2事业平台已经激活！	 
2014-07-28 18:34:33   内容：您好林杰，您的1+2事业平台已经激活！	 
2014-07-28 18:34:34   内容：您好曾凡超，您的1+2事业平台已经激活！	 
2014-07-28 18:34:36   内容：您好万德汪，您的1+2事业平台已经激活！	 
2014-07-28 18:34:36   内容：您好张伟，您的1+2事业平台已经激活！	 
2014-07-28 18:34:38   内容：您好王喜军，您的1+2事业平台已经激活！	 
2014-07-28 18:34:39   内容：您好罗鹏，您的1+2事业平台已经激活！	 
2014-07-28 18:34:41   内容：您好李历建，您的1+2事业平台已经激活！	 
2014-07-28 18:34:41   内容：您好夏德彪，您的1+2事业平台已经激活！	 
2014-07-28 18:34:43   内容：您好毛青松，您的1+2事业平台已经激活！	 
2014-07-28 18:34:43   内容：您好甘永俊，您的1+2事业平台已经激活！	 
2014-07-28 18:34:46   内容：您好赵洪，您的1+2事业平台已经激活！	 
2014-07-28 18:34:49   内容：您好柴勇多，您的1+2事业平台已经激活！	 
2014-07-28 18:34:49   内容：您好彭敏，您的1+2事业平台已经激活！	 
2014-07-28 18:34:51   内容：您好袁和红，您的1+2事业平台已经激活！	 
2014-07-28 18:34:52   内容：您好张晶晶，您的1+2事业平台已经激活！	 
2014-07-28 18:34:53   内容：您好黄普，您的1+2事业平台已经激活！	 
2014-07-28 18:34:54   内容：您好陈实，您的1+2事业平台已经激活！	 
2014-07-28 18:34:56   内容：您好郎建，您的1+2事业平台已经激活！	 
2014-07-28 18:34:57   内容：您好叶陈，您的1+2事业平台已经激活！	 
2014-07-28 18:34:59   内容：您好袁子法，您的1+2事业平台已经激活！	 
2014-07-28 18:34:59   内容：您好苟显勇，您的1+2事业平台已经激活！	 
2014-07-28 18:35:01   内容：您好张娟娟，您的1+2事业平台已经激活！	 
2014-07-28 18:35:03   内容：您好唐重阳，您的1+2事业平台已经激活！	 
2014-07-28 18:35:03   内容：您好李鑫，您的1+2事业平台已经激活！	 
2014-07-28 18:35:07   内容：您好许淑曼，您的1+2事业平台已经激活！	 
2014-07-28 18:35:09   内容：您好李云涛，您的1+2事业平台已经激活！	 
2014-07-28 18:35:10   内容：您好李安雅，您的1+2事业平台已经激活！	 
2014-07-28 18:35:11   内容：您好周飞，您的1+2事业平台已经激活！	 
2014-07-28 18:35:12   内容：您好任海，您的1+2事业平台已经激活！	 
2014-07-28 18:35:12   内容：您好丁浩军，您的1+2事业平台已经激活！	 
2014-07-28 18:35:14   内容：您好吴静，您的1+2事业平台已经激活！	 
2014-07-28 18:35:15   内容：您好卢利红，您的1+2事业平台已经激活！	 
2014-07-28 18:35:16   内容：您好刘大贵，您的1+2事业平台已经激活！	 
2014-07-28 18:35:17   内容：您好胡庆兴，您的1+2事业平台已经激活！	 
2014-07-28 18:35:19   内容：您好何素兰，您的1+2事业平台已经激活！	 
2014-07-28 18:35:19   内容：您好金希威，您的1+2事业平台已经激活！	 
2014-07-28 18:35:22   内容：您好杨珍宁，您的1+2事业平台已经激活！	 
2014-07-28 18:35:22   内容：您好胡立秀，您的1+2事业平台已经激活！	 
2014-07-28 18:35:24   内容：您好陈勇，您的1+2事业平台已经激活！	 
2014-07-28 18:35:24   内容：您好黄顺发，您的1+2事业平台已经激活！	 
2014-07-28 18:35:26   内容：您好谢倩芸，您的1+2事业平台已经激活！	 
2014-07-28 18:35:27   内容：您好葛洋，您的1+2事业平台已经激活！	 
2014-07-28 18:35:29   内容：您好孙全利，您的1+2事业平台已经激活！	 
2014-07-28 18:35:30   内容：您好李兰兰，您的1+2事业平台已经激活！	 
2014-07-28 18:35:31   内容：您好陈银英，您的1+2事业平台已经激活！	 
2014-07-28 18:35:32   内容：您好丁劝劝，您的1+2事业平台已经激活！	 
2014-07-28 18:35:33   内容：您好梁成彬，您的1+2事业平台已经激活！	 
2014-07-28 18:35:34   内容：您好丁希红，您的1+2事业平台已经激活！	 
2014-07-28 18:35:35   内容：您好向标，您的1+2事业平台已经激活！	 
2014-07-28 18:35:37   内容：您好刘妍妍，您的1+2事业平台已经激活！	 
2014-07-28 18:35:38   内容：您好韩善雷，您的1+2事业平台已经激活！	 
2014-07-28 18:35:40   内容：您好丁秦川，您的1+2事业平台已经激活！	 
2014-07-28 18:35:41   内容：您好张炎，您的1+2事业平台已经激活！	 
2014-07-28 18:35:45   内容：您好彭川，您的1+2事业平台已经激活！	 
2014-07-28 18:35:47   内容：您好郑伟，您的1+2事业平台已经激活！	 
2014-07-28 18:35:48   内容：您好向玉龙，您的1+2事业平台已经激活！	 
2014-07-28 18:35:49   内容：您好石兰芳，您的1+2事业平台已经激活！	 
2014-07-28 18:35:50   内容：您好解书详，您的1+2事业平台已经激活！	 
2014-07-28 18:35:51   内容：您好魏红艳，您的1+2事业平台已经激活！	 
2014-07-28 18:35:53   内容：您好张杰，您的1+2事业平台已经激活！	 
2014-07-28 18:35:54   内容：您好朱莉，您的1+2事业平台已经激活！	 
2014-07-28 18:35:56   内容：您好邓娟，您的1+2事业平台已经激活！	 
2014-07-28 18:35:57   内容：您好管辉，您的1+2事业平台已经激活！	 
2014-07-28 18:35:59   内容：您好张晓臣，您的1+2事业平台已经激活！	 
2014-07-28 18:35:59   内容：您好吴道英，您的1+2事业平台已经激活！	 
2014-07-28 18:36:00   内容：您好张茂营，您的1+2事业平台已经激活！	 
2014-07-28 18:36:01   内容：您好皇甫珊珊，您的1+2事业平台已经激活！	 
2014-07-28 18:36:01   内容：您好李随，您的1+2事业平台已经激活！	 
2014-07-28 18:36:04   内容：您好卢园园，您的1+2事业平台已经激活！	 
2014-07-28 18:36:04   内容：您好李志刚，您的1+2事业平台已经激活！	 
2014-07-28 18:36:06   内容：您好姚东旺，您的1+2事业平台已经激活！	 
2014-07-28 18:36:07   内容：您好张大燕，您的1+2事业平台已经激活！	 
2014-07-28 18:36:08   内容：您好罗清如，您的1+2事业平台已经激活！	 
2014-07-28 18:36:09   内容：您好罗娟，您的1+2事业平台已经激活！	 
2014-07-28 18:36:11   内容：您好刘备，您的1+2事业平台已经激活！	 
2014-07-28 18:36:12   内容：您好张小鑫，您的1+2事业平台已经激活！	 
2014-07-28 18:36:13   内容：您好韩乐，您的1+2事业平台已经激活！	 
2014-07-28 18:36:14   内容：您好刘学飞，您的1+2事业平台已经激活！	 
2014-07-28 18:36:15   内容：您好冯振，您的1+2事业平台已经激活！	 
2014-07-28 18:36:17   内容：您好宋少丹，您的1+2事业平台已经激活！	 
2014-07-28 18:36:18   内容：您好屈海标，您的1+2事业平台已经激活！	 
2014-07-28 18:36:19   内容：您好赵豪博，您的1+2事业平台已经激活！	 
2014-07-28 18:36:20   内容：您好陈刚，您的1+2事业平台已经激活！	 
2014-07-28 18:36:22   内容：您好王建国，您的1+2事业平台已经激活！	 
2014-07-28 18:36:23   内容：您好王二伟，您的1+2事业平台已经激活！	 
2014-07-28 18:36:24   内容：您好郑仕成，您的1+2事业平台已经激活！	 
2014-07-28 18:36:25   内容：您好韩贝贝，您的1+2事业平台已经激活！	 
2014-07-28 18:36:27   内容：您好刘函波，您的1+2事业平台已经激活！	 
2014-07-28 18:36:27   内容：您好彭汪玉，您的1+2事业平台已经激活！	 
2014-07-28 18:36:29   内容：您好顾欢欢，您的1+2事业平台已经激活！	 
2014-07-28 18:36:30   内容：您好杨凯利，您的1+2事业平台已经激活！	 
2014-07-28 18:36:32   内容：您好冷耀，您的1+2事业平台已经激活！	 
2014-07-28 18:36:32   内容：您好李小雪，您的1+2事业平台已经激活！	 
2014-07-28 18:36:34   内容：您好储开业，您的1+2事业平台已经激活！	 
2014-07-28 18:36:34   内容：您好轩志鹏，您的1+2事业平台已经激活！	 
2014-07-28 18:36:36   内容：您好左志强，您的1+2事业平台已经激活！	 
2014-07-28 18:36:37   内容：您好陈文乐，您的1+2事业平台已经激活！	 
2014-07-28 18:36:38   内容：您好袁强，您的1+2事业平台已经激活！	 
2014-07-28 18:36:39   内容：您好解柳，您的1+2事业平台已经激活！	 
2014-07-28 18:36:41   内容：您好张会，您的1+2事业平台已经激活！	 
2014-07-28 18:36:42   内容：您好程东秀，您的1+2事业平台已经激活！	 
2014-07-28 18:36:47   内容：您好任亚茹，您的1+2事业平台已经激活！	 
2014-07-28 18:36:47   内容：您好洪丽，您的1+2事业平台已经激活！	 
2014-07-28 18:36:49   内容：您好宁志强，您的1+2事业平台已经激活！	 
2014-07-28 18:36:51   内容：您好徐寒冰，您的1+2事业平台已经激活！	 
2014-07-28 18:36:52   内容：您好丁俊生，您的1+2事业平台已经激活！	 
2014-07-28 18:36:54   内容：您好张启健，您的1+2事业平台已经激活！	 
2014-07-28 18:36:55   内容：您好孙文慧，您的1+2事业平台已经激活！	 
2014-07-28 18:36:57   内容：您好游平，您的1+2事业平台已经激活！	 
2014-07-28 18:36:58   内容：您好杜兰格，您的1+2事业平台已经激活！	 
2014-07-28 18:36:59   内容：您好许方方，您的1+2事业平台已经激活！	 
2014-07-28 18:37:01   内容：您好李业浦，您的1+2事业平台已经激活！	 
2014-07-28 18:37:01   内容：您好韩燕，您的1+2事业平台已经激活！	 
2014-07-28 18:37:03   内容：您好蒋超，您的1+2事业平台已经激活！	 
2014-07-28 18:37:04   内容：您好渠广新，您的1+2事业平台已经激活！	 
2014-07-28 18:37:06   内容：您好高洋，您的1+2事业平台已经激活！	 
2014-07-28 18:37:08   内容：您好席永芳，您的1+2事业平台已经激活！	 
2014-07-28 18:37:09   内容：您好马军，您的1+2事业平台已经激活！	 
2014-07-28 18:37:10   内容：您好钟娜，您的1+2事业平台已经激活！	 
2014-07-28 18:37:12   内容：您好夏海峰，您的1+2事业平台已经激活！	 
2014-07-28 18:37:13   内容：您好赵俊俊，您的1+2事业平台已经激活！	 
2014-07-28 18:37:14   内容：您好谢凤琳，您的1+2事业平台已经激活！	 
2014-07-28 18:37:15   内容：您好吴允杰，您的1+2事业平台已经激活！	 
2014-07-28 18:37:16   内容：您好陈王军，您的1+2事业平台已经激活！	 
2014-07-28 18:37:18   内容：您好杜玲玲，您的1+2事业平台已经激活！	 
2014-07-28 18:37:19   内容：您好王振乾，您的1+2事业平台已经激活！	 
2014-07-28 18:37:20   内容：您好毕霞飞，您的1+2事业平台已经激活！	 
2014-07-28 18:37:21   内容：您好邹佳能，您的1+2事业平台已经激活！	 
2014-07-28 18:37:23   内容：您好郑付伟，您的1+2事业平台已经激活！	 
2014-07-28 18:37:24   内容：您好黄文祯，您的1+2事业平台已经激活！	 
2014-07-28 18:37:25   内容：您好程晶晶，您的1+2事业平台已经激活！	 
2014-07-28 18:37:26   内容：您好陶新红，您的1+2事业平台已经激活！	 
2014-07-28 18:37:27   内容：您好谢亚友，您的1+2事业平台已经激活！	 
2014-07-28 18:37:30   内容：您好叶永根，您的1+2事业平台已经激活！	 
2014-07-28 18:37:30   内容：您好肖航，您的1+2事业平台已经激活！	 
2014-07-28 18:37:32   内容：您好潘成锋，您的1+2事业平台已经激活！	 
2014-07-28 18:37:32   内容：您好凡军，您的1+2事业平台已经激活！	 
2014-07-28 18:37:37   内容：您好孙小磊，您的1+2事业平台已经激活！	 
2014-07-28 18:37:38   内容：您好朱晓建，您的1+2事业平台已经激活！	 
2014-07-28 18:37:39   内容：您好李富贵，您的1+2事业平台已经激活！	 
2014-07-28 18:37:41   内容：您好洪彩霞，您的1+2事业平台已经激活！	 
2014-07-28 18:37:42   内容：您好王醉，您的1+2事业平台已经激活！	 
2014-07-28 18:37:43   内容：您好胡从林，您的1+2事业平台已经激活！	 
2014-07-28 18:37:44   内容：您好张继宝，您的1+2事业平台已经激活！	 
2014-07-28 18:37:46   内容：您好王浩征，您的1+2事业平台已经激活！	 
2014-07-28 18:37:46   内容：您好赵德俊，您的1+2事业平台已经激活！	 
2014-07-28 18:37:49   内容：您好罗亮亮，您的1+2事业平台已经激活！	 
2014-07-28 18:37:49   内容：您好张益，您的1+2事业平台已经激活！	 
2014-07-28 18:37:52   内容：您好党东亮，您的1+2事业平台已经激活！	 
2014-07-28 18:37:52   内容：您好鲍劲松，您的1+2事业平台已经激活！	 
2014-07-28 18:37:54   内容：您好邓龙，您的1+2事业平台已经激活！	 
2014-07-28 18:37:55   内容：您好刘芝君，您的1+2事业平台已经激活！	 
2014-07-28 18:37:57   内容：您好赵斌，您的1+2事业平台已经激活！	 
2014-07-28 18:37:58   内容：您好黄世刚，您的1+2事业平台已经激活！	 
2014-07-28 18:38:00   内容：您好张维，您的1+2事业平台已经激活！	 
2014-07-28 18:38:00   内容：您好陈宁宁，您的1+2事业平台已经激活！	 
2014-07-28 18:38:02   内容：您好向雪，您的1+2事业平台已经激活！	 
2014-07-28 18:38:04   内容：您好杨咸兵，您的1+2事业平台已经激活！	 
2014-07-28 18:38:05   内容：您好李丽，您的1+2事业平台已经激活！	 
2014-07-28 18:38:07   内容：您好李建，您的1+2事业平台已经激活！	 
2014-07-28 18:38:07   内容：您好孙龙敏，您的1+2事业平台已经激活！	 
2014-07-28 18:38:07   内容：您好徐美林，您的1+2事业平台已经激活！	 
2014-07-28 18:38:09   内容：您好何吕，您的1+2事业平台已经激活！	 
2014-07-28 18:38:09   内容：您好吕帅，您的1+2事业平台已经激活！	 
2014-07-28 18:38:12   内容：您好李鱼，您的1+2事业平台已经激活！	 
2014-07-28 18:38:13   内容：您好曩楠，您的1+2事业平台已经激活！	 
2014-07-28 18:38:14   内容：您好董文锋，您的1+2事业平台已经激活！	 
2014-07-28 18:38:16   内容：您好李大伟，您的1+2事业平台已经激活！	 
2014-07-28 18:38:17   内容：您好谢文强，您的1+2事业平台已经激活！	 
2014-07-28 18:38:18   内容：您好马成龙，您的1+2事业平台已经激活！	 
2014-07-28 18:38:19   内容：您好杨波涛，您的1+2事业平台已经激活！	 
2014-07-28 18:38:20   内容：您好王凯龙，您的1+2事业平台已经激活！	 
2014-07-28 18:38:22   内容：您好郭尚昆，您的1+2事业平台已经激活！	 
2014-07-28 18:38:23   内容：您好潘庚，您的1+2事业平台已经激活！	 
2014-07-28 18:38:24   内容：您好刘董玉，您的1+2事业平台已经激活！	 
2014-07-28 18:38:26   内容：您好邓广战，您的1+2事业平台已经激活！	 
2014-07-28 18:38:27   内容：您好徐志远，您的1+2事业平台已经激活！	 
2014-07-28 18:38:28   内容：您好张星龙，您的1+2事业平台已经激活！	 
2014-07-28 18:38:31   内容：您好高帅帅，您的1+2事业平台已经激活！	 
2014-07-28 18:38:32   内容：您好冯平，您的1+2事业平台已经激活！	 
2014-07-28 18:38:34   内容：您好蒋正兰，您的1+2事业平台已经激活！	 
2014-07-28 18:38:37   内容：您好罗豪，您的1+2事业平台已经激活！	 
2014-07-28 18:38:37   内容：您好杨春东，您的1+2事业平台已经激活！	 
2014-07-28 18:38:39   内容：您好木乃子哈，您的1+2事业平台已经激活！	 
2014-07-28 18:38:39   内容：您好赵伟，您的1+2事业平台已经激活！	 
2014-07-28 18:38:41   内容：您好丁小小，您的1+2事业平台已经激活！	 
2014-07-28 18:38:41   内容：您好唐俊龙，您的1+2事业平台已经激活！	 
2014-07-28 18:38:44   内容：您好余智飞，您的1+2事业平台已经激活！	 
2014-07-28 18:38:44   内容：您好张桂芳，您的1+2事业平台已经激活！	 
2014-07-28 18:38:46   内容：您好项杰，您的1+2事业平台已经激活！	 
2014-07-28 18:38:47   内容：您好张燕燕，您的1+2事业平台已经激活！	 
2014-07-28 18:38:49   内容：您好黄春晓，您的1+2事业平台已经激活！	 
2014-07-28 18:38:49   内容：您好洪海旺，您的1+2事业平台已经激活！	 
2014-07-28 18:38:51   内容：您好张晓攀，您的1+2事业平台已经激活！	 
2014-07-28 18:38:52   内容：您好余必忠，您的1+2事业平台已经激活！	 
2014-07-28 18:38:53   内容：您好陈光毅，您的1+2事业平台已经激活！	 
2014-07-28 18:38:55   内容：您好万永刚，您的1+2事业平台已经激活！	 
2014-07-28 18:38:56   内容：您好曹方贤，您的1+2事业平台已经激活！	 
2014-07-28 18:38:57   内容：您好何晓芳，您的1+2事业平台已经激活！	 
2014-07-28 18:38:58   内容：您好侯小龙，您的1+2事业平台已经激活！	 
2014-07-28 18:39:00   内容：您好吉杨信，您的1+2事业平台已经激活！	 
2014-07-28 18:39:00   内容：您好邵李周，您的1+2事业平台已经激活！	 
2014-07-28 18:39:05   内容：您好黄建龙，您的1+2事业平台已经激活！	 
2014-07-28 18:39:08   内容：您好王健，您的1+2事业平台已经激活！	 
2014-07-28 18:39:11   内容：您好严盛龙，您的1+2事业平台已经激活！	 
2014-07-28 18:39:14   内容：您好林敏，您的1+2事业平台已经激活！	 
2014-07-28 18:39:14   内容：您好葛基远，您的1+2事业平台已经激活！	 
2014-07-28 18:39:16   内容：您好钱小姣，您的1+2事业平台已经激活！	 
2014-07-28 18:39:17   内容：您好成菊香，您的1+2事业平台已经激活！	 
2014-07-28 18:39:18   内容：您好穆硕，您的1+2事业平台已经激活！	 
2014-07-28 18:39:19   内容：您好高钱，您的1+2事业平台已经激活！	 
2014-07-28 18:39:21   内容：您好商龙骠，您的1+2事业平台已经激活！	 
2014-07-28 18:39:22   内容：您好赵光银，您的1+2事业平台已经激活！	 
2014-07-28 18:39:23   内容：您好陈功，您的1+2事业平台已经激活！	 
2014-07-28 18:39:24   内容：您好汪清，您的1+2事业平台已经激活！	 
2014-07-28 18:39:25   内容：您好刘庆梅，您的1+2事业平台已经激活！	 
2014-07-28 18:39:27   内容：您好陈飞，您的1+2事业平台已经激活！	 
2014-07-28 18:39:28   内容：您好葛继承，您的1+2事业平台已经激活！	 
2014-07-28 18:39:29   内容：您好张印，您的1+2事业平台已经激活！	 
2014-07-28 18:39:30   内容：您好张燕燕，您的1+2事业平台已经激活！	 
2014-07-28 18:39:32   内容：您好涂传军，您的1+2事业平台已经激活！	 
2014-07-28 18:39:32   内容：您好许贤虎，您的1+2事业平台已经激活！	 
2014-07-28 18:39:34   内容：您好梁亚楠，您的1+2事业平台已经激活！	 
2014-07-28 18:39:34   内容：您好董青春，您的1+2事业平台已经激活！	 
2014-07-28 18:39:39   内容：您好葛飞，您的1+2事业平台已经激活！	 
2014-07-28 18:39:39   内容：您好刘彬，您的1+2事业平台已经激活！	 
2014-07-28 18:39:42   内容：您好卫志存，您的1+2事业平台已经激活！	 
2014-07-28 18:39:43   内容：您好余维智，您的1+2事业平台已经激活！	 
2014-07-28 18:39:44   内容：您好李反修，您的1+2事业平台已经激活！	 
2014-07-28 18:39:46   内容：您好田洪，您的1+2事业平台已经激活！	 
2014-07-28 18:39:47   内容：您好杨志强，您的1+2事业平台已经激活！	 
2014-07-28 18:39:49   内容：您好付建，您的1+2事业平台已经激活！	 
2014-07-28 18:39:49   内容：您好罗峰，您的1+2事业平台已经激活！	 
2014-07-28 18:39:49   内容：您好王怀柱，您的1+2事业平台已经激活！	 
2014-07-28 18:39:52   内容：您好储新君，您的1+2事业平台已经激活！	 
2014-07-28 18:39:52   内容：您好吴涛，您的1+2事业平台已经激活！	 
2014-07-28 18:39:55   内容：您好莫巧林，您的1+2事业平台已经激活！	 
2014-07-28 18:39:55   内容：您好樊贺，您的1+2事业平台已经激活！	 
2014-07-28 18:39:57   内容：您好李志磊，您的1+2事业平台已经激活！	 
2014-07-28 18:40:00   内容：您好陈杰，您的1+2事业平台已经激活！	 
2014-07-28 18:40:02   内容：您好钟息息，您的1+2事业平台已经激活！	 
2014-07-28 18:40:04   内容：您好葛波，您的1+2事业平台已经激活！	 
2014-07-28 18:40:04   内容：您好音心心，您的1+2事业平台已经激活！	 
2014-07-28 18:40:06   内容：您好俞明，您的1+2事业平台已经激活！	 
2014-07-28 18:40:09   内容：您好叶杰，您的1+2事业平台已经激活！	 
2014-07-28 18:40:09   内容：您好王丹丹，您的1+2事业平台已经激活！	 
2014-07-28 18:40:11   内容：您好李道兵，您的1+2事业平台已经激活！	 
2014-07-28 18:40:12   内容：您好陈新海，您的1+2事业平台已经激活！	 
2014-07-28 18:40:13   内容：您好贾少云，您的1+2事业平台已经激活！	 
2014-07-28 18:40:16   内容：您好张爱，您的1+2事业平台已经激活！	 
2014-07-28 18:40:16   内容：您好陈宝胜，您的1+2事业平台已经激活！	 
2014-07-28 18:40:18   内容：您好李江涛，您的1+2事业平台已经激活！	 
2014-07-28 18:40:20   内容：您好李贯军，您的1+2事业平台已经激活！	 
2014-07-28 18:40:20   内容：您好屈智财，您的1+2事业平台已经激活！	 
2014-07-28 18:40:23   内容：您好秦超，您的1+2事业平台已经激活！	 
2014-07-28 18:40:23   内容：您好岳一号，您的1+2事业平台已经激活！	 
2014-07-28 18:40:26   内容：您好石天宝，您的1+2事业平台已经激活！	 
2014-07-28 18:40:27   内容：您好陶训明，您的1+2事业平台已经激活！	 
2014-07-28 18:40:28   内容：您好童涛，您的1+2事业平台已经激活！	 
2014-07-28 18:40:30   内容：您好祝明龙，您的1+2事业平台已经激活！	 
2014-07-28 18:40:31   内容：您好林小妹，您的1+2事业平台已经激活！	 
2014-07-28 18:40:32   内容：您好孙俊松，您的1+2事业平台已经激活！	 
2014-07-28 18:40:33   内容：您好聂小灵，您的1+2事业平台已经激活！	 
2014-07-28 18:40:38   内容：您好袁健，您的1+2事业平台已经激活！	 
2014-07-28 18:40:38   内容：您好王雄，您的1+2事业平台已经激活！	 
2014-07-28 18:40:40   内容：您好徐春，您的1+2事业平台已经激活！	 
2014-07-28 18:40:41   内容：您好丁凡，您的1+2事业平台已经激活！	 
2014-07-28 18:40:43   内容：您好侯张亮，您的1+2事业平台已经激活！	 
2014-07-28 18:40:44   内容：您好郑利青，您的1+2事业平台已经激活！	 
2014-07-28 18:40:45   内容：您好王宏远，您的1+2事业平台已经激活！	 
2014-07-28 18:40:46   内容：您好孙广明，您的1+2事业平台已经激活！	 
2014-07-28 18:40:48   内容：您好张山，您的1+2事业平台已经激活！	 
2014-07-28 18:40:48   内容：您好徐应涛，您的1+2事业平台已经激活！	 
2014-07-28 18:40:49   内容：您好龚进杰，您的1+2事业平台已经激活！	 
2014-07-28 18:40:51   内容：您好王海燕，您的1+2事业平台已经激活！	 
2014-07-28 18:40:51   内容：您好魏鹏，您的1+2事业平台已经激活！	 
2014-07-28 18:40:52   内容：您好魏鹏，您的1+2事业平台已经激活！	 
2014-07-28 18:40:53   内容：您好魏鹏，您的1+2事业平台已经激活！	 
2014-07-28 18:40:53   内容：您好张晓君，您的1+2事业平台已经激活！	 
2014-07-28 18:40:54   内容：您好王明好，您的1+2事业平台已经激活！	 
2014-07-28 18:40:56   内容：您好徐中芳，您的1+2事业平台已经激活！	 
2014-07-28 18:40:56   内容：您好杨凯强，您的1+2事业平台已经激活！	 
2014-07-28 18:40:58   内容：您好周自杏，您的1+2事业平台已经激活！	 
2014-07-28 18:40:58   内容：您好徐标，您的1+2事业平台已经激活！	 
2014-07-28 18:41:00   内容：您好郑金娟，您的1+2事业平台已经激活！	 
2014-07-28 18:41:01   内容：您好袁月，您的1+2事业平台已经激活！	 
2014-07-28 18:41:03   内容：您好左国君，您的1+2事业平台已经激活！	 
2014-07-28 18:41:03   内容：您好唐永光，您的1+2事业平台已经激活！	 
2014-07-28 18:41:06   内容：您好徐晓波，您的1+2事业平台已经激活！	 
2014-07-28 18:41:07   内容：您好宋执元，您的1+2事业平台已经激活！	 
2014-07-28 18:41:08   内容：您好李涛，您的1+2事业平台已经激活！	 
2014-07-28 18:41:09   内容：您好管义兵，您的1+2事业平台已经激活！	 
2014-07-28 18:41:10   内容：您好王康，您的1+2事业平台已经激活！	 
2014-07-28 18:41:12   内容：您好殷鹏，您的1+2事业平台已经激活！	 
2014-07-28 18:41:13   内容：您好秦伟，您的1+2事业平台已经激活！	 
2014-07-28 18:41:15   内容：您好孟祥松，您的1+2事业平台已经激活！	 
2014-07-28 18:41:15   内容：您好秦伟，您的1+2事业平台已经激活！	 
2014-07-28 18:41:19   内容：您好王豆，您的1+2事业平台已经激活！	 
2014-07-28 18:41:21   内容：您好王豆，您的1+2事业平台已经激活！	 
2014-07-28 18:41:23   内容：您好魏毕，您的1+2事业平台已经激活！	 
2014-07-28 18:41:26   内容：您好徐生涛，您的1+2事业平台已经激活！	 
2014-07-28 18:41:28   内容：您好陈闪，您的1+2事业平台已经激活！	 
2014-07-28 18:41:30   内容：您好丁云云，您的1+2事业平台已经激活！	 
2014-07-28 18:41:31   内容：您好张胜利，您的1+2事业平台已经激活！	 
2014-07-28 18:41:33   内容：您好陶言康，您的1+2事业平台已经激活！	 
2014-07-28 18:41:35   内容：您好刘宗飞，您的1+2事业平台已经激活！	 
2014-07-28 18:41:38   内容：您好朱城，您的1+2事业平台已经激活！	 
2014-07-28 18:41:38   内容：您好吕维，您的1+2事业平台已经激活！	 
2014-07-28 18:41:40   内容：您好李书武，您的1+2事业平台已经激活！	 
2014-07-28 18:41:40   内容：您好任朝阳，您的1+2事业平台已经激活！	 
2014-07-28 18:41:44   内容：您好朱法根，您的1+2事业平台已经激活！	 
2014-07-28 18:41:44   内容：您好方之丰，您的1+2事业平台已经激活！	 
2014-07-28 18:41:46   内容：您好王益胜，您的1+2事业平台已经激活！	 
2014-07-28 18:41:47   内容：您好李卫卫，您的1+2事业平台已经激活！	 
2014-07-28 18:41:49   内容：您好陆翔，您的1+2事业平台已经激活！	 
2014-07-28 18:41:49   内容：您好汤雪阳，您的1+2事业平台已经激活！	 
2014-07-28 18:41:51   内容：您好王军华，您的1+2事业平台已经激活！	 
2014-07-28 18:41:51   内容：您好任书欢，您的1+2事业平台已经激活！	 
2014-07-28 18:41:53   内容：您好甄剑明，您的1+2事业平台已经激活！	 
2014-07-28 18:41:54   内容：您好王军，您的1+2事业平台已经激活！	 
2014-07-28 18:41:55   内容：您好殷俊，您的1+2事业平台已经激活！	 
2014-07-28 18:41:57   内容：您好陶站，您的1+2事业平台已经激活！	 
2014-07-28 18:41:58   内容：您好郑诗元，您的1+2事业平台已经激活！	 
2014-07-28 18:41:59   内容：您好邓启新，您的1+2事业平台已经激活！	 
2014-07-28 18:42:00   内容：您好周多霞，您的1+2事业平台已经激活！	 
2014-07-28 18:42:02   内容：您好曹正江，您的1+2事业平台已经激活！	 
2014-07-28 18:42:02   内容：您好王义俊，您的1+2事业平台已经激活！	 
2014-07-28 18:42:05   内容：您好梁静，您的1+2事业平台已经激活！	 
2014-07-28 18:42:05   内容：您好余海军，您的1+2事业平台已经激活！	 
2014-07-28 18:42:07   内容：您好闫东文，您的1+2事业平台已经激活！	 
2014-07-28 18:42:07   内容：您好周生志，您的1+2事业平台已经激活！	 
2014-07-28 18:42:09   内容：您好莫冬冬，您的1+2事业平台已经激活！	 
2014-07-28 18:42:10   内容：您好仇保雨，您的1+2事业平台已经激活！	 
2014-07-28 18:42:12   内容：您好杜克玲，您的1+2事业平台已经激活！	 
2014-07-28 18:42:12   内容：您好王朝良，您的1+2事业平台已经激活！	 
2014-07-28 18:42:14   内容：您好王明阳，您的1+2事业平台已经激活！	 
2014-07-28 18:42:16   内容：您好朱雨顺，您的1+2事业平台已经激活！	 
2014-07-28 18:42:16   内容：您好夏海超，您的1+2事业平台已经激活！	 
2014-07-28 18:42:21   内容：您好张健，您的1+2事业平台已经激活！	 
2014-07-28 18:42:22   内容：您好王国兵，您的1+2事业平台已经激活！	 
2014-07-28 18:42:24   内容：您好苏旭，您的1+2事业平台已经激活！	 
2014-07-28 18:42:24   内容：您好徐刘月，您的1+2事业平台已经激活！	 
2014-07-28 18:42:26   内容：您好吴祥龙，您的1+2事业平台已经激活！	 
2014-07-28 18:42:27   内容：您好王小辉，您的1+2事业平台已经激活！	 
2014-07-28 18:42:29   内容：您好田泽，您的1+2事业平台已经激活！	 
2014-07-28 18:42:29   内容：您好李从苗，您的1+2事业平台已经激活！	 
2014-07-28 18:42:31   内容：您好陶新来，您的1+2事业平台已经激活！	 
2014-07-28 18:42:31   内容：您好朱邦武，您的1+2事业平台已经激活！	 
2014-07-28 18:42:34   内容：您好耿磊，您的1+2事业平台已经激活！	 
2014-07-28 18:42:34   内容：您好吴孙龙，您的1+2事业平台已经激活！	 
2014-07-28 18:42:36   内容：您好刘中亚，您的1+2事业平台已经激活！	 
2014-07-28 18:42:36   内容：您好张曼丽，您的1+2事业平台已经激活！	 
2014-07-28 18:42:38   内容：您好程俊，您的1+2事业平台已经激活！	 
2014-07-28 18:42:39   内容：您好王盼盼，您的1+2事业平台已经激活！	 
2014-07-28 18:42:41   内容：您好孙晓东，您的1+2事业平台已经激活！	 
2014-07-28 18:42:42   内容：您好李小跃，您的1+2事业平台已经激活！	 
2014-07-28 18:42:43   内容：您好高明，您的1+2事业平台已经激活！	 
2014-07-28 18:42:45   内容：您好宋德川，您的1+2事业平台已经激活！	 
2014-07-28 18:42:46   内容：您好汪铜芳，您的1+2事业平台已经激活！	 
2014-07-28 18:42:48   内容：您好叶浩，您的1+2事业平台已经激活！	 
2014-07-28 18:42:48   内容：您好檀红艳，您的1+2事业平台已经激活！	 
2014-07-28 18:42:50   内容：您好程红，您的1+2事业平台已经激活！	 
2014-07-28 18:42:51   内容：您好刘溯，您的1+2事业平台已经激活！	 
2014-07-28 18:42:53   内容：您好王存金，您的1+2事业平台已经激活！	 
2014-07-28 18:42:54   内容：您好武海波，您的1+2事业平台已经激活！	 
2014-07-28 18:42:55   内容：您好陈玮，您的1+2事业平台已经激活！	 
2014-07-28 18:42:57   内容：您好黄琪，您的1+2事业平台已经激活！	 
2014-07-28 18:42:58   内容：您好邓升远，您的1+2事业平台已经激活！	 
2014-07-28 18:42:59   内容：您好冯其明，您的1+2事业平台已经激活！	 
2014-07-28 18:43:00   内容：您好张曼曼，您的1+2事业平台已经激活！	 
2014-07-28 18:43:02   内容：您好卢永波，您的1+2事业平台已经激活！	 
2014-07-28 18:43:02   内容：您好张蒙恩，您的1+2事业平台已经激活！	 
2014-07-28 18:43:04   内容：您好徐义，您的1+2事业平台已经激活！	 
2014-07-28 18:43:05   内容：您好徐竟生，您的1+2事业平台已经激活！	 
2014-07-28 18:43:07   内容：您好殷瑞，您的1+2事业平台已经激活！	 
2014-07-28 18:43:07   内容：您好张武，您的1+2事业平台已经激活！	 
2014-07-28 18:43:09   内容：您好王朝根，您的1+2事业平台已经激活！	 
2014-07-28 18:43:09   内容：您好孙桃花，您的1+2事业平台已经激活！	 
2014-07-28 18:43:12   内容：您好唐战魁，您的1+2事业平台已经激活！	 
2014-07-28 18:43:12   内容：您好石金德，您的1+2事业平台已经激活！	 
2014-07-28 18:43:14   内容：您好葛朝军，您的1+2事业平台已经激活！	 
2014-07-28 18:43:14   内容：您好杨旭，您的1+2事业平台已经激活！	 
2014-07-28 18:43:16   内容：您好马树生，您的1+2事业平台已经激活！	 
2014-07-28 18:43:17   内容：您好钟琼，您的1+2事业平台已经激活！	 
2014-07-28 18:43:19   内容：您好陈旭东，您的1+2事业平台已经激活！	 
2014-07-28 18:43:20   内容：您好封翔，您的1+2事业平台已经激活！	 
2014-07-28 18:43:21   内容：您好吴义旺，您的1+2事业平台已经激活！	 
2014-07-28 18:43:22   内容：您好殷正芳，您的1+2事业平台已经激活！	 
2014-07-28 18:43:23   内容：您好刘兴奎，您的1+2事业平台已经激活！	 
2014-07-28 18:43:25   内容：您好李杰，您的1+2事业平台已经激活！	 
2014-07-28 18:43:25   内容：您好郝绵红，您的1+2事业平台已经激活！	 
2014-07-28 18:43:27   内容：您好吴超，您的1+2事业平台已经激活！	 
2014-07-28 18:43:28   内容：您好张传好，您的1+2事业平台已经激活！	 
2014-07-28 18:43:30   内容：您好李超，您的1+2事业平台已经激活！	 
2014-07-28 18:43:31   内容：您好周兵，您的1+2事业平台已经激活！	 
2014-07-28 18:43:32   内容：您好闻金祝，您的1+2事业平台已经激活！	 
2014-07-28 18:43:33   内容：您好江伟，您的1+2事业平台已经激活！	 
2014-07-28 18:43:35   内容：您好邵松林，您的1+2事业平台已经激活！	 
2014-07-28 18:43:36   内容：您好彭超，您的1+2事业平台已经激活！	 
2014-07-28 18:43:39   内容：您好邵小东，您的1+2事业平台已经激活！	 
2014-07-28 18:43:39   内容：您好张国明，您的1+2事业平台已经激活！	 
2014-07-28 18:43:42   内容：您好吴玉香，您的1+2事业平台已经激活！	 
2014-07-28 18:43:42   内容：您好严润，您的1+2事业平台已经激活！	 
2014-07-28 18:43:44   内容：您好王国跃，您的1+2事业平台已经激活！	 
2014-07-28 18:43:45   内容：您好郭庆，您的1+2事业平台已经激活！	 
2014-07-28 18:43:47   内容：您好汪雷刚，您的1+2事业平台已经激活！	 
2014-07-28 18:43:47   内容：您好李长俊，您的1+2事业平台已经激活！	 
2014-07-28 18:43:49   内容：您好张宗龙，您的1+2事业平台已经激活！	 
2014-07-28 18:43:49   内容：您好明兴，您的1+2事业平台已经激活！	 
2014-07-28 18:43:52   内容：您好王华松，您的1+2事业平台已经激活！	 
2014-07-28 18:43:52   内容：您好陈学浩，您的1+2事业平台已经激活！	 
2014-07-28 18:43:54   内容：您好孟云，您的1+2事业平台已经激活！	 
2014-07-28 18:43:54   内容：您好康喜东，您的1+2事业平台已经激活！	 
2014-07-28 18:43:56   内容：您好周玥，您的1+2事业平台已经激活！	 
2014-07-28 18:43:57   内容：您好赵绍善，您的1+2事业平台已经激活！	 
2014-07-28 18:43:59   内容：您好石天云，您的1+2事业平台已经激活！	 
2014-07-28 18:44:01   内容：您好唐学利，您的1+2事业平台已经激活！	 
2014-07-28 18:44:02   内容：您好周祥山，您的1+2事业平台已经激活！	 
2014-07-28 18:44:03   内容：您好胡建伟，您的1+2事业平台已经激活！	 
2014-07-28 18:44:05   内容：您好柏传文，您的1+2事业平台已经激活！	 
2014-07-28 18:44:06   内容：您好周宇，您的1+2事业平台已经激活！	 
2014-07-28 18:44:07   内容：您好赵华磊，您的1+2事业平台已经激活！	 
2014-07-28 18:44:09   内容：您好赵进勇，您的1+2事业平台已经激活！	 
2014-07-28 18:44:10   内容：您好陈善忠，您的1+2事业平台已经激活！	 
2014-07-28 18:44:13   内容：您好谭峰，您的1+2事业平台已经激活！	 
2014-07-28 18:44:15   内容：您好陈柯飞，您的1+2事业平台已经激活！	 
2014-07-28 18:44:16   内容：您好祁玉柱，您的1+2事业平台已经激活！	 
2014-07-28 18:44:18   内容：您好孙源，您的1+2事业平台已经激活！	 
2014-07-28 18:44:19   内容：您好项亚飞，您的1+2事业平台已经激活！	 
2014-07-28 18:44:22   内容：您好冷献宝，您的1+2事业平台已经激活！	 
2014-07-28 18:44:22   内容：您好余召华，您的1+2事业平台已经激活！	 
2014-07-28 18:44:24   内容：您好王开建，您的1+2事业平台已经激活！	 
2014-07-28 18:44:26   内容：您好李伟超，您的1+2事业平台已经激活！	 
2014-07-28 18:44:27   内容：您好董洛晴，您的1+2事业平台已经激活！	 
2014-07-28 18:44:29   内容：您好李功高，您的1+2事业平台已经激活！	 
2014-07-28 18:44:29   内容：您好石天云，您的1+2事业平台已经激活！	 
2014-07-28 18:44:32   内容：您好刘中华，您的1+2事业平台已经激活！	 
2014-07-28 18:44:32   内容：您好陈银萍，您的1+2事业平台已经激活！	 
2014-07-28 18:44:34   内容：您好姚翔，您的1+2事业平台已经激活！	 
2014-07-28 18:44:35   内容：您好张洪闵，您的1+2事业平台已经激活！	 
2014-07-28 18:44:37   内容：您好李亚伟，您的1+2事业平台已经激活！	 
2014-07-28 18:44:38   内容：您好罗庆，您的1+2事业平台已经激活！	 
2014-07-28 18:44:39   内容：您好梅兆生，您的1+2事业平台已经激活！	 
2014-07-28 18:44:41   内容：您好李伟佳，您的1+2事业平台已经激活！	 
2014-07-28 18:44:42   内容：您好杨庆运，您的1+2事业平台已经激活！	 
2014-07-28 18:44:44   内容：您好马云，您的1+2事业平台已经激活！	 
2014-07-28 18:44:45   内容：您好刘连杰，您的1+2事业平台已经激活！	 
2014-07-28 18:44:45   内容：您好何东冬，您的1+2事业平台已经激活！	 
2014-07-28 18:44:46   内容：您好俞德环，您的1+2事业平台已经激活！	 
2014-07-28 18:44:49   内容：您好邵明，您的1+2事业平台已经激活！	 
2014-07-28 18:44:49   内容：您好陈磊，您的1+2事业平台已经激活！	 
2014-07-28 18:44:51   内容：您好李先雄，您的1+2事业平台已经激活！	 
2014-07-28 18:44:52   内容：您好李文广，您的1+2事业平台已经激活！	 
2014-07-28 18:44:54   内容：您好刘宗免，您的1+2事业平台已经激活！	 
2014-07-28 18:44:57   内容：您好刘敏，您的1+2事业平台已经激活！	 
2014-07-28 18:44:57   内容：您好张红兵，您的1+2事业平台已经激活！	 
2014-07-28 18:44:59   内容：您好王婷，您的1+2事业平台已经激活！	 
2014-07-28 18:45:00   内容：您好常春，您的1+2事业平台已经激活！	 
2014-07-28 18:45:01   内容：您好郭伟，您的1+2事业平台已经激活！	 
2014-07-28 18:45:01   内容：您好余明镜，您的1+2事业平台已经激活！	 
2014-07-28 18:45:04   内容：您好林兵，您的1+2事业平台已经激活！	 
2014-07-28 18:45:04   内容：您好张明东，您的1+2事业平台已经激活！	 
2014-07-28 18:45:06   内容：您好吴伟，您的1+2事业平台已经激活！	 
2014-07-28 18:45:08   内容：您好吕科，您的1+2事业平台已经激活！	 
2014-07-28 18:45:08   内容：您好范君涛，您的1+2事业平台已经激活！	 
2014-07-28 18:45:11   内容：您好练祥龙，您的1+2事业平台已经激活！	 
2014-07-28 18:45:12   内容：您好盛宗美，您的1+2事业平台已经激活！	 
2014-07-28 18:45:13   内容：您好钱敏，您的1+2事业平台已经激活！	 
2014-07-28 18:45:15   内容：您好宋志伟，您的1+2事业平台已经激活！	 
2014-07-28 18:45:16   内容：您好廖清鑫，您的1+2事业平台已经激活！	 
2014-07-28 18:45:17   内容：您好刘斌，您的1+2事业平台已经激活！	 
2014-07-28 18:45:18   内容：您好刘欢，您的1+2事业平台已经激活！	 
2014-07-28 18:45:20   内容：您好刘楚楚，您的1+2事业平台已经激活！	 
2014-07-28 18:45:21   内容：您好金玉杰，您的1+2事业平台已经激活！	 
2014-07-28 18:45:22   内容：您好高正国，您的1+2事业平台已经激活！	 
2014-07-28 18:45:22   内容：您好胡世超，您的1+2事业平台已经激活！	 
2014-07-28 18:45:23   内容：您好吴林峰，您的1+2事业平台已经激活！	 
2014-07-28 18:45:24   内容：您好楚玉彬，您的1+2事业平台已经激活！	 
2014-07-28 18:45:26   内容：您好汪伦芳，您的1+2事业平台已经激活！	 
2014-07-28 18:45:26   内容：您好陈为得，您的1+2事业平台已经激活！	 
2014-07-28 18:45:26   内容：您好刘勇，您的1+2事业平台已经激活！	 
2014-07-28 18:45:31   内容：您好程志伟，您的1+2事业平台已经激活！	 
2014-07-28 18:45:31   内容：您好唐林，您的1+2事业平台已经激活！	 
2014-07-28 18:45:33   内容：您好邓强之，您的1+2事业平台已经激活！	 
2014-07-28 18:45:34   内容：您好唐路平，您的1+2事业平台已经激活！	 
2014-07-28 18:45:36   内容：您好侯文，您的1+2事业平台已经激活！	 
2014-07-28 18:45:37   内容：您好谢代丙，您的1+2事业平台已经激活！	 
2014-07-28 18:45:38   内容：您好杜红亮，您的1+2事业平台已经激活！	 
2014-07-28 18:45:40   内容：您好何胜琼，您的1+2事业平台已经激活！	 
2014-07-28 18:45:40   内容：您好赵小易，您的1+2事业平台已经激活！	 
2014-07-28 18:45:42   内容：您好朱瑞瑞，您的1+2事业平台已经激活！	 
2014-07-28 18:45:43   内容：您好徐政文，您的1+2事业平台已经激活！	 
2014-07-28 18:45:45   内容：您好何云成，您的1+2事业平台已经激活！	 
2014-07-28 18:45:45   内容：您好何镇兵，您的1+2事业平台已经激活！	 
2014-07-28 18:45:47   内容：您好何永成，您的1+2事业平台已经激活！	 
2014-07-28 18:45:48   内容：您好曹超，您的1+2事业平台已经激活！	 
2014-07-28 18:45:49   内容：您好杨梦玲，您的1+2事业平台已经激活！	 
2014-07-28 18:45:50   内容：您好丁建平，您的1+2事业平台已经激活！	 
2014-07-28 18:45:51   内容：您好梁大霞，您的1+2事业平台已经激活！	 
2014-07-28 18:45:54   内容：您好李容，您的1+2事业平台已经激活！	 
2014-07-28 18:45:54   内容：您好李全东，您的1+2事业平台已经激活！	 
2014-07-28 18:45:56   内容：您好谢能苗，您的1+2事业平台已经激活！	 
2014-07-28 18:45:58   内容：您好贺杰，您的1+2事业平台已经激活！	 
2014-07-28 18:45:58   内容：您好任娅莉，您的1+2事业平台已经激活！	 
2014-07-28 18:46:00   内容：您好王围，您的1+2事业平台已经激活！	 
2014-07-28 18:46:00   内容：您好陈曼维，您的1+2事业平台已经激活！	 
2014-07-28 18:46:03   内容：您好张忠旭，您的1+2事业平台已经激活！	 
2014-07-28 18:46:03   内容：您好高少锋，您的1+2事业平台已经激活！	 
2014-07-28 18:46:05   内容：您好陈红飞，您的1+2事业平台已经激活！	 
2014-07-28 18:46:05   内容：您好吕扬，您的1+2事业平台已经激活！	 
2014-07-28 18:46:07   内容：您好王飞，您的1+2事业平台已经激活！	 
2014-07-28 18:46:07   内容：您好袁东霞，您的1+2事业平台已经激活！	 
2014-07-28 18:46:09   内容：您好黄术元，您的1+2事业平台已经激活！	 
2014-07-28 18:46:10   内容：您好王震方，您的1+2事业平台已经激活！	 
2014-07-28 18:46:12   内容：您好郑付伟，您的1+2事业平台已经激活！	 
2014-07-28 18:46:12   内容：您好李加媛，您的1+2事业平台已经激活！	 
2014-07-28 18:46:14   内容：您好张波，您的1+2事业平台已经激活！	 
2014-07-28 18:46:14   内容：您好王晓平，您的1+2事业平台已经激活！	 
2014-07-28 18:46:16   内容：您好王万良，您的1+2事业平台已经激活！	 
2014-07-28 18:46:16   内容：您好宋倩，您的1+2事业平台已经激活！	 
2014-07-28 18:46:18   内容：您好王程，您的1+2事业平台已经激活！	 
2014-07-28 18:46:19   内容：您好万晶晶，您的1+2事业平台已经激活！	 
2014-07-28 18:46:21   内容：您好穆德琴，您的1+2事业平台已经激活！	 
2014-07-28 18:46:21   内容：您好张玲，您的1+2事业平台已经激活！	 
2014-07-28 18:46:24   内容：您好刘应兰，您的1+2事业平台已经激活！	 
2014-07-28 18:46:24   内容：您好李周维，您的1+2事业平台已经激活！	 
2014-07-28 18:46:26   内容：您好郑涛，您的1+2事业平台已经激活！	 
2014-07-28 18:46:26   内容：您好程奎东，您的1+2事业平台已经激活！	 
2014-07-28 18:46:28   内容：您好陈兆沛，您的1+2事业平台已经激活！	 
2014-07-28 18:46:28   内容：您好阴学建，您的1+2事业平台已经激活！	 
2014-07-28 18:46:30   内容：您好武森，您的1+2事业平台已经激活！	 
2014-07-28 18:46:31   内容：您好石少雄，您的1+2事业平台已经激活！	 
2014-07-28 18:46:33   内容：您好高伸，您的1+2事业平台已经激活！	 
2014-07-28 18:46:33   内容：您好晏海峰，您的1+2事业平台已经激活！	 
2014-07-28 18:46:35   内容：您好张春生，您的1+2事业平台已经激活！	 
2014-07-28 18:46:36   内容：您好刘呈河，您的1+2事业平台已经激活！	 
2014-07-28 18:46:37   内容：您好刘志，您的1+2事业平台已经激活！	 
2014-07-28 18:46:37   内容：您好李树生，您的1+2事业平台已经激活！	 
2014-07-28 18:46:38   内容：您好徐清，您的1+2事业平台已经激活！	 
2014-07-28 18:46:40   内容：您好王伟，您的1+2事业平台已经激活！	 
2014-07-28 18:46:40   内容：您好杨顺，您的1+2事业平台已经激活！	 
2014-07-28 18:46:42   内容：您好陈周菊，您的1+2事业平台已经激活！	 
2014-07-28 18:46:42   内容：您好任光福，您的1+2事业平台已经激活！	 
2014-07-28 18:46:44   内容：您好曾梦如，您的1+2事业平台已经激活！	 
2014-07-28 18:46:44   内容：您好冉洪淋，您的1+2事业平台已经激活！	 
2014-07-28 18:46:45   内容：您好任昌容，您的1+2事业平台已经激活！	 
2014-07-28 18:46:47   内容：您好陈书，您的1+2事业平台已经激活！	 
2014-07-28 18:46:47   内容：您好林先弟，您的1+2事业平台已经激活！	 
2014-07-28 18:46:49   内容：您好董民武，您的1+2事业平台已经激活！	 
2014-07-28 18:46:50   内容：您好程华健，您的1+2事业平台已经激活！	 
2014-07-28 18:46:51   内容：您好闵国东，您的1+2事业平台已经激活！	 
2014-07-28 18:46:52   内容：您好袁洁，您的1+2事业平台已经激活！	 
2014-07-28 18:46:53   内容：您好万先伟，您的1+2事业平台已经激活！	 
2014-07-28 18:46:55   内容：您好杨毅，您的1+2事业平台已经激活！	 
2014-07-28 18:46:55   内容：您好易礼军，您的1+2事业平台已经激活！	 
2014-07-28 18:46:56   内容：您好张义，您的1+2事业平台已经激活！	 
2014-07-28 18:46:57   内容：您好吴照博，您的1+2事业平台已经激活！	 
2014-07-28 18:46:57   内容：您好彭燕妮，您的1+2事业平台已经激活！	 
2014-07-28 18:46:58   内容：您好陈智林，您的1+2事业平台已经激活！	 
2014-07-28 18:46:59   内容：您好何丝云，您的1+2事业平台已经激活！	 
2014-07-28 18:47:00   内容：您好曹小平，您的1+2事业平台已经激活！	 
2014-07-28 18:47:02   内容：您好叶秋果，您的1+2事业平台已经激活！	 
2014-07-28 18:47:02   内容：您好杨阳，您的1+2事业平台已经激活！	 
2014-07-28 18:47:02   内容：您好王孔熙，您的1+2事业平台已经激活！	 
2014-07-28 18:47:05   内容：您好吴旺胜，您的1+2事业平台已经激活！	 
2014-07-28 18:47:05   内容：您好孙斌，您的1+2事业平台已经激活！	 
2014-07-28 18:47:05   内容：您好谭肖肖，您的1+2事业平台已经激活！	 
2014-07-28 18:47:07   内容：您好李青华，您的1+2事业平台已经激活！	 
2014-07-28 18:47:08   内容：您好马辉平，您的1+2事业平台已经激活！	 
2014-07-28 18:47:15   内容：您好黄德炳，您的1+2事业平台已经激活！	 
2014-07-28 18:47:18   内容：您好杨宗瑛，您的1+2事业平台已经激活！	 
2014-07-28 18:47:22   内容：您好罗惠敏，您的1+2事业平台已经激活！	 
2014-07-28 18:47:30   内容：您好马利娜，您的1+2事业平台已经激活！	 
2014-07-28 18:47:33   内容：您好龚向前，您的1+2事业平台已经激活！	 
2014-07-28 18:47:36   内容：您好段煜，您的1+2事业平台已经激活！	 
2014-07-28 18:47:38   内容：您好蔡健康，您的1+2事业平台已经激活！	 
2014-07-28 18:47:43   内容：您好刘勇，您的1+2事业平台已经激活！	 
2014-07-28 18:47:46   内容：您好冉道俊，您的1+2事业平台已经激活！	 
2014-07-28 18:47:53   内容：您好李忠华，您的1+2事业平台已经激活！	 
2014-07-28 18:48:03   内容：您好彭浩，您的1+2事业平台已经激活！	 
2014-07-28 18:48:06   内容：您好段世界，您的1+2事业平台已经激活！	 
2014-07-28 18:48:13   内容：您好路红林，您的1+2事业平台已经激活！	 
2014-07-28 18:48:14   内容：您好王次体，您的1+2事业平台已经激活！	 
2014-07-28 18:48:16   内容：您好李文浩，您的1+2事业平台已经激活！	 
2014-07-28 18:48:19   内容：您好王邦林，您的1+2事业平台已经激活！	 
2014-07-28 18:48:20   内容：您好童钦，您的1+2事业平台已经激活！	 
2014-07-28 18:48:26   内容：您好郭国澄，您的1+2事业平台已经激活！	 
2014-07-28 18:48:30   内容：您好鲁数峰，您的1+2事业平台已经激活！	 
2014-07-28 18:48:34   内容：您好陈枫，您的1+2事业平台已经激活！	 
2014-07-28 18:48:34   内容：您好范露露，您的1+2事业平台已经激活！	 
2014-07-28 18:48:44   内容：您好吕维武，您的1+2事业平台已经激活！	 
2014-07-28 18:48:51   内容：您好潘清，您的1+2事业平台已经激活！	 
2014-07-28 18:48:59   内容：您好潘清，您的1+2事业平台已经激活！	 
2014-07-28 18:51:01   内容：您好戴春青，您的1+2事业平台已经激活！	 
2014-07-28 18:51:09   内容：您好李超，您的1+2事业平台已经激活！	 
2014-07-28 18:51:12   内容：您好耿亚龙，您的1+2事业平台已经激活！	 
2014-07-28 18:51:17   内容：您好庞宇宙，您的1+2事业平台已经激活！	 
2014-07-28 18:51:22   内容：您好王兵，您的1+2事业平台已经激活！	 
2014-07-28 18:51:25   内容：您好潘正东，您的1+2事业平台已经激活！	 
2014-07-28 18:51:28   内容：您好李军洋，您的1+2事业平台已经激活！	 
2014-07-28 18:51:32   内容：您好张汝雪，您的1+2事业平台已经激活！	 
2014-07-28 18:51:42   内容：您好毛少飞，您的1+2事业平台已经激活！	 
2014-07-28 18:51:45   内容：您好杨振元，您的1+2事业平台已经激活！	 
2014-07-28 18:51:53   内容：您好周庆峰，您的1+2事业平台已经激活！	 
2014-07-28 18:51:58   内容：您好李孟杰，您的1+2事业平台已经激活！	 
2014-07-28 18:52:03   内容：您好任磊，您的1+2事业平台已经激活！	 
2014-07-28 18:52:09   内容：您好孟雪，您的1+2事业平台已经激活！	 
2014-07-28 18:52:13   内容：您好郭瑞雪，您的1+2事业平台已经激活！	 
2014-07-28 18:52:19   内容：您好任娜娜，您的1+2事业平台已经激活！	 
2014-07-28 18:52:23   内容：您好吕红，您的1+2事业平台已经激活！	 
2014-07-28 18:52:30   内容：您好宋朝霞，您的1+2事业平台已经激活！	 
2014-07-28 18:52:37   内容：您好董爽，您的1+2事业平台已经激活！	 
2014-07-28 18:52:39   内容：您好李杭，您的1+2事业平台已经激活！	 
2014-07-28 18:52:44   内容：您好刘娜，您的1+2事业平台已经激活！	 
2014-07-28 18:52:50   内容：您好钱韦雪，您的1+2事业平台已经激活！	 
2014-07-28 18:53:00   内容：您好胡平，您的1+2事业平台已经激活！	 
2014-07-28 18:53:07   内容：您好杨黎明，您的1+2事业平台已经激活！	 
2014-07-28 18:53:11   内容：您好梁奇童，您的1+2事业平台已经激活！	 
2014-07-28 18:53:18   内容：您好沙其霞，您的1+2事业平台已经激活！	 
2014-07-28 18:53:20   内容：您好沙圆圆，您的1+2事业平台已经激活！	 
2014-07-28 18:53:23   内容：您好俞梦雅，您的1+2事业平台已经激活！	 
2014-07-28 18:53:25   内容：您好赵智奇，您的1+2事业平台已经激活！	 
2014-07-28 18:53:31   内容：您好朱银凤，您的1+2事业平台已经激活！	 
2014-07-28 18:53:41   内容：您好汪鹏，您的1+2事业平台已经激活！	 
2014-07-28 18:53:48   内容：您好张瑞东，您的1+2事业平台已经激活！	 
2014-07-28 18:53:56   内容：您好汪志松，您的1+2事业平台已经激活！	 
2014-07-28 18:54:01   内容：您好陈尹杰，您的1+2事业平台已经激活！	 
2014-07-28 18:54:12   内容：您好冯禹，您的1+2事业平台已经激活！	 
2014-07-28 18:54:21   内容：您好宋守超，您的1+2事业平台已经激活！	 
2014-07-28 18:54:29   内容：您好陈建军，您的1+2事业平台已经激活！	 
2014-07-28 18:54:33   内容：您好胡敏，您的1+2事业平台已经激活！	 
2014-07-28 18:54:37   内容：您好圣亮亮，您的1+2事业平台已经激活！	 
2014-07-28 18:54:40   内容：您好孙吴琼，您的1+2事业平台已经激活！	 
2014-07-28 18:54:42   内容：您好许华强，您的1+2事业平台已经激活！	 
2014-07-28 18:54:44   内容：您好李鑫磊，您的1+2事业平台已经激活！	 
2014-07-28 18:54:47   内容：您好郭言义，您的1+2事业平台已经激活！	 
2014-07-28 18:54:53   内容：您好李健，您的1+2事业平台已经激活！	 
2014-07-28 18:55:02   内容：您好韩婷婷，您的1+2事业平台已经激活！	 
2014-07-28 18:55:10   内容：您好倪佳，您的1+2事业平台已经激活！	 
2014-07-28 18:55:18   内容：您好李园园，您的1+2事业平台已经激活！	 
2014-07-28 18:55:20   内容：您好陈瑶，您的1+2事业平台已经激活！	 
2014-07-28 18:55:23   内容：您好杨元，您的1+2事业平台已经激活！	 
2014-07-28 18:55:28   内容：您好谢宇峰，您的1+2事业平台已经激活！	 
2014-07-28 18:55:34   内容：您好阳春梅，您的1+2事业平台已经激活！	 
2014-07-28 18:55:41   内容：您好张坤，您的1+2事业平台已经激活！	 
2014-07-28 18:55:43   内容：您好高新菊，您的1+2事业平台已经激活！	 
2014-07-28 18:55:44   内容：您好高新菊，您的1+2事业平台已经激活！	 
2014-07-28 18:55:45   内容：您好徐远禄，您的1+2事业平台已经激活！	 
2014-07-28 18:55:48   内容：您好吴肇明，您的1+2事业平台已经激活！	 
2014-07-28 18:55:51   内容：您好张蒙，您的1+2事业平台已经激活！	 
2014-07-28 18:55:59   内容：您好朱亚利，您的1+2事业平台已经激活！	 
2014-07-28 18:56:02   内容：您好解飞，您的1+2事业平台已经激活！	 
2014-07-28 18:56:06   内容：您好卫东，您的1+2事业平台已经激活！	 
2014-07-28 18:56:15   内容：您好张芬芬，您的1+2事业平台已经激活！	 
2014-07-28 18:56:24   内容：您好汪敏，您的1+2事业平台已经激活！	 
2014-07-28 18:56:28   内容：您好储友丽，您的1+2事业平台已经激活！	 
2014-07-28 18:56:36   内容：您好宋松，您的1+2事业平台已经激活！	 
2014-07-28 18:56:40   内容：您好陆敏，您的1+2事业平台已经激活！	 
2014-07-28 18:56:42   内容：您好韩苗苗，您的1+2事业平台已经激活！	 
2014-07-28 18:56:47   内容：您好黄亮，您的1+2事业平台已经激活！	 
2014-07-28 18:56:52   内容：您好甄宁，您的1+2事业平台已经激活！	 
2014-07-28 18:56:56   内容：您好曹旭红，您的1+2事业平台已经激活！	 
2014-07-28 18:57:05   内容：您好叩玉玉，您的1+2事业平台已经激活！	 
2014-07-28 18:57:12   内容：您好朱紫薇，您的1+2事业平台已经激活！	 
2014-07-28 18:57:17   内容：您好张欢迎，您的1+2事业平台已经激活！	 
2014-07-28 18:57:23   内容：您好汤晶，您的1+2事业平台已经激活！	 
2014-07-28 18:57:28   内容：您好陈雁，您的1+2事业平台已经激活！	 
2014-07-28 18:57:33   内容：您好廖祥，您的1+2事业平台已经激活！	 
2014-07-28 18:57:37   内容：您好刘剑，您的1+2事业平台已经激活！	 
2014-07-28 18:57:46   内容：您好渠梦珂，您的1+2事业平台已经激活！	 
2014-07-28 18:57:50   内容：您好张健，您的1+2事业平台已经激活！	 
2014-07-29 08:34:37   内容：您好系统测试用户，不要动这个用户，您的1+2事业平台入职成功！ 账户编号：s602239	 
