2014-07-29 14:48:47  网络故障短信发送失败		短信内容：您好 朱鹏飞，余方飞已经将您推荐到1+2事业平台，请登陆www.1dagong.com查看。账号为您的手机号，密码为手机号后四位。【壹打工网】 
2014-08-02 17:10:32  网络故障短信发送失败		短信内容：您好马瑞瑞 ，您已成功加入到1+2事业平台，请登陆www.1dagong.com查看。账号为您的手机号，密码为手机号后四位。【壹打工网】 
2014-08-04 13:26:47  网络故障短信发送失败		短信内容：您好姚文莹 ，您已成功加入到1+2事业平台，请登陆www.1dagong.com查看。账号为您的手机号，密码为手机号后四位。【壹打工网】 
2014-08-04 15:25:27  网络故障短信发送失败		短信内容：您好侯梦然 ，您已成功加入到1+2事业平台，请登陆www.1dagong.com查看。账号为您的手机号，密码为手机号后四位。【壹打工网】 
2014-08-04 15:26:35  网络故障短信发送失败		短信内容：您好汤小四 ，您已成功加入到1+2事业平台，请登陆www.1dagong.com查看。账号为您的手机号，密码为手机号后四位。【壹打工网】 
2014-08-04 15:27:21  网络故障短信发送失败		短信内容：您好杨祥 ，您已成功加入到1+2事业平台，请登陆www.1dagong.com查看。账号为您的手机号，密码为手机号后四位。【壹打工网】 
2014-08-04 15:28:19  网络故障短信发送失败		短信内容：您好王培勇 ，您已成功加入到1+2事业平台，请登陆www.1dagong.com查看。账号为您的手机号，密码为手机号后四位。【壹打工网】 
2014-08-04 15:29:04  网络故障短信发送失败		短信内容：您好张露 ，您已成功加入到1+2事业平台，请登陆www.1dagong.com查看。账号为您的手机号，密码为手机号后四位。【壹打工网】 
2014-08-04 15:29:53  网络故障短信发送失败		短信内容：您好尹建 ，您已成功加入到1+2事业平台，请登陆www.1dagong.com查看。账号为您的手机号，密码为手机号后四位。【壹打工网】 
2014-08-04 15:30:44  网络故障短信发送失败		短信内容：您好程华存 ，您已成功加入到1+2事业平台，请登陆www.1dagong.com查看。账号为您的手机号，密码为手机号后四位。【壹打工网】 
2014-08-04 15:31:28  网络故障短信发送失败		短信内容：您好潘志强 ，您已成功加入到1+2事业平台，请登陆www.1dagong.com查看。账号为您的手机号，密码为手机号后四位。【壹打工网】 
2014-08-04 15:32:13  网络故障短信发送失败		短信内容：您好李辉 ，您已成功加入到1+2事业平台，请登陆www.1dagong.com查看。账号为您的手机号，密码为手机号后四位。【壹打工网】 
2014-08-04 15:33:20  网络故障短信发送失败		短信内容：您好贾晓玲 ，您已成功加入到1+2事业平台，请登陆www.1dagong.com查看。账号为您的手机号，密码为手机号后四位。【壹打工网】 
2014-08-04 15:34:07  网络故障短信发送失败		短信内容：您好 朱咏雪，您已成功加入到1+2事业平台，请登陆www.1dagong.com查看。账号为您的手机号，密码为手机号后四位。【壹打工网】 
2014-08-04 15:35:05  网络故障短信发送失败		短信内容：您好张梦雪 ，您已成功加入到1+2事业平台，请登陆www.1dagong.com查看。账号为您的手机号，密码为手机号后四位。【壹打工网】 
2014-08-04 15:36:23  网络故障短信发送失败		短信内容：您好汪结葵 ，您已成功加入到1+2事业平台，请登陆www.1dagong.com查看。账号为您的手机号，密码为手机号后四位。【壹打工网】 
2014-08-04 15:38:58  网络故障短信发送失败		短信内容：您好叶杰金 ，您已成功加入到1+2事业平台，请登陆www.1dagong.com查看。账号为您的手机号，密码为手机号后四位。【壹打工网】 
2014-08-04 15:42:11  网络故障短信发送失败		短信内容：您好鲍小青 ，您已成功加入到1+2事业平台，请登陆www.1dagong.com查看。账号为您的手机号，密码为手机号后四位。【壹打工网】 
2014-08-04 15:43:19  网络故障短信发送失败		短信内容：您好刘培林 ，您已成功加入到1+2事业平台，请登陆www.1dagong.com查看。账号为您的手机号，密码为手机号后四位。【壹打工网】 
2014-08-04 15:44:58  网络故障短信发送失败		短信内容：您好叶亮 ，您已成功加入到1+2事业平台，请登陆www.1dagong.com查看。账号为您的手机号，密码为手机号后四位。【壹打工网】 
2014-08-04 15:46:10  网络故障短信发送失败		短信内容：您好杨磊 ，您已成功加入到1+2事业平台，请登陆www.1dagong.com查看。账号为您的手机号，密码为手机号后四位。【壹打工网】 
2014-08-04 15:49:48  网络故障短信发送失败		短信内容：您好朱生斌，您已成功加入到1+2事业平台，请登陆www.1dagong.com查看。账号为您的手机号，密码为手机号后四位。【壹打工网】 
2014-08-04 15:54:39  网络故障短信发送失败		短信内容：您好李伟  ，您已成功加入到1+2事业平台，请登陆www.1dagong.com查看。账号为您的手机号，密码为手机号后四位。【壹打工网】 
2014-08-04 15:57:19  网络故障短信发送失败		短信内容：您好周坤 ，您已成功加入到1+2事业平台，请登陆www.1dagong.com查看。账号为您的手机号，密码为手机号后四位。【壹打工网】 
2014-08-04 15:58:06  网络故障短信发送失败		短信内容：您好方旭 ，您已成功加入到1+2事业平台，请登陆www.1dagong.com查看。账号为您的手机号，密码为手机号后四位。【壹打工网】 
2014-08-04 15:59:43  网络故障短信发送失败		短信内容：您好赵卫红 ，您已成功加入到1+2事业平台，请登陆www.1dagong.com查看。账号为您的手机号，密码为手机号后四位。【壹打工网】 
2014-08-04 16:00:25  网络故障短信发送失败		短信内容：您好李江平 ，您已成功加入到1+2事业平台，请登陆www.1dagong.com查看。账号为您的手机号，密码为手机号后四位。【壹打工网】 
2014-08-04 16:01:13  网络故障短信发送失败		短信内容：您好韩硕 ，您已成功加入到1+2事业平台，请登陆www.1dagong.com查看。账号为您的手机号，密码为手机号后四位。【壹打工网】 
2014-08-04 16:01:58  网络故障短信发送失败		短信内容：您好荀永强 ，您已成功加入到1+2事业平台，请登陆www.1dagong.com查看。账号为您的手机号，密码为手机号后四位。【壹打工网】 
2014-08-04 16:02:37  网络故障短信发送失败		短信内容：您好李领 ，您已成功加入到1+2事业平台，请登陆www.1dagong.com查看。账号为您的手机号，密码为手机号后四位。【壹打工网】 
2014-08-04 16:03:16  网络故障短信发送失败		短信内容：您好毛礼阳 ，您已成功加入到1+2事业平台，请登陆www.1dagong.com查看。账号为您的手机号，密码为手机号后四位。【壹打工网】 
2014-08-04 16:03:56  网络故障短信发送失败		短信内容：您好李思超 ，您已成功加入到1+2事业平台，请登陆www.1dagong.com查看。账号为您的手机号，密码为手机号后四位。【壹打工网】 
2014-08-04 16:04:32  网络故障短信发送失败		短信内容：您好郭城诚 ，您已成功加入到1+2事业平台，请登陆www.1dagong.com查看。账号为您的手机号，密码为手机号后四位。【壹打工网】 
2014-08-04 16:05:35  网络故障短信发送失败		短信内容：您好汪洋 ，您已成功加入到1+2事业平台，请登陆www.1dagong.com查看。账号为您的手机号，密码为手机号后四位。【壹打工网】 
2014-08-04 16:06:28  网络故障短信发送失败		短信内容：您好陈明辉 ，您已成功加入到1+2事业平台，请登陆www.1dagong.com查看。账号为您的手机号，密码为手机号后四位。【壹打工网】 
2014-08-04 16:08:06  网络故障短信发送失败		短信内容：您好赵同意，您已成功加入到1+2事业平台，请登陆www.1dagong.com查看。账号为您的手机号，密码为手机号后四位。【壹打工网】 
2014-08-04 16:09:38  网络故障短信发送失败		短信内容：您好朱善韦 ，您已成功加入到1+2事业平台，请登陆www.1dagong.com查看。账号为您的手机号，密码为手机号后四位。【壹打工网】 
2014-08-04 16:10:45  网络故障短信发送失败		短信内容：您好高梅 ，您已成功加入到1+2事业平台，请登陆www.1dagong.com查看。账号为您的手机号，密码为手机号后四位。【壹打工网】 
2014-08-04 16:11:40  网络故障短信发送失败		短信内容：您好胡学文 ，您已成功加入到1+2事业平台，请登陆www.1dagong.com查看。账号为您的手机号，密码为手机号后四位。【壹打工网】 
2014-08-04 16:12:22  网络故障短信发送失败		短信内容：您好杜文腾 ，您已成功加入到1+2事业平台，请登陆www.1dagong.com查看。账号为您的手机号，密码为手机号后四位。【壹打工网】 
2014-08-04 16:13:06  网络故障短信发送失败		短信内容：您好金攀 ，您已成功加入到1+2事业平台，请登陆www.1dagong.com查看。账号为您的手机号，密码为手机号后四位。【壹打工网】 
2014-08-04 16:13:52  网络故障短信发送失败		短信内容：您好 刘小利，您已成功加入到1+2事业平台，请登陆www.1dagong.com查看。账号为您的手机号，密码为手机号后四位。【壹打工网】 
2014-08-04 16:14:37  网络故障短信发送失败		短信内容：您好  何超，您已成功加入到1+2事业平台，请登陆www.1dagong.com查看。账号为您的手机号，密码为手机号后四位。【壹打工网】 
2014-08-04 16:17:58  网络故障短信发送失败		短信内容：您好王伟龙 ，赵卫红 已经将您推荐到1+2事业平台，请登陆www.1dagong.com查看。账号为您的手机号，密码为手机号后四位。【壹打工网】 
2014-08-04 16:22:20  网络故障短信发送失败		短信内容：您好李云龙 ，您已成功加入到1+2事业平台，请登陆www.1dagong.com查看。账号为您的手机号，密码为手机号后四位。【壹打工网】 
2014-08-04 16:24:06  网络故障短信发送失败		短信内容：您好李光德 ，李云龙 已经将您推荐到1+2事业平台，请登陆www.1dagong.com查看。账号为您的手机号，密码为手机号后四位。【壹打工网】 
2014-08-04 16:44:46  网络故障短信发送失败		短信内容：您好李贺 ，您已成功加入到1+2事业平台，请登陆www.1dagong.com查看。账号为您的手机号，密码为手机号后四位。【壹打工网】 
2014-08-04 16:45:38  网络故障短信发送失败		短信内容：您好王欢 ，您已成功加入到1+2事业平台，请登陆www.1dagong.com查看。账号为您的手机号，密码为手机号后四位。【壹打工网】 
2014-08-04 16:46:18  网络故障短信发送失败		短信内容：您好王明洋 ，您已成功加入到1+2事业平台，请登陆www.1dagong.com查看。账号为您的手机号，密码为手机号后四位。【壹打工网】 
2014-08-04 16:46:54  网络故障短信发送失败		短信内容：您好王少军 ，您已成功加入到1+2事业平台，请登陆www.1dagong.com查看。账号为您的手机号，密码为手机号后四位。【壹打工网】 
2014-08-04 16:47:42  网络故障短信发送失败		短信内容：您好邹凯 ，您已成功加入到1+2事业平台，请登陆www.1dagong.com查看。账号为您的手机号，密码为手机号后四位。【壹打工网】 
2014-08-04 16:48:47  网络故障短信发送失败		短信内容：您好汪治龙 ，您已成功加入到1+2事业平台，请登陆www.1dagong.com查看。账号为您的手机号，密码为手机号后四位。【壹打工网】 
2014-08-04 16:49:26  网络故障短信发送失败		短信内容：您好任中彬 ，您已成功加入到1+2事业平台，请登陆www.1dagong.com查看。账号为您的手机号，密码为手机号后四位。【壹打工网】 
2014-08-04 16:50:07  网络故障短信发送失败		短信内容：您好汪何生 ，您已成功加入到1+2事业平台，请登陆www.1dagong.com查看。账号为您的手机号，密码为手机号后四位。【壹打工网】 
2014-08-04 16:51:02  网络故障短信发送失败		短信内容：您好何园彰 ，您已成功加入到1+2事业平台，请登陆www.1dagong.com查看。账号为您的手机号，密码为手机号后四位。【壹打工网】 
2014-08-04 16:51:56  网络故障短信发送失败		短信内容：您好张强 ，您已成功加入到1+2事业平台，请登陆www.1dagong.com查看。账号为您的手机号，密码为手机号后四位。【壹打工网】 
2014-08-04 16:52:35  网络故障短信发送失败		短信内容：您好刘志明 ，您已成功加入到1+2事业平台，请登陆www.1dagong.com查看。账号为您的手机号，密码为手机号后四位。【壹打工网】 
2014-08-04 16:53:20  网络故障短信发送失败		短信内容：您好彭广会 ，您已成功加入到1+2事业平台，请登陆www.1dagong.com查看。账号为您的手机号，密码为手机号后四位。【壹打工网】 
2014-08-04 16:54:00  网络故障短信发送失败		短信内容：您好赵鹏飞 ，您已成功加入到1+2事业平台，请登陆www.1dagong.com查看。账号为您的手机号，密码为手机号后四位。【壹打工网】 
2014-08-04 16:54:38  网络故障短信发送失败		短信内容：您好汪霞 ，您已成功加入到1+2事业平台，请登陆www.1dagong.com查看。账号为您的手机号，密码为手机号后四位。【壹打工网】 
2014-08-04 16:55:31  网络故障短信发送失败		短信内容：您好张慧 ，您已成功加入到1+2事业平台，请登陆www.1dagong.com查看。账号为您的手机号，密码为手机号后四位。【壹打工网】 
2014-08-04 16:57:20  网络故障短信发送失败		短信内容：您好聂斌 ，您已成功加入到1+2事业平台，请登陆www.1dagong.com查看。账号为您的手机号，密码为手机号后四位。【壹打工网】 
2014-08-04 16:58:15  网络故障短信发送失败		短信内容：您好胡定洪 ，您已成功加入到1+2事业平台，请登陆www.1dagong.com查看。账号为您的手机号，密码为手机号后四位。【壹打工网】 
2014-08-04 16:58:46  网络故障短信发送失败		短信内容：您好侯昆仑 ，您已成功加入到1+2事业平台，请登陆www.1dagong.com查看。账号为您的手机号，密码为手机号后四位。【壹打工网】 
2014-08-04 16:59:24  网络故障短信发送失败		短信内容：您好高园泰 ，您已成功加入到1+2事业平台，请登陆www.1dagong.com查看。账号为您的手机号，密码为手机号后四位。【壹打工网】 
2014-08-05 09:18:10  网络故障短信发送失败		短信内容：您好孙超，赵鹏飞 已经将您推荐到1+2事业平台，请登陆www.1dagong.com查看。账号为您的手机号，密码为手机号后四位。【壹打工网】 
2014-08-05 09:19:21  网络故障短信发送失败		短信内容：您好何超，高园泰 已经将您推荐到1+2事业平台，请登陆www.1dagong.com查看。账号为您的手机号，密码为手机号后四位。【壹打工网】 
2014-08-05 09:26:59  网络故障短信发送失败		短信内容：您好张杨，李云龙 已经将您推荐到1+2事业平台，请登陆www.1dagong.com查看。账号为您的手机号，密码为手机号后四位。【壹打工网】 
2014-08-05 13:23:51  网络故障短信发送失败		短信内容：您好赵楠，王培勇 已经将您推荐到1+2事业平台，请登陆www.1dagong.com查看。账号为您的手机号，密码为手机号后四位。【壹打工网】 
2014-08-05 13:38:11  网络故障短信发送失败		短信内容：您好陈欢，邹凯 已经将您推荐到1+2事业平台，请登陆www.1dagong.com查看。账号为您的手机号，密码为手机号后四位。【壹打工网】 
2014-08-05 15:03:44  网络故障短信发送失败		短信内容：您好李阳，壹打工（上海）已经将您推荐到1+2事业平台，请登陆www.1dagong.com查看。账号为您的手机号，密码为手机号后四位。【壹打工网】 
2014-08-05 16:21:39  网络故障短信发送失败		短信内容：您好张玉  ，您已成功加入到1+2事业平台，请登陆www.1dagong.com查看。账号为您的手机号，密码为手机号后四位。【壹打工网】 
2014-08-05 16:22:25  网络故障短信发送失败		短信内容：您好孟齐  ，您已成功加入到1+2事业平台，请登陆www.1dagong.com查看。账号为您的手机号，密码为手机号后四位。【壹打工网】 
2014-08-05 16:23:12  网络故障短信发送失败		短信内容：您好姜小庆 ，您已成功加入到1+2事业平台，请登陆www.1dagong.com查看。账号为您的手机号，密码为手机号后四位。【壹打工网】 
2014-08-05 16:23:44  网络故障短信发送失败		短信内容：您好翁海兴 ，您已成功加入到1+2事业平台，请登陆www.1dagong.com查看。账号为您的手机号，密码为手机号后四位。【壹打工网】 
2014-08-05 16:26:14  网络故障短信发送失败		短信内容：您好余爽  ，您已成功加入到1+2事业平台，请登陆www.1dagong.com查看。账号为您的手机号，密码为手机号后四位。【壹打工网】 
2014-08-05 16:26:56  网络故障短信发送失败		短信内容：您好解正友 ，您已成功加入到1+2事业平台，请登陆www.1dagong.com查看。账号为您的手机号，密码为手机号后四位。【壹打工网】 
2014-08-05 16:27:52  网络故障短信发送失败		短信内容：您好丁瑞冬 ，您已成功加入到1+2事业平台，请登陆www.1dagong.com查看。账号为您的手机号，密码为手机号后四位。【壹打工网】 
2014-08-05 16:28:27  网络故障短信发送失败		短信内容：您好陈飞 ，您已成功加入到1+2事业平台，请登陆www.1dagong.com查看。账号为您的手机号，密码为手机号后四位。【壹打工网】 
2014-08-05 16:29:14  网络故障短信发送失败		短信内容：您好周芳  ，您已成功加入到1+2事业平台，请登陆www.1dagong.com查看。账号为您的手机号，密码为手机号后四位。【壹打工网】 
2014-08-05 16:29:55  网络故障短信发送失败		短信内容：您好倪东 ，您已成功加入到1+2事业平台，请登陆www.1dagong.com查看。账号为您的手机号，密码为手机号后四位。【壹打工网】 
2014-08-05 16:30:33  网络故障短信发送失败		短信内容：您好章礼周 ，您已成功加入到1+2事业平台，请登陆www.1dagong.com查看。账号为您的手机号，密码为手机号后四位。【壹打工网】 
2014-08-05 16:31:18  网络故障短信发送失败		短信内容：您好王凯 ，您已成功加入到1+2事业平台，请登陆www.1dagong.com查看。账号为您的手机号，密码为手机号后四位。【壹打工网】 
2014-08-05 16:32:06  网络故障短信发送失败		短信内容：您好赵奥奇 ，您已成功加入到1+2事业平台，请登陆www.1dagong.com查看。账号为您的手机号，密码为手机号后四位。【壹打工网】 
2014-08-05 16:32:36  网络故障短信发送失败		短信内容：您好许正阳 ，您已成功加入到1+2事业平台，请登陆www.1dagong.com查看。账号为您的手机号，密码为手机号后四位。【壹打工网】 
2014-08-05 16:33:06  网络故障短信发送失败		短信内容：您好吴永成 ，您已成功加入到1+2事业平台，请登陆www.1dagong.com查看。账号为您的手机号，密码为手机号后四位。【壹打工网】 
2014-08-05 16:33:42  网络故障短信发送失败		短信内容：您好李关银 ，您已成功加入到1+2事业平台，请登陆www.1dagong.com查看。账号为您的手机号，密码为手机号后四位。【壹打工网】 
2014-08-05 16:34:25  网络故障短信发送失败		短信内容：您好曹小亮 ，您已成功加入到1+2事业平台，请登陆www.1dagong.com查看。账号为您的手机号，密码为手机号后四位。【壹打工网】 
2014-08-05 16:35:08  网络故障短信发送失败		短信内容：您好汪全成 ，您已成功加入到1+2事业平台，请登陆www.1dagong.com查看。账号为您的手机号，密码为手机号后四位。【壹打工网】 
2014-08-05 16:36:15  网络故障短信发送失败		短信内容：您好张磊 ，您已成功加入到1+2事业平台，请登陆www.1dagong.com查看。账号为您的手机号，密码为手机号后四位。【壹打工网】 
2014-08-05 16:37:06  网络故障短信发送失败		短信内容：您好卢洋 ，您已成功加入到1+2事业平台，请登陆www.1dagong.com查看。账号为您的手机号，密码为手机号后四位。【壹打工网】 
2014-08-05 16:37:43  网络故障短信发送失败		短信内容：您好蔡林  ，您已成功加入到1+2事业平台，请登陆www.1dagong.com查看。账号为您的手机号，密码为手机号后四位。【壹打工网】 
2014-08-05 16:38:19  网络故障短信发送失败		短信内容：您好王建荣 ，您已成功加入到1+2事业平台，请登陆www.1dagong.com查看。账号为您的手机号，密码为手机号后四位。【壹打工网】 
2014-08-05 16:40:16  网络故障短信发送失败		短信内容：您好贾威军 ，您已成功加入到1+2事业平台，请登陆www.1dagong.com查看。账号为您的手机号，密码为手机号后四位。【壹打工网】 
2014-08-05 16:40:44  网络故障短信发送失败		短信内容：您好谢彭发 ，您已成功加入到1+2事业平台，请登陆www.1dagong.com查看。账号为您的手机号，密码为手机号后四位。【壹打工网】 
2014-08-05 16:41:24  网络故障短信发送失败		短信内容：您好应浩 ，您已成功加入到1+2事业平台，请登陆www.1dagong.com查看。账号为您的手机号，密码为手机号后四位。【壹打工网】 
2014-08-05 16:42:15  网络故障短信发送失败		短信内容：您好孙成龙 ，您已成功加入到1+2事业平台，请登陆www.1dagong.com查看。账号为您的手机号，密码为手机号后四位。【壹打工网】 
2014-08-05 16:42:45  网络故障短信发送失败		短信内容：您好余浏 ，您已成功加入到1+2事业平台，请登陆www.1dagong.com查看。账号为您的手机号，密码为手机号后四位。【壹打工网】 
2014-08-05 16:43:19  网络故障短信发送失败		短信内容：您好张国庆 ，您已成功加入到1+2事业平台，请登陆www.1dagong.com查看。账号为您的手机号，密码为手机号后四位。【壹打工网】 
2014-08-05 16:44:59  网络故障短信发送失败		短信内容：您好刘彦彦 ，您已成功加入到1+2事业平台，请登陆www.1dagong.com查看。账号为您的手机号，密码为手机号后四位。【壹打工网】 
2014-08-05 16:45:22  网络故障短信发送失败		短信内容：您好丁荣斌 ，您已成功加入到1+2事业平台，请登陆www.1dagong.com查看。账号为您的手机号，密码为手机号后四位。【壹打工网】 
2014-08-05 16:45:49  网络故障短信发送失败		短信内容：您好程涛 ，您已成功加入到1+2事业平台，请登陆www.1dagong.com查看。账号为您的手机号，密码为手机号后四位。【壹打工网】 
2014-08-05 16:46:15  网络故障短信发送失败		短信内容：您好江传胜 ，您已成功加入到1+2事业平台，请登陆www.1dagong.com查看。账号为您的手机号，密码为手机号后四位。【壹打工网】 
2014-08-05 16:46:38  网络故障短信发送失败		短信内容：您好车家才 ，您已成功加入到1+2事业平台，请登陆www.1dagong.com查看。账号为您的手机号，密码为手机号后四位。【壹打工网】 
2014-08-05 16:47:08  网络故障短信发送失败		短信内容：您好张宁  ，您已成功加入到1+2事业平台，请登陆www.1dagong.com查看。账号为您的手机号，密码为手机号后四位。【壹打工网】 
2014-08-05 16:53:02  网络故障短信发送失败		短信内容：您好董雅君 ，张玉  已经将您推荐到1+2事业平台，请登陆www.1dagong.com查看。账号为您的手机号，密码为手机号后四位。【壹打工网】 
2014-08-06 16:11:58  网络故障短信发送失败		短信内容：您好林东，李关银 已经将您推荐到1+2事业平台，请登陆www.1dagong.com查看。账号为您的手机号，密码为手机号后四位。【壹打工网】 
2014-08-07 09:34:29  网络故障短信发送失败		短信内容：您好王璐，江传胜 已经将您推荐到1+2事业平台，请登陆www.1dagong.com查看。账号为您的手机号，密码为手机号后四位。【壹打工网】 
2014-08-07 09:36:05  网络故障短信发送失败		短信内容：您好张伟伟，倪东 已经将您推荐到1+2事业平台，请登陆www.1dagong.com查看。账号为您的手机号，密码为手机号后四位。【壹打工网】 
2014-08-07 09:37:13  网络故障短信发送失败		短信内容：您好葛宜春，倪东 已经将您推荐到1+2事业平台，请登陆www.1dagong.com查看。账号为您的手机号，密码为手机号后四位。【壹打工网】 
2014-08-07 16:30:22  网络故障短信发送失败		短信内容：您好曹伟 ，您已成功加入到1+2事业平台，请登陆www.1dagong.com查看。账号为您的手机号，密码为手机号后四位。【壹打工网】 
2014-08-07 16:33:05  网络故障短信发送失败		短信内容：您好李方 ，您已成功加入到1+2事业平台，请登陆www.1dagong.com查看。账号为您的手机号，密码为手机号后四位。【壹打工网】 
2014-08-07 16:33:37  网络故障短信发送失败		短信内容：您好王明 ，您已成功加入到1+2事业平台，请登陆www.1dagong.com查看。账号为您的手机号，密码为手机号后四位。【壹打工网】 
2014-08-07 16:34:11  网络故障短信发送失败		短信内容：您好储昭杰 ，您已成功加入到1+2事业平台，请登陆www.1dagong.com查看。账号为您的手机号，密码为手机号后四位。【壹打工网】 
2014-08-07 16:34:50  网络故障短信发送失败		短信内容：您好刘贤松 ，您已成功加入到1+2事业平台，请登陆www.1dagong.com查看。账号为您的手机号，密码为手机号后四位。【壹打工网】 
2014-08-07 16:35:21  网络故障短信发送失败		短信内容：您好程亮 ，您已成功加入到1+2事业平台，请登陆www.1dagong.com查看。账号为您的手机号，密码为手机号后四位。【壹打工网】 
2014-08-07 16:35:50  网络故障短信发送失败		短信内容：您好孙马林 ，您已成功加入到1+2事业平台，请登陆www.1dagong.com查看。账号为您的手机号，密码为手机号后四位。【壹打工网】 
2014-08-07 16:36:27  网络故障短信发送失败		短信内容：您好夏银生 ，您已成功加入到1+2事业平台，请登陆www.1dagong.com查看。账号为您的手机号，密码为手机号后四位。【壹打工网】 
2014-08-07 16:36:56  网络故障短信发送失败		短信内容：您好郭大柱 ，您已成功加入到1+2事业平台，请登陆www.1dagong.com查看。账号为您的手机号，密码为手机号后四位。【壹打工网】 
2014-08-07 16:37:22  网络故障短信发送失败		短信内容：您好陶艳 ，您已成功加入到1+2事业平台，请登陆www.1dagong.com查看。账号为您的手机号，密码为手机号后四位。【壹打工网】 
2014-08-07 16:37:48  网络故障短信发送失败		短信内容：您好余双琴 ，您已成功加入到1+2事业平台，请登陆www.1dagong.com查看。账号为您的手机号，密码为手机号后四位。【壹打工网】 
2014-08-07 16:38:14  网络故障短信发送失败		短信内容：您好王业纯 ，您已成功加入到1+2事业平台，请登陆www.1dagong.com查看。账号为您的手机号，密码为手机号后四位。【壹打工网】 
2014-08-07 16:38:42  网络故障短信发送失败		短信内容：您好王蕊 ，您已成功加入到1+2事业平台，请登陆www.1dagong.com查看。账号为您的手机号，密码为手机号后四位。【壹打工网】 
2014-08-07 16:39:06  网络故障短信发送失败		短信内容：您好王胜 ，您已成功加入到1+2事业平台，请登陆www.1dagong.com查看。账号为您的手机号，密码为手机号后四位。【壹打工网】 
2014-08-07 16:39:45  网络故障短信发送失败		短信内容：您好杨成光 ，您已成功加入到1+2事业平台，请登陆www.1dagong.com查看。账号为您的手机号，密码为手机号后四位。【壹打工网】 
2014-08-07 16:40:12  网络故障短信发送失败		短信内容：您好陈林利 ，您已成功加入到1+2事业平台，请登陆www.1dagong.com查看。账号为您的手机号，密码为手机号后四位。【壹打工网】 
2014-08-07 16:40:39  网络故障短信发送失败		短信内容：您好鲁芳 ，您已成功加入到1+2事业平台，请登陆www.1dagong.com查看。账号为您的手机号，密码为手机号后四位。【壹打工网】 
2014-08-07 16:41:06  网络故障短信发送失败		短信内容：您好盛玉艮 ，您已成功加入到1+2事业平台，请登陆www.1dagong.com查看。账号为您的手机号，密码为手机号后四位。【壹打工网】 
2014-08-07 16:41:33  网络故障短信发送失败		短信内容：您好孙鹃 ，您已成功加入到1+2事业平台，请登陆www.1dagong.com查看。账号为您的手机号，密码为手机号后四位。【壹打工网】 
2014-08-07 16:42:06  网络故障短信发送失败		短信内容：您好周意  ，您已成功加入到1+2事业平台，请登陆www.1dagong.com查看。账号为您的手机号，密码为手机号后四位。【壹打工网】 
2014-08-07 16:42:41  网络故障短信发送失败		短信内容：您好王伟 ，您已成功加入到1+2事业平台，请登陆www.1dagong.com查看。账号为您的手机号，密码为手机号后四位。【壹打工网】 
2014-08-07 16:43:10  网络故障短信发送失败		短信内容：您好刘郑 ，您已成功加入到1+2事业平台，请登陆www.1dagong.com查看。账号为您的手机号，密码为手机号后四位。【壹打工网】 
2014-08-07 16:43:34  网络故障短信发送失败		短信内容：您好张超斌 ，您已成功加入到1+2事业平台，请登陆www.1dagong.com查看。账号为您的手机号，密码为手机号后四位。【壹打工网】 
2014-08-07 16:43:58  网络故障短信发送失败		短信内容：您好沈建树 ，您已成功加入到1+2事业平台，请登陆www.1dagong.com查看。账号为您的手机号，密码为手机号后四位。【壹打工网】 
2014-08-07 16:44:33  网络故障短信发送失败		短信内容：您好张朋朋 ，您已成功加入到1+2事业平台，请登陆www.1dagong.com查看。账号为您的手机号，密码为手机号后四位。【壹打工网】 
2014-08-07 16:45:00  网络故障短信发送失败		短信内容：您好杨婷 ，您已成功加入到1+2事业平台，请登陆www.1dagong.com查看。账号为您的手机号，密码为手机号后四位。【壹打工网】 
2014-08-07 16:45:32  网络故障短信发送失败		短信内容：您好金世豪 ，您已成功加入到1+2事业平台，请登陆www.1dagong.com查看。账号为您的手机号，密码为手机号后四位。【壹打工网】 
2014-08-07 16:46:03  网络故障短信发送失败		短信内容：您好姜伟 ，您已成功加入到1+2事业平台，请登陆www.1dagong.com查看。账号为您的手机号，密码为手机号后四位。【壹打工网】 
2014-08-07 16:48:00  网络故障短信发送失败		短信内容：您好陈华 ，周意  已经将您推荐到1+2事业平台，请登陆www.1dagong.com查看。账号为您的手机号，密码为手机号后四位。【壹打工网】 
2014-08-07 16:49:22  网络故障短信发送失败		短信内容：您好宋青霞 ，金世豪 已经将您推荐到1+2事业平台，请登陆www.1dagong.com查看。账号为您的手机号，密码为手机号后四位。【壹打工网】 
2014-08-07 16:50:53  网络故障短信发送失败		短信内容：您好单小瑞 ，姜伟 已经将您推荐到1+2事业平台，请登陆www.1dagong.com查看。账号为您的手机号，密码为手机号后四位。【壹打工网】 
2014-08-07 16:52:14  网络故障短信发送失败		短信内容：您好牛家玉 ，苏万春已经将您推荐到1+2事业平台，请登陆www.1dagong.com查看。账号为您的手机号，密码为手机号后四位。【壹打工网】 
2014-08-07 16:53:14  网络故障短信发送失败		短信内容：您好张家捐 ，解正友 已经将您推荐到1+2事业平台，请登陆www.1dagong.com查看。账号为您的手机号，密码为手机号后四位。【壹打工网】 
2014-08-07 17:20:33  网络故障短信发送失败		短信内容：您好辛尚儒 ，您已成功加入到1+2事业平台，请登陆www.1dagong.com查看。账号为您的手机号，密码为手机号后四位。【壹打工网】 
2014-08-07 17:21:19  网络故障短信发送失败		短信内容：您好黄旭  ，您已成功加入到1+2事业平台，请登陆www.1dagong.com查看。账号为您的手机号，密码为手机号后四位。【壹打工网】 
2014-08-07 17:21:56  网络故障短信发送失败		短信内容：您好董海峰 ，您已成功加入到1+2事业平台，请登陆www.1dagong.com查看。账号为您的手机号，密码为手机号后四位。【壹打工网】 
2014-08-07 17:23:11  网络故障短信发送失败		短信内容：您好孔祥飞 ，您已成功加入到1+2事业平台，请登陆www.1dagong.com查看。账号为您的手机号，密码为手机号后四位。【壹打工网】 
2014-08-07 17:24:00  网络故障短信发送失败		短信内容：您好李双瑞 ，您已成功加入到1+2事业平台，请登陆www.1dagong.com查看。账号为您的手机号，密码为手机号后四位。【壹打工网】 
2014-08-07 17:24:36  网络故障短信发送失败		短信内容：您好王东 ，您已成功加入到1+2事业平台，请登陆www.1dagong.com查看。账号为您的手机号，密码为手机号后四位。【壹打工网】 
2014-08-07 17:25:25  网络故障短信发送失败		短信内容：您好高建振 ，您已成功加入到1+2事业平台，请登陆www.1dagong.com查看。账号为您的手机号，密码为手机号后四位。【壹打工网】 
2014-08-08 14:11:47  网络故障短信发送失败		短信内容：您好黄东，黄旭  已经将您推荐到1+2事业平台，请登陆www.1dagong.com查看。账号为您的手机号，密码为手机号后四位。【壹打工网】 
2014-08-08 14:29:08  网络故障短信发送失败		短信内容：您好俞晴，李光德 已经将您推荐到1+2事业平台，请登陆www.1dagong.com查看。账号为您的手机号，密码为手机号后四位。【壹打工网】 
2014-08-08 17:02:04  网络故障短信发送失败		短信内容：您好袁彩霞，杨婷 已经将您推荐到1+2事业平台，请登陆www.1dagong.com查看。账号为您的手机号，密码为手机号后四位。【壹打工网】 
2014-08-11 16:26:22  网络故障短信发送失败		短信内容：您好吴丙飞 ，您已成功加入到1+2事业平台，请登陆www.1dagong.com查看。账号为您的手机号，密码为手机号后四位。【壹打工网】 
2014-08-11 16:27:25  网络故障短信发送失败		短信内容：您好雷宇 ，您已成功加入到1+2事业平台，请登陆www.1dagong.com查看。账号为您的手机号，密码为手机号后四位。【壹打工网】 
2014-08-11 16:28:07  网络故障短信发送失败		短信内容：您好孙翠雨 ，您已成功加入到1+2事业平台，请登陆www.1dagong.com查看。账号为您的手机号，密码为手机号后四位。【壹打工网】 
2014-08-11 16:29:15  网络故障短信发送失败		短信内容：您好骆晓楠，您已成功加入到1+2事业平台，请登陆www.1dagong.com查看。账号为您的手机号，密码为手机号后四位。【壹打工网】 
2014-08-11 16:29:51  网络故障短信发送失败		短信内容：您好鲁国帅 ，您已成功加入到1+2事业平台，请登陆www.1dagong.com查看。账号为您的手机号，密码为手机号后四位。【壹打工网】 
2014-08-11 16:30:27  网络故障短信发送失败		短信内容：您好李东东 ，您已成功加入到1+2事业平台，请登陆www.1dagong.com查看。账号为您的手机号，密码为手机号后四位。【壹打工网】 
2014-08-11 16:30:58  网络故障短信发送失败		短信内容：您好吕兰兰 ，您已成功加入到1+2事业平台，请登陆www.1dagong.com查看。账号为您的手机号，密码为手机号后四位。【壹打工网】 
2014-08-11 16:31:34  网络故障短信发送失败		短信内容：您好吕清利 ，您已成功加入到1+2事业平台，请登陆www.1dagong.com查看。账号为您的手机号，密码为手机号后四位。【壹打工网】 
2014-08-11 16:32:32  网络故障短信发送失败		短信内容：您好马青元，您已成功加入到1+2事业平台，请登陆www.1dagong.com查看。账号为您的手机号，密码为手机号后四位。【壹打工网】 
2014-08-11 16:33:16  网络故障短信发送失败		短信内容：您好常康，您已成功加入到1+2事业平台，请登陆www.1dagong.com查看。账号为您的手机号，密码为手机号后四位。【壹打工网】 
2014-08-11 16:33:55  网络故障短信发送失败		短信内容：您好李小银，您已成功加入到1+2事业平台，请登陆www.1dagong.com查看。账号为您的手机号，密码为手机号后四位。【壹打工网】 
2014-08-11 16:34:34  网络故障短信发送失败		短信内容：您好张雪伟，您已成功加入到1+2事业平台，请登陆www.1dagong.com查看。账号为您的手机号，密码为手机号后四位。【壹打工网】 
2014-08-11 16:35:14  网络故障短信发送失败		短信内容：您好陈军，您已成功加入到1+2事业平台，请登陆www.1dagong.com查看。账号为您的手机号，密码为手机号后四位。【壹打工网】 
2014-08-11 16:35:45  网络故障短信发送失败		短信内容：您好王庆文 ，您已成功加入到1+2事业平台，请登陆www.1dagong.com查看。账号为您的手机号，密码为手机号后四位。【壹打工网】 
2014-08-11 16:36:19  网络故障短信发送失败		短信内容：您好刘园园 ，您已成功加入到1+2事业平台，请登陆www.1dagong.com查看。账号为您的手机号，密码为手机号后四位。【壹打工网】 
2014-08-11 16:36:51  网络故障短信发送失败		短信内容：您好汪圆圆 ，您已成功加入到1+2事业平台，请登陆www.1dagong.com查看。账号为您的手机号，密码为手机号后四位。【壹打工网】 
2014-08-11 16:37:19  网络故障短信发送失败		短信内容：您好汪正兵 ，您已成功加入到1+2事业平台，请登陆www.1dagong.com查看。账号为您的手机号，密码为手机号后四位。【壹打工网】 
2014-08-11 16:37:50  网络故障短信发送失败		短信内容：您好刘红娣 ，您已成功加入到1+2事业平台，请登陆www.1dagong.com查看。账号为您的手机号，密码为手机号后四位。【壹打工网】 
2014-08-12 09:04:28  网络故障短信发送失败		短信内容：您好李小银 ，您已成功加入到1+2事业平台，请登陆www.1dagong.com查看。账号为您的手机号，密码为手机号后四位。【壹打工网】 
2014-08-13 16:55:40  网络故障短信发送失败		短信内容：您好唐兴洋 ，您已成功加入到1+2事业平台，请登陆www.1dagong.com查看。账号为您的手机号，密码为手机号后四位。【壹打工网】 
2014-08-13 16:56:36  网络故障短信发送失败		短信内容：您好李想  ，您已成功加入到1+2事业平台，请登陆www.1dagong.com查看。账号为您的手机号，密码为手机号后四位。【壹打工网】 
2014-08-13 16:57:17  网络故障短信发送失败		短信内容：您好汪海威 ，您已成功加入到1+2事业平台，请登陆www.1dagong.com查看。账号为您的手机号，密码为手机号后四位。【壹打工网】 
2014-08-13 16:58:05  网络故障短信发送失败		短信内容：您好王玮  ，您已成功加入到1+2事业平台，请登陆www.1dagong.com查看。账号为您的手机号，密码为手机号后四位。【壹打工网】 
2014-08-13 16:58:46  网络故障短信发送失败		短信内容：您好刘正红 ，您已成功加入到1+2事业平台，请登陆www.1dagong.com查看。账号为您的手机号，密码为手机号后四位。【壹打工网】 
2014-08-13 17:01:14  网络故障短信发送失败		短信内容：您好石云云 ，您已成功加入到1+2事业平台，请登陆www.1dagong.com查看。账号为您的手机号，密码为手机号后四位。【壹打工网】 
2014-08-13 17:01:59  网络故障短信发送失败		短信内容：您好李辉  ，您已成功加入到1+2事业平台，请登陆www.1dagong.com查看。账号为您的手机号，密码为手机号后四位。【壹打工网】 
2014-08-13 17:02:43  网络故障短信发送失败		短信内容：您好盛量  ，您已成功加入到1+2事业平台，请登陆www.1dagong.com查看。账号为您的手机号，密码为手机号后四位。【壹打工网】 
2014-08-13 17:03:25  网络故障短信发送失败		短信内容：您好方娟  ，您已成功加入到1+2事业平台，请登陆www.1dagong.com查看。账号为您的手机号，密码为手机号后四位。【壹打工网】 
2014-08-13 17:04:07  网络故障短信发送失败		短信内容：您好张亚玲 ，您已成功加入到1+2事业平台，请登陆www.1dagong.com查看。账号为您的手机号，密码为手机号后四位。【壹打工网】 
2014-08-13 17:04:48  网络故障短信发送失败		短信内容：您好康玉豪 ，您已成功加入到1+2事业平台，请登陆www.1dagong.com查看。账号为您的手机号，密码为手机号后四位。【壹打工网】 
2014-08-13 17:12:11  网络故障短信发送失败		短信内容：您好高露  ，您已成功加入到1+2事业平台，请登陆www.1dagong.com查看。账号为您的手机号，密码为手机号后四位。【壹打工网】 
2014-08-13 17:12:56  网络故障短信发送失败		短信内容：您好范翔  ，您已成功加入到1+2事业平台，请登陆www.1dagong.com查看。账号为您的手机号，密码为手机号后四位。【壹打工网】 
2014-08-13 17:13:42  网络故障短信发送失败		短信内容：您好钟兵  ，您已成功加入到1+2事业平台，请登陆www.1dagong.com查看。账号为您的手机号，密码为手机号后四位。【壹打工网】 
2014-08-13 17:16:28  网络故障短信发送失败		短信内容：您好项智，夏银生 已经将您推荐到1+2事业平台，请登陆www.1dagong.com查看。账号为您的手机号，密码为手机号后四位。【壹打工网】 
2014-08-13 17:19:26  网络故障短信发送失败		短信内容：您好丁想辉，康玉豪 已经将您推荐到1+2事业平台，请登陆www.1dagong.com查看。账号为您的手机号，密码为手机号后四位。【壹打工网】 
2014-08-14 15:54:55  网络故障短信发送失败		短信内容：您好陈冲，张亚玲 已经将您推荐到1+2事业平台，请登陆www.1dagong.com查看。账号为您的手机号，密码为手机号后四位。【壹打工网】 
2014-08-18 15:19:23  网络故障短信发送失败		短信内容：您好费帮飞，应浩 已经将您推荐到1+2事业平台，请登陆www.1dagong.com查看。账号为您的手机号，密码为手机号后四位。【壹打工网】 
2014-08-23 15:22:47  网络故障短信发送失败		短信内容：您好沈正  ，您已成功加入到1+2事业平台，请登陆www.1dagong.com查看。账号为您的手机号，密码为手机号后四位。【壹打工网】 
2014-08-23 15:23:26  网络故障短信发送失败		短信内容：您好胡旋  ，您已成功加入到1+2事业平台，请登陆www.1dagong.com查看。账号为您的手机号，密码为手机号后四位。【壹打工网】 
2014-08-23 15:23:57  网络故障短信发送失败		短信内容：您好杨影  ，您已成功加入到1+2事业平台，请登陆www.1dagong.com查看。账号为您的手机号，密码为手机号后四位。【壹打工网】 
2014-08-23 15:24:40  网络故障短信发送失败		短信内容：您好胡净  ，您已成功加入到1+2事业平台，请登陆www.1dagong.com查看。账号为您的手机号，密码为手机号后四位。【壹打工网】 
2014-08-23 15:25:41  网络故障短信发送失败		短信内容：您好赵海燕 ，您已成功加入到1+2事业平台，请登陆www.1dagong.com查看。账号为您的手机号，密码为手机号后四位。【壹打工网】 
2014-08-23 15:26:10  网络故障短信发送失败		短信内容：您好郑柱  ，您已成功加入到1+2事业平台，请登陆www.1dagong.com查看。账号为您的手机号，密码为手机号后四位。【壹打工网】 
2014-08-23 15:27:52  网络故障短信发送失败		短信内容：您好邹冯  ，您已成功加入到1+2事业平台，请登陆www.1dagong.com查看。账号为您的手机号，密码为手机号后四位。【壹打工网】 
2014-08-23 15:28:26  网络故障短信发送失败		短信内容：您好高伟  ，您已成功加入到1+2事业平台，请登陆www.1dagong.com查看。账号为您的手机号，密码为手机号后四位。【壹打工网】 
2014-08-23 15:28:52  网络故障短信发送失败		短信内容：您好陈克招 ，您已成功加入到1+2事业平台，请登陆www.1dagong.com查看。账号为您的手机号，密码为手机号后四位。【壹打工网】 
2014-08-23 15:29:24  网络故障短信发送失败		短信内容：您好李恒  ，您已成功加入到1+2事业平台，请登陆www.1dagong.com查看。账号为您的手机号，密码为手机号后四位。【壹打工网】 
2014-08-23 15:29:52  网络故障短信发送失败		短信内容：您好孙新培 ，您已成功加入到1+2事业平台，请登陆www.1dagong.com查看。账号为您的手机号，密码为手机号后四位。【壹打工网】 
2014-08-23 15:30:19  网络故障短信发送失败		短信内容：您好陈海斌 ，您已成功加入到1+2事业平台，请登陆www.1dagong.com查看。账号为您的手机号，密码为手机号后四位。【壹打工网】 
2014-08-23 15:30:52  网络故障短信发送失败		短信内容：您好李士利 ，您已成功加入到1+2事业平台，请登陆www.1dagong.com查看。账号为您的手机号，密码为手机号后四位。【壹打工网】 
2014-08-23 15:31:16  网络故障短信发送失败		短信内容：您好曹杰  ，您已成功加入到1+2事业平台，请登陆www.1dagong.com查看。账号为您的手机号，密码为手机号后四位。【壹打工网】 
2014-08-23 15:31:40  网络故障短信发送失败		短信内容：您好杜刘森 ，您已成功加入到1+2事业平台，请登陆www.1dagong.com查看。账号为您的手机号，密码为手机号后四位。【壹打工网】 
2014-08-23 15:32:07  网络故障短信发送失败		短信内容：您好殷明  ，您已成功加入到1+2事业平台，请登陆www.1dagong.com查看。账号为您的手机号，密码为手机号后四位。【壹打工网】 
2014-08-23 15:32:36  网络故障短信发送失败		短信内容：您好蒋琴  ，您已成功加入到1+2事业平台，请登陆www.1dagong.com查看。账号为您的手机号，密码为手机号后四位。【壹打工网】 
2014-08-23 15:32:59  网络故障短信发送失败		短信内容：您好万孝芳 ，您已成功加入到1+2事业平台，请登陆www.1dagong.com查看。账号为您的手机号，密码为手机号后四位。【壹打工网】 
2014-08-23 15:33:35  网络故障短信发送失败		短信内容：您好张凯  ，您已成功加入到1+2事业平台，请登陆www.1dagong.com查看。账号为您的手机号，密码为手机号后四位。【壹打工网】 
2014-08-23 15:34:11  网络故障短信发送失败		短信内容：您好张玲玲 ，您已成功加入到1+2事业平台，请登陆www.1dagong.com查看。账号为您的手机号，密码为手机号后四位。【壹打工网】 
2014-08-23 15:34:52  网络故障短信发送失败		短信内容：您好陈良友 ，您已成功加入到1+2事业平台，请登陆www.1dagong.com查看。账号为您的手机号，密码为手机号后四位。【壹打工网】 
2014-08-23 15:35:25  网络故障短信发送失败		短信内容：您好王少聪 ，您已成功加入到1+2事业平台，请登陆www.1dagong.com查看。账号为您的手机号，密码为手机号后四位。【壹打工网】 
2014-08-23 15:38:14  网络故障短信发送失败		短信内容：您好丁学成 ，王少聪 已经将您推荐到1+2事业平台，请登陆www.1dagong.com查看。账号为您的手机号，密码为手机号后四位。【壹打工网】 
2014-08-23 15:39:07  网络故障短信发送失败		短信内容：您好陈维侠 ，李士利 已经将您推荐到1+2事业平台，请登陆www.1dagong.com查看。账号为您的手机号，密码为手机号后四位。【壹打工网】 
2014-08-23 15:39:58  网络故障短信发送失败		短信内容：您好潘兵兵 ，张玲玲 已经将您推荐到1+2事业平台，请登陆www.1dagong.com查看。账号为您的手机号，密码为手机号后四位。【壹打工网】 
2014-08-23 15:41:59  网络故障短信发送失败		短信内容：您好陈庆波 ，王少聪 已经将您推荐到1+2事业平台，请登陆www.1dagong.com查看。账号为您的手机号，密码为手机号后四位。【壹打工网】 
2014-08-25 09:36:42  网络故障短信发送失败		短信内容：您好张宝 ，您已成功加入到1+2事业平台，请登陆www.1dagong.com查看。账号为您的手机号，密码为手机号后四位。【壹打工网】 
2014-08-25 09:56:02  网络故障短信发送失败		短信内容：您好张俊，张宝 已经将您推荐到1+2事业平台，请登陆www.1dagong.com查看。账号为您的手机号，密码为手机号后四位。【壹打工网】 
2014-08-26 10:09:06  网络故障短信发送失败		短信内容：您好孙荣飞，贾晓玲 已经将您推荐到1+2事业平台，请登陆www.1dagong.com查看。账号为您的手机号，密码为手机号后四位。【壹打工网】 
2014-08-29 16:55:33  网络故障短信发送失败		短信内容：您好张涛  ，您已成功加入到1+2事业平台，请登陆www.1dagong.com查看。账号为您的手机号，密码为手机号后四位。【壹打工网】 
2014-08-29 16:56:39  网络故障短信发送失败		短信内容：您好刘川川 ，您已成功加入到1+2事业平台，请登陆www.1dagong.com查看。账号为您的手机号，密码为手机号后四位。【壹打工网】 
2014-08-29 16:57:15  网络故障短信发送失败		短信内容：您好王勇 ，您已成功加入到1+2事业平台，请登陆www.1dagong.com查看。账号为您的手机号，密码为手机号后四位。【壹打工网】 
2014-08-29 16:57:50  网络故障短信发送失败		短信内容：您好张艳梅 ，您已成功加入到1+2事业平台，请登陆www.1dagong.com查看。账号为您的手机号，密码为手机号后四位。【壹打工网】 
2014-08-29 16:58:27  网络故障短信发送失败		短信内容：您好葛良敏 ，您已成功加入到1+2事业平台，请登陆www.1dagong.com查看。账号为您的手机号，密码为手机号后四位。【壹打工网】 
2014-08-29 16:59:14  网络故障短信发送失败		短信内容：您好杨城 ，您已成功加入到1+2事业平台，请登陆www.1dagong.com查看。账号为您的手机号，密码为手机号后四位。【壹打工网】 
2014-08-29 16:59:51  网络故障短信发送失败		短信内容：您好陈小雷 ，您已成功加入到1+2事业平台，请登陆www.1dagong.com查看。账号为您的手机号，密码为手机号后四位。【壹打工网】 
2014-08-29 17:00:23  网络故障短信发送失败		短信内容：您好葛成亮 ，您已成功加入到1+2事业平台，请登陆www.1dagong.com查看。账号为您的手机号，密码为手机号后四位。【壹打工网】 
2014-08-29 17:00:57  网络故障短信发送失败		短信内容：您好靳晖 ，您已成功加入到1+2事业平台，请登陆www.1dagong.com查看。账号为您的手机号，密码为手机号后四位。【壹打工网】 
2014-08-29 17:06:06  网络故障短信发送失败		短信内容：您好宋志伟 ，李光德 已经将您推荐到1+2事业平台，请登陆www.1dagong.com查看。账号为您的手机号，密码为手机号后四位。【壹打工网】 
2014-08-31 17:16:06  网络故障短信发送失败		短信内容：您好杨基柱，李光德 已经将您推荐到1+2事业平台，请登陆www.1dagong.com查看。账号为您的手机号，密码为手机号后四位。【壹打工网】 
2014-09-01 14:56:38  网络故障短信发送失败		短信内容：【壹打工网】尊敬的壹打工网会员：恭喜您参与的1+2事业平台账户已产生内荐奖金，请登陆网站申请提现。咨询电话4001185188 
2014-09-02 09:25:36  网络故障短信发送失败		短信内容：【壹打工网】尊敬的壹打工网会员：恭喜您参与的1+2事业平台账户已产生内荐奖金，请登陆网站申请提现。咨询电话4001185188 
2014-09-11 08:46:21  网络故障短信发送失败		短信内容：您好贾树恒 ，您已成功加入到1+2事业平台，请登陆www.1dagong.com查看。账号为您的手机号，密码为手机号后四位。【壹打工网】 
2014-09-16 14:47:56  网络故障短信发送失败		短信内容：您好江文 ，您已成功加入到1+2事业平台，请登陆www.1dagong.com查看。账号为您的手机号，密码为手机号后四位。【壹打工网】 
2014-09-19 16:22:21  网络故障短信发送失败		短信内容：您好刘彩华，宋志伟 已经将您推荐到1+2事业平台，请登陆www.1dagong.com查看。账号为您的手机号，密码为手机号后四位。【壹打工网】 
2014-09-24 14:32:30  网络故障短信发送失败		短信内容：您好武平  ，您已成功加入到1+2事业平台，请登陆www.1dagong.com查看。账号为您的手机号，密码为手机号后四位。【壹打工网】 
2014-09-24 14:33:57  网络故障短信发送失败		短信内容：您好汪可  ，您已成功加入到1+2事业平台，请登陆www.1dagong.com查看。账号为您的手机号，密码为手机号后四位。【壹打工网】 
2014-09-24 14:34:25  网络故障短信发送失败		短信内容：您好薛建明 ，您已成功加入到1+2事业平台，请登陆www.1dagong.com查看。账号为您的手机号，密码为手机号后四位。【壹打工网】 
2014-09-24 14:34:51  网络故障短信发送失败		短信内容：您好张军  ，您已成功加入到1+2事业平台，请登陆www.1dagong.com查看。账号为您的手机号，密码为手机号后四位。【壹打工网】 
2014-09-24 14:35:29  网络故障短信发送失败		短信内容：您好汪明  ，您已成功加入到1+2事业平台，请登陆www.1dagong.com查看。账号为您的手机号，密码为手机号后四位。【壹打工网】 
2014-09-24 14:35:58  网络故障短信发送失败		短信内容：您好韩佳颖 ，您已成功加入到1+2事业平台，请登陆www.1dagong.com查看。账号为您的手机号，密码为手机号后四位。【壹打工网】 
2014-09-24 14:51:46  网络故障短信发送失败		短信内容：您好李丽芳，您已成功加入到1+2事业平台，请登陆www.1dagong.com查看。账号为您的手机号，密码为手机号后四位。【壹打工网】 
2014-09-25 09:41:44  网络故障短信发送失败		短信内容：您好李冰涛，您已成功加入到1+2事业平台，请登陆www.1dagong.com查看。账号为您的手机号，密码为手机号后四位。【壹打工网】 
2014-09-25 09:47:19  网络故障短信发送失败		短信内容：您好杨吕 ，您已成功加入到1+2事业平台，请登陆www.1dagong.com查看。账号为您的手机号，密码为手机号后四位。【壹打工网】 
2014-09-25 09:47:50  网络故障短信发送失败		短信内容：您好郭羊 ，您已成功加入到1+2事业平台，请登陆www.1dagong.com查看。账号为您的手机号，密码为手机号后四位。【壹打工网】 
2014-09-25 09:48:41  网络故障短信发送失败		短信内容：您好金政政 ，您已成功加入到1+2事业平台，请登陆www.1dagong.com查看。账号为您的手机号，密码为手机号后四位。【壹打工网】 
2014-09-25 09:49:54  网络故障短信发送失败		短信内容：您好娄艳 ，您已成功加入到1+2事业平台，请登陆www.1dagong.com查看。账号为您的手机号，密码为手机号后四位。【壹打工网】 
2014-09-25 09:52:42  网络故障短信发送失败		短信内容：您好李彬 ，金政政 已经将您推荐到1+2事业平台，请登陆www.1dagong.com查看。账号为您的手机号，密码为手机号后四位。【壹打工网】 
2014-09-29 08:50:14  网络故障短信发送失败		短信内容：您好杨广杰 ，您已成功加入到1+2事业平台，请登陆www.1dagong.com查看。账号为您的手机号，密码为手机号后四位。【壹打工网】 
2014-09-29 08:53:22  网络故障短信发送失败		短信内容：【壹打工网】尊敬的壹打工网会员：恭喜您参与的1+2事业平台账户已产生内荐奖金，请登陆网站申请提现。咨询电话4001185188 
2014-10-08 10:12:27  网络故障短信发送失败		短信内容：【壹打工网】尊敬的壹打工网会员：恭喜您参与的1+2事业平台账户已产生内荐奖金，请登陆网站申请提现。咨询电话4001185188 
2014-10-08 10:12:28  网络故障短信发送失败		短信内容：【壹打工网】尊敬的壹打工网会员：恭喜您参与的1+2事业平台账户已产生内荐奖金，请登陆网站申请提现。咨询电话4001185188 
2014-10-08 10:12:28  网络故障短信发送失败		短信内容：【壹打工网】尊敬的壹打工网会员：恭喜您参与的1+2事业平台账户已产生内荐奖金，请登陆网站申请提现。咨询电话4001185188 
2014-10-25 08:40:14  网络故障短信发送失败		短信内容：您好赵国强 ，您已成功加入到1+2事业平台，请登陆www.1dagong.com查看。账号为您的手机号，密码为手机号后四位。【壹打工网】 
2014-10-25 08:45:05  网络故障短信发送失败		短信内容：您好赵国飞 ，您已成功加入到1+2事业平台，请登陆www.1dagong.com查看。账号为您的手机号，密码为手机号后四位。【壹打工网】 
2014-10-25 08:46:52  网络故障短信发送失败		短信内容：您好朱卫燕 ，您已成功加入到1+2事业平台，请登陆www.1dagong.com查看。账号为您的手机号，密码为手机号后四位。【壹打工网】 
2014-10-25 08:49:29  网络故障短信发送失败		短信内容：您好石燕梅 ，您已成功加入到1+2事业平台，请登陆www.1dagong.com查看。账号为您的手机号，密码为手机号后四位。【壹打工网】 
2014-10-25 08:51:34  网络故障短信发送失败		短信内容：您好李仁平 ，您已成功加入到1+2事业平台，请登陆www.1dagong.com查看。账号为您的手机号，密码为手机号后四位。【壹打工网】 
2014-10-25 08:52:12  网络故障短信发送失败		短信内容：您好刘洪 ，您已成功加入到1+2事业平台，请登陆www.1dagong.com查看。账号为您的手机号，密码为手机号后四位。【壹打工网】 
2014-10-25 08:53:11  网络故障短信发送失败		短信内容：您好童青青 ，您已成功加入到1+2事业平台，请登陆www.1dagong.com查看。账号为您的手机号，密码为手机号后四位。【壹打工网】 
2014-10-30 09:12:28  网络故障短信发送失败		短信内容：【壹打工网】尊敬的壹打工网会员：恭喜您参与的1+2事业平台账户已产生内荐奖金，请登陆网站申请提现。咨询电话4001185188 
2014-10-30 09:12:28  网络故障短信发送失败		短信内容：【壹打工网】尊敬的壹打工网会员：恭喜您参与的1+2事业平台账户已产生内荐奖金，请登陆网站申请提现。咨询电话4001185188 
2014-10-30 10:51:21  网络故障短信发送失败		短信内容：您好孟翩，您已成功加入到1+2事业平台，请登陆www.1dagong.com查看。账号为您的手机号，密码为手机号后四位。【壹打工网】 
2014-11-03 11:23:17  网络故障短信发送失败		短信内容：【壹打工网】尊敬的壹打工网会员：恭喜您参与的1+2事业平台账户已产生内荐奖金，请登陆网站申请提现。咨询电话4001185188 
2014-11-03 11:23:20  网络故障短信发送失败		短信内容：【壹打工网】尊敬的壹打工网会员：恭喜您参与的1+2事业平台账户已产生内荐奖金，请登陆网站申请提现。咨询电话4001185188 
2014-11-03 11:23:20  网络故障短信发送失败		短信内容：【壹打工网】尊敬的壹打工网会员：恭喜您参与的1+2事业平台账户已产生内荐奖金，请登陆网站申请提现。咨询电话4001185188 
2014-11-03 11:23:20  网络故障短信发送失败		短信内容：【壹打工网】尊敬的壹打工网会员：恭喜您参与的1+2事业平台账户已产生内荐奖金，请登陆网站申请提现。咨询电话4001185188 
2014-11-03 11:23:20  网络故障短信发送失败		短信内容：【壹打工网】尊敬的壹打工网会员：恭喜您参与的1+2事业平台账户已产生内荐奖金，请登陆网站申请提现。咨询电话4001185188 
2014-11-09 21:25:16  网络故障短信发送失败		短信内容：您好，你申请的提现已经审核成功，我们会每个月的10号支付给您！【壹打工网】 
2014-11-09 21:26:01  网络故障短信发送失败		短信内容：您好，你申请的提现已经审核成功，我们会每个月的10号支付给您！【壹打工网】 
2014-11-24 15:51:42  网络故障短信发送失败		短信内容：您好魏超，您已成功加入到1+2事业平台，请登陆www.1dagong.com查看。账号为您的手机号，密码为手机号后四位。【壹打工网】 
2014-11-27 13:22:23  网络故障短信发送失败		短信内容：您好姜曙光，李增艳已经将您推荐到1+2事业平台，请登陆www.1dagong.com查看。账号为您的手机号，密码为手机号后四位。【壹打工网】 
2014-12-01 08:44:14  网络故障短信发送失败		短信内容：【壹打工网】尊敬的壹打工网会员：恭喜您参与的1+2事业平台账户已产生内荐奖金，请登陆网站申请提现。咨询电话4001185188 
2014-12-01 08:44:17  网络故障短信发送失败		短信内容：【壹打工网】尊敬的壹打工网会员：恭喜您参与的1+2事业平台账户已产生内荐奖金，请登陆网站申请提现。咨询电话4001185188 
2014-12-01 08:44:17  网络故障短信发送失败		短信内容：【壹打工网】尊敬的壹打工网会员：恭喜您参与的1+2事业平台账户已产生内荐奖金，请登陆网站申请提现。咨询电话4001185188 
2014-12-01 08:44:18  网络故障短信发送失败		短信内容：【壹打工网】尊敬的壹打工网会员：恭喜您参与的1+2事业平台账户已产生内荐奖金，请登陆网站申请提现。咨询电话4001185188 
2014-12-01 08:44:18  网络故障短信发送失败		短信内容：【壹打工网】尊敬的壹打工网会员：恭喜您参与的1+2事业平台账户已产生内荐奖金，请登陆网站申请提现。咨询电话4001185188 
2014-12-25 10:11:28  网络故障短信发送失败		短信内容：您好赵飞 ，许倩已经将您推荐到1+2事业平台，请登陆www.1dagong.com查看。账号为您的手机号，密码为手机号后四位。【壹打工网】 
2015-01-06 12:36:05  网络故障短信发送失败		短信内容：【壹打工网】尊敬的壹打工网会员：恭喜您参与的1+2事业平台账户已产生内荐奖金，请登陆网站申请提现。咨询电话4001185188 
2015-01-06 12:36:07  网络故障短信发送失败		短信内容：【壹打工网】尊敬的壹打工网会员：恭喜您参与的1+2事业平台账户已产生内荐奖金，请登陆网站申请提现。咨询电话4001185188 
2015-01-06 12:36:08  网络故障短信发送失败		短信内容：【壹打工网】尊敬的壹打工网会员：恭喜您参与的1+2事业平台账户已产生内荐奖金，请登陆网站申请提现。咨询电话4001185188 
2015-01-06 12:36:08  网络故障短信发送失败		短信内容：【壹打工网】尊敬的壹打工网会员：恭喜您参与的1+2事业平台账户已产生内荐奖金，请登陆网站申请提现。咨询电话4001185188 
2015-01-06 12:36:08  网络故障短信发送失败		短信内容：【壹打工网】尊敬的壹打工网会员：恭喜您参与的1+2事业平台账户已产生内荐奖金，请登陆网站申请提现。咨询电话4001185188 
2015-01-06 14:10:16  网络故障短信发送失败		短信内容：您好屠西安 ，您已成功加入到1+2事业平台，请登陆www.1dagong.com查看。账号为您的手机号，密码为手机号后四位。【壹打工网】 
2015-01-06 14:10:44  网络故障短信发送失败		短信内容：您好徐磊  ，您已成功加入到1+2事业平台，请登陆www.1dagong.com查看。账号为您的手机号，密码为手机号后四位。【壹打工网】 
2015-01-06 14:11:15  网络故障短信发送失败		短信内容：您好朱罗丹 ，您已成功加入到1+2事业平台，请登陆www.1dagong.com查看。账号为您的手机号，密码为手机号后四位。【壹打工网】 
2015-01-06 14:11:43  网络故障短信发送失败		短信内容：您好孟婷婷 ，您已成功加入到1+2事业平台，请登陆www.1dagong.com查看。账号为您的手机号，密码为手机号后四位。【壹打工网】 
2015-01-06 14:12:20  网络故障短信发送失败		短信内容：您好王如意 ，您已成功加入到1+2事业平台，请登陆www.1dagong.com查看。账号为您的手机号，密码为手机号后四位。【壹打工网】 
2015-01-06 14:12:53  网络故障短信发送失败		短信内容：您好张红  ，您已成功加入到1+2事业平台，请登陆www.1dagong.com查看。账号为您的手机号，密码为手机号后四位。【壹打工网】 
2015-01-06 14:20:33  网络故障短信发送失败		短信内容：您好龚红星 ，您已成功加入到1+2事业平台，请登陆www.1dagong.com查看。账号为您的手机号，密码为手机号后四位。【壹打工网】 
2015-01-06 14:21:00  网络故障短信发送失败		短信内容：您好张玲  ，您已成功加入到1+2事业平台，请登陆www.1dagong.com查看。账号为您的手机号，密码为手机号后四位。【壹打工网】 
2015-01-15 13:08:45  网络故障短信发送失败		短信内容：您好陆敏 ，您已成功加入到1+2事业平台，请登陆www.1dagong.com查看。账号为您的手机号，密码为手机号后四位。【壹打工网】 
2015-02-03 08:55:41  网络故障短信发送失败		短信内容：【壹打工网】尊敬的壹打工网会员：恭喜您参与的1+2事业平台账户已产生内荐奖金，请登陆网站申请提现。咨询电话4001185188 
2015-02-03 08:55:42  网络故障短信发送失败		短信内容：【壹打工网】尊敬的壹打工网会员：恭喜您参与的1+2事业平台账户已产生内荐奖金，请登陆网站申请提现。咨询电话4001185188 
2015-02-03 08:55:43  网络故障短信发送失败		短信内容：【壹打工网】尊敬的壹打工网会员：恭喜您参与的1+2事业平台账户已产生内荐奖金，请登陆网站申请提现。咨询电话4001185188 
2015-02-03 08:55:43  网络故障短信发送失败		短信内容：【壹打工网】尊敬的壹打工网会员：恭喜您参与的1+2事业平台账户已产生内荐奖金，请登陆网站申请提现。咨询电话4001185188 
2015-03-09 12:57:09  网络故障短信发送失败		短信内容：您好祁连伟 ，您已成功加入到1+2事业平台，请登陆www.1dagong.com查看。账号为您的手机号，密码为手机号后四位。【壹打工网】 
2015-04-02 10:22:31  网络故障短信发送失败		短信内容：【壹打工网】尊敬的壹打工网会员：恭喜您参与的1+2事业平台账户已产生内荐奖金，请登陆网站申请提现。咨询电话4001185188 
2015-04-02 10:22:33  网络故障短信发送失败		短信内容：【壹打工网】尊敬的壹打工网会员：恭喜您参与的1+2事业平台账户已产生内荐奖金，请登陆网站申请提现。咨询电话4001185188 
2015-04-02 10:22:34  网络故障短信发送失败		短信内容：【壹打工网】尊敬的壹打工网会员：恭喜您参与的1+2事业平台账户已产生内荐奖金，请登陆网站申请提现。咨询电话4001185188 
2015-04-02 10:22:34  网络故障短信发送失败		短信内容：【壹打工网】尊敬的壹打工网会员：恭喜您参与的1+2事业平台账户已产生内荐奖金，请登陆网站申请提现。咨询电话4001185188 
2015-04-09 14:50:47  网络故障短信发送失败		短信内容：您好舒芳德，您已成功加入到1+2事业平台，请登陆www.1dagong.com查看。账号为您的手机号，密码为手机号后四位。【壹打工网】 
2015-04-13 17:01:35  余额不足		短信内容：您好，你申请的提现已支付。【壹打工网】 
2015-04-15 11:43:44  余额不足		短信内容：您好，你申请的提现已支付。【壹打工网】 
2015-04-15 11:43:48  余额不足		短信内容：您好，你申请的提现已支付。【壹打工网】 
2015-04-15 11:43:51  余额不足		短信内容：您好，你申请的提现已支付。【壹打工网】 
2015-04-15 11:43:56  余额不足		短信内容：您好，你申请的提现已支付。【壹打工网】 
2015-04-15 11:43:59  余额不足		短信内容：您好，你申请的提现已支付。【壹打工网】 
2015-04-15 11:44:03  余额不足		短信内容：您好，你申请的提现已支付。【壹打工网】 
